#
# A fatal error has been detected by the Java Runtime Environment:
#
#  SIGSEGV (0xb) at pc=0x00007f5fed06a841, pid=2944, tid=140049969792768
#
# JRE version: 7.0_09
# Java VM: OpenJDK 64-Bit Server VM (23.2-b09 mixed mode linux-amd64 compressed oops)
# Problematic frame:
# V  [libjvm.so+0x535841]  AsyncGetCallTrace+0xdc821
#
# Failed to write core dump. Core dumps have been disabled. To enable core dumping, try "ulimit -c unlimited" before starting Java again
#
# If you would like to submit a bug report, please include
# instructions on how to reproduce the bug and visit:
#   http://icedtea.classpath.org/bugzilla
#

---------------  T H R E A D  ---------------

Current thread (0x00007f5fe8008000):  JavaThread "main" [_thread_in_vm, id=2949, stack(0x00007f5feca34000,0x00007f5fecb35000)]

siginfo:si_signo=SIGSEGV: si_errno=0, si_code=1 (SEGV_MAPERR), si_addr=0x0000000000000000

Registers:
RAX=0x00007f5fed3d5738, RBX=0x00007f5fe8008000, RCX=0x0000003bd38e496d, RDX=0x00007f5fed7df4d3
RSP=0x00007f5fecb33330, RBP=0x00007f5fecb33370, RSI=0x0000000000000006, RDI=0x00007f5fe8008000
R8 =0x00007f5fecb34700, R9 =0x0000000000000001, R10=0x0000003bd3bb1d2c, R11=0x0000000000000000
R12=0x00007f5fe80081d8, R13=0x0000000000000000, R14=0x00007f5fe8203fa0, R15=0x00007f5fe8008000
RIP=0x00007f5fed06a841, EFLAGS=0x0000000000010293, CSGSFS=0x0000000000000033, ERR=0x0000000000000004
  TRAPNO=0x000000000000000e

Top of Stack: (sp=0x00007f5fecb33330)
0x00007f5fecb33330:   00007f5fe8008000 00007f5fe8008bd8
0x00007f5fecb33340:   00007f5f00000d92 00007f5fed3d5738
0x00007f5fecb33350:   00007f5fe8203d00 00007f5fecb33408
0x00007f5fecb33360:   00000006fbcc92e8 00007f5fe8203fa0
0x00007f5fecb33370:   00007f5fe80081d8 00007f5fddefd845
0x00007f5fecb33380:   00007f5fe80081d8 0000000000000000
0x00007f5fecb33390:   00000006fbcc92e8 00007f5fecb337b0
0x00007f5fecb333a0:   0000000000000000 00007f5fddf0002c
0x00007f5fecb333b0:   00007f5fe50103a0 00007f5fe80087e0
0x00007f5fecb333c0:   00007f5fecb335b8 00007f5fe500eddb
0x00007f5fecb333d0:   00007f5fecb33430 00007f5fe80081d8
0x00007f5fecb333e0:   00007f5fe8204000 00007f5fe8204020
0x00007f5fecb333f0:   00007f5fecb33510 00007f5fecb337e0
0x00007f5fecb33400:   00007f5fecb337d0 00007f5fecb337d8
0x00007f5fecb33410:   00007f5fecb33510 00007f5fecb33510
0x00007f5fecb33420:   00007f5fecb334d0 0000000000000000
0x00007f5fecb33430:   00007f5fed7a9110 0000000000000000
0x00007f5fecb33440:   00007f5fe500eddb 00007f5fed059a44
0x00007f5fecb33450:   00007f5fecb334d0 00007f5fe84c7000
0x00007f5fecb33460:   00007f5fe500eddb 00007f5fed1f2fef
0x00007f5fecb33470:   00007f5f00000001 0000000000015338
0x00007f5fecb33480:   00007f5fed7a9110 00007f5fecb33560
0x00007f5fecb33490:   00007f5fecb33560 00007f5fe8006260
0x00007f5fecb334a0:   00007f5fe80077f0 000000000000004a
0x00007f5fecb334b0:   00007f5fecb334d0 00007f5feceba152
0x00007f5fecb334c0:   00007f5fe8008bd8 00007f5fe80a7870
0x00007f5fecb334d0:   00007f5fecb336f0 00007f5fed058781
0x00007f5fecb334e0:   00000007afe68108 00000007afe68108
0x00007f5fecb334f0:   00007f5fecb33510 00007f5fe8008bb8
0x00007f5fecb33500:   00007f5fe80087e0 00007f5fe80087d0
0x00007f5fecb33510:   00007f5fed7a1470 00007f5fe84c70d0
0x00007f5fecb33520:   00000002ecb33560 00007f5fecb334d8 

Instructions: (pc=0x00007f5fed06a841)
0x00007f5fed06a821:   00 48 89 5d c0 48 c7 45 c8 00 00 00 00 74 09 48
0x00007f5fed06a831:   8d 7d c0 e8 17 5b 21 00 90 48 8b 15 a7 48 74 00
0x00007f5fed06a841:   49 8b 45 00 80 3a 00 75 7e 48 8b 40 08 48 8b 70
0x00007f5fed06a851:   78 4c 89 e7 e8 d6 08 03 00 49 89 c5 90 48 83 7d 

Register to memory mapping:

RAX=0x00007f5fed3d5738: <offset 0x8a0738> in /usr/lib/jvm/java-1.7.0-openjdk-1.7.0.9.x86_64/jre/lib/amd64/server/libjvm.so at 0x00007f5fecb35000
RBX=0x00007f5fe8008000 is a thread
RCX=0x0000003bd38e496d: __write+0x2d in /lib64/libc.so.6 at 0x0000003bd3800000
RDX=0x00007f5fed7df4d3: <offset 0xcaa4d3> in /usr/lib/jvm/java-1.7.0-openjdk-1.7.0.9.x86_64/jre/lib/amd64/server/libjvm.so at 0x00007f5fecb35000
RSP=0x00007f5fecb33330 is pointing into the stack for thread: 0x00007f5fe8008000
RBP=0x00007f5fecb33370 is pointing into the stack for thread: 0x00007f5fe8008000
RSI=0x0000000000000006 is an unknown value
RDI=0x00007f5fe8008000 is a thread
R8 =0x00007f5fecb34700 is pointing into the stack for thread: 0x00007f5fe8008000
R9 =0x0000000000000001 is an unknown value
R10=0x0000003bd3bb1d2c: <offset 0x3b1d2c> in /lib64/libc.so.6 at 0x0000003bd3800000
R11=0x0000000000000000 is an unknown value
R12=0x00007f5fe80081d8 is an unknown value
R13=0x0000000000000000 is an unknown value
R14=0x00007f5fe8203fa0 is an unknown value
R15=0x00007f5fe8008000 is a thread


Stack: [0x00007f5feca34000,0x00007f5fecb35000],  sp=0x00007f5fecb33330,  free space=1020k
Native frames: (J=compiled Java code, j=interpreted, Vv=VM code, C=native code)
V  [libjvm.so+0x535841]  AsyncGetCallTrace+0xdc821

Java frames: (J=compiled Java code, j=interpreted, Vv=VM code)
j  jnisvmlight.SVMLightInterface.trainmodel([Ljnisvmlight/LabeledFeatureVector;Ljnisvmlight/TrainingParameters;)Ljnisvmlight/SVMLightModel;+0
j  jnisvmlight.SVMLightInterface.trainModel([Ljnisvmlight/LabeledFeatureVector;Ljnisvmlight/TrainingParameters;)Ljnisvmlight/SVMLightModel;+22
j  org.zoneproject.extractor.plugin.categorization_svm.svm.SVMLearn.learn()V+221
j  org.zoneproject.extractor.plugin.categorization_svm.Install.main([Ljava/lang/String;)V+339
v  ~StubRoutines::call_stub

---------------  P R O C E S S  ---------------

Java Threads: ( => current thread )
  0x00007f5fe810f000 JavaThread "Service Thread" daemon [_thread_blocked, id=2960, stack(0x00007f5fde7bb000,0x00007f5fde8bc000)]
  0x00007f5fe810c800 JavaThread "C2 CompilerThread1" daemon [_thread_blocked, id=2959, stack(0x00007f5fde8bc000,0x00007f5fde9bd000)]
  0x00007f5fe8109800 JavaThread "C2 CompilerThread0" daemon [_thread_blocked, id=2958, stack(0x00007f5fde9bd000,0x00007f5fdeabe000)]
  0x00007f5fe8107800 JavaThread "Signal Dispatcher" daemon [_thread_blocked, id=2957, stack(0x00007f5fdeabe000,0x00007f5fdebbf000)]
  0x00007f5fe80b0800 JavaThread "Finalizer" daemon [_thread_blocked, id=2956, stack(0x00007f5fdebbf000,0x00007f5fdecc0000)]
  0x00007f5fe80ae000 JavaThread "Reference Handler" daemon [_thread_blocked, id=2955, stack(0x00007f5fdecc0000,0x00007f5fdedc1000)]
=>0x00007f5fe8008000 JavaThread "main" [_thread_in_vm, id=2949, stack(0x00007f5feca34000,0x00007f5fecb35000)]

Other Threads:
  0x00007f5fe80a6000 VMThread [stack: 0x00007f5fdedc1000,0x00007f5fdeec2000] [id=2954]
  0x00007f5fe8119800 WatcherThread [stack: 0x00007f5fde6ba000,0x00007f5fde7bb000] [id=2961]

VM state:not at safepoint (normal execution)

VM Mutex/Monitor currently owned by a thread: None

Heap
 PSYoungGen      total 411968K, used 66372K [0x00000007ac760000, 0x00000007ccb20000, 0x0000000800000000)
  eden space 322816K, 19% used [0x00000007ac760000,0x00000007b0411d20,0x00000007c02a0000)
  from space 89152K, 4% used [0x00000007c7410000,0x00000007c782f488,0x00000007ccb20000)
  to   space 102656K, 0% used [0x00000007c02a0000,0x00000007c02a0000,0x00000007c66e0000)
 ParOldGen       total 364032K, used 173231K [0x0000000705600000, 0x000000071b980000, 0x00000007ac760000)
  object space 364032K, 47% used [0x0000000705600000,0x000000070ff2bf40,0x000000071b980000)
 PSPermGen       total 26496K, used 13141K [0x00000006fb000000, 0x00000006fc9e0000, 0x0000000705600000)
  object space 26496K, 49% used [0x00000006fb000000,0x00000006fbcd5570,0x00000006fc9e0000)

Card table byte_map: [0x00007f5fe47d7000,0x00007f5fe5000000] byte_map_base: 0x00007f5fe0fff000

Polling page: 0x00007f5fed838000

Code Cache  [0x00007f5fe5000000, 0x00007f5fe5270000, 0x00007f5fe8000000)
 total_blobs=645 nmethods=364 adapters=233 free_code_cache=47702Kb largest_free_block=48793088

Compilation events (10 events):
Event: 7.350 Thread 0x00007f5fe810c800  365             java.util.regex.Pattern::closure (477 bytes)
Event: 7.361 Thread 0x00007f5fe810c800 nmethod 365 0x00007f5fe50d3ed0 code [0x00007f5fe50d4280, 0x00007f5fe50d50f0]
Event: 7.367 Thread 0x00007f5fe8109800  366             java.lang.String::toString (2 bytes)
Event: 7.367 Thread 0x00007f5fe8109800 nmethod 366 0x00007f5fe50d3cd0 code [0x00007f5fe50d3e00, 0x00007f5fe50d3e58]
Event: 7.479 Thread 0x00007f5fe8109800  367             java.lang.Math::min (46 bytes)
Event: 7.480 Thread 0x00007f5fe8109800 nmethod 367 0x00007f5fe5169250 code [0x00007f5fe51693a0, 0x00007f5fe5169438]
Event: 7.540 Thread 0x00007f5fe8109800  368             java.util.regex.Pattern$CharProperty::study (29 bytes)
Event: 7.541 Thread 0x00007f5fe8109800 nmethod 368 0x00007f5fe50cd110 code [0x00007f5fe50cd260, 0x00007f5fe50cd2f8]
Event: 7.670 Thread 0x00007f5fe8109800  369             java.util.HashSet::contains (9 bytes)
Event: 7.673 Thread 0x00007f5fe8109800 nmethod 369 0x00007f5fe50b8b90 code [0x00007f5fe50b8d00, 0x00007f5fe50b8f68]

GC Heap History (10 events):
Event: 1.624 GC heap before
{Heap before GC invocations=3 (full 0):
 PSYoungGen      total 138944K, used 138915K [0x00000007ac760000, 0x00000007b5980000, 0x0000000800000000)
  eden space 128256K, 100% used [0x00000007ac760000,0x00000007b44a0000,0x00000007b44a0000)
  from space 10688K, 99% used [0x00000007b4f10000,0x00000007b5978ea0,0x00000007b5980000)
  to   space 10688K, 0% used [0x00000007b44a0000,0x00000007b44a0000,0x00000007b4f10000)
 ParOldGen       total 171072K, used 48610K [0x0000000705600000, 0x000000070fd10000, 0x00000007ac760000)
  object space 171072K, 28% used [0x0000000705600000,0x0000000708578998,0x000000070fd10000)
 PSPermGen       total 21248K, used 11791K [0x00000006fb000000, 0x00000006fc4c0000, 0x0000000705600000)
  object space 21248K, 55% used [0x00000006fb000000,0x00000006fbb83e38,0x00000006fc4c0000)
Event: 1.715 GC heap after
Heap after GC invocations=3 (full 0):
 PSYoungGen      total 138944K, used 10675K [0x00000007ac760000, 0x00000007bd6c0000, 0x0000000800000000)
  eden space 128256K, 0% used [0x00000007ac760000,0x00000007ac760000,0x00000007b44a0000)
  from space 10688K, 99% used [0x00000007b44a0000,0x00000007b4f0ceb0,0x00000007b4f10000)
  to   space 10688K, 0% used [0x00000007bcc50000,0x00000007bcc50000,0x00000007bd6c0000)
 ParOldGen       total 171072K, used 96994K [0x0000000705600000, 0x000000070fd10000, 0x00000007ac760000)
  object space 171072K, 56% used [0x0000000705600000,0x000000070b4b8998,0x000000070fd10000)
 PSPermGen       total 21248K, used 11791K [0x00000006fb000000, 0x00000006fc4c0000, 0x0000000705600000)
  object space 21248K, 55% used [0x00000006fb000000,0x00000006fbb83e38,0x00000006fc4c0000)
}
Event: 2.566 GC heap before
{Heap before GC invocations=4 (full 0):
 PSYoungGen      total 138944K, used 138931K [0x00000007ac760000, 0x00000007bd6c0000, 0x0000000800000000)
  eden space 128256K, 100% used [0x00000007ac760000,0x00000007b44a0000,0x00000007b44a0000)
  from space 10688K, 99% used [0x00000007b44a0000,0x00000007b4f0ceb0,0x00000007b4f10000)
  to   space 10688K, 0% used [0x00000007bcc50000,0x00000007bcc50000,0x00000007bd6c0000)
 ParOldGen       total 171072K, used 96994K [0x0000000705600000, 0x000000070fd10000, 0x00000007ac760000)
  object space 171072K, 56% used [0x0000000705600000,0x000000070b4b8998,0x000000070fd10000)
 PSPermGen       total 21248K, used 12987K [0x00000006fb000000, 0x00000006fc4c0000, 0x0000000705600000)
  object space 21248K, 61% used [0x00000006fb000000,0x00000006fbcaeca8,0x00000006fc4c0000)
Event: 2.789 GC heap after
Heap after GC invocations=4 (full 0):
 PSYoungGen      total 267200K, used 10661K [0x00000007ac760000, 0x00000007bd6c0000, 0x0000000800000000)
  eden space 256512K, 0% used [0x00000007ac760000,0x00000007ac760000,0x00000007bc1e0000)
  from space 10688K, 99% used [0x00000007bcc50000,0x00000007bd6b94b0,0x00000007bd6c0000)
  to   space 10688K, 0% used [0x00000007bc1e0000,0x00000007bc1e0000,0x00000007bcc50000)
 ParOldGen       total 173760K, used 173228K [0x0000000705600000, 0x000000070ffb0000, 0x00000007ac760000)
  object space 173760K, 99% used [0x0000000705600000,0x000000070ff2b0d8,0x000000070ffb0000)
 PSPermGen       total 21248K, used 12987K [0x00000006fb000000, 0x00000006fc4c0000, 0x0000000705600000)
  object space 21248K, 61% used [0x00000006fb000000,0x00000006fbcaeca8,0x00000006fc4c0000)
}
Event: 2.789 GC heap before
{Heap before GC invocations=5 (full 1):
 PSYoungGen      total 267200K, used 10661K [0x00000007ac760000, 0x00000007bd6c0000, 0x0000000800000000)
  eden space 256512K, 0% used [0x00000007ac760000,0x00000007ac760000,0x00000007bc1e0000)
  from space 10688K, 99% used [0x00000007bcc50000,0x00000007bd6b94b0,0x00000007bd6c0000)
  to   space 10688K, 0% used [0x00000007bc1e0000,0x00000007bc1e0000,0x00000007bcc50000)
 ParOldGen       total 173760K, used 173228K [0x0000000705600000, 0x000000070ffb0000, 0x00000007ac760000)
  object space 173760K, 99% used [0x0000000705600000,0x000000070ff2b0d8,0x000000070ffb0000)
 PSPermGen       total 21248K, used 12987K [0x00000006fb000000, 0x00000006fc4c0000, 0x0000000705600000)
  object space 21248K, 61% used [0x00000006fb000000,0x00000006fbcaeca8,0x00000006fc4c0000)
Event: 3.930 GC heap after
Heap after GC invocations=5 (full 1):
 PSYoungGen      total 267200K, used 2813K [0x00000007ac760000, 0x00000007bd6c0000, 0x0000000800000000)
  eden space 256512K, 0% used [0x00000007ac760000,0x00000007ac760000,0x00000007bc1e0000)
  from space 10688K, 26% used [0x00000007bcc50000,0x00000007bcf0f420,0x00000007bd6c0000)
  to   space 10688K, 0% used [0x00000007bc1e0000,0x00000007bc1e0000,0x00000007bcc50000)
 ParOldGen       total 364032K, used 173223K [0x0000000705600000, 0x000000071b980000, 0x00000007ac760000)
  object space 364032K, 47% used [0x0000000705600000,0x000000070ff29f40,0x000000071b980000)
 PSPermGen       total 26496K, used 12979K [0x00000006fb000000, 0x00000006fc9e0000, 0x0000000705600000)
  object space 26496K, 48% used [0x00000006fb000000,0x00000006fbcacd60,0x00000006fc9e0000)
}
Event: 5.830 GC heap before
{Heap before GC invocations=6 (full 1):
 PSYoungGen      total 267200K, used 259325K [0x00000007ac760000, 0x00000007bd6c0000, 0x0000000800000000)
  eden space 256512K, 100% used [0x00000007ac760000,0x00000007bc1e0000,0x00000007bc1e0000)
  from space 10688K, 26% used [0x00000007bcc50000,0x00000007bcf0f420,0x00000007bd6c0000)
  to   space 10688K, 0% used [0x00000007bc1e0000,0x00000007bc1e0000,0x00000007bcc50000)
 ParOldGen       total 364032K, used 173223K [0x0000000705600000, 0x000000071b980000, 0x00000007ac760000)
  object space 364032K, 47% used [0x0000000705600000,0x000000070ff29f40,0x000000071b980000)
 PSPermGen       total 26496K, used 13055K [0x00000006fb000000, 0x00000006fc9e0000, 0x0000000705600000)
  object space 26496K, 49% used [0x00000006fb000000,0x00000006fbcbfea8,0x00000006fc9e0000)
Event: 5.880 GC heap after
Heap after GC invocations=6 (full 1):
 PSYoungGen      total 267200K, used 3683K [0x00000007ac760000, 0x00000007cd800000, 0x0000000800000000)
  eden space 256512K, 0% used [0x00000007ac760000,0x00000007ac760000,0x00000007bc1e0000)
  from space 10688K, 34% used [0x00000007bc1e0000,0x00000007bc578c38,0x00000007bcc50000)
  to   space 102336K, 0% used [0x00000007c7410000,0x00000007c7410000,0x00000007cd800000)
 ParOldGen       total 364032K, used 173231K [0x0000000705600000, 0x000000071b980000, 0x00000007ac760000)
  object space 364032K, 47% used [0x0000000705600000,0x000000070ff2bf40,0x000000071b980000)
 PSPermGen       total 26496K, used 13055K [0x00000006fb000000, 0x00000006fc9e0000, 0x0000000705600000)
  object space 26496K, 49% used [0x00000006fb000000,0x00000006fbcbfea8,0x00000006fc9e0000)
}
Event: 7.520 GC heap before
{Heap before GC invocations=7 (full 1):
 PSYoungGen      total 267200K, used 260195K [0x00000007ac760000, 0x00000007cd800000, 0x0000000800000000)
  eden space 256512K, 100% used [0x00000007ac760000,0x00000007bc1e0000,0x00000007bc1e0000)
  from space 10688K, 34% used [0x00000007bc1e0000,0x00000007bc578c38,0x00000007bcc50000)
  to   space 102336K, 0% used [0x00000007c7410000,0x00000007c7410000,0x00000007cd800000)
 ParOldGen       total 364032K, used 173231K [0x0000000705600000, 0x000000071b980000, 0x00000007ac760000)
  object space 364032K, 47% used [0x0000000705600000,0x000000070ff2bf40,0x000000071b980000)
 PSPermGen       total 26496K, used 13074K [0x00000006fb000000, 0x00000006fc9e0000, 0x0000000705600000)
  object space 26496K, 49% used [0x00000006fb000000,0x00000006fbcc4828,0x00000006fc9e0000)
Event: 7.535 GC heap after
Heap after GC invocations=7 (full 1):
 PSYoungGen      total 411968K, used 4221K [0x00000007ac760000, 0x00000007ccb20000, 0x0000000800000000)
  eden space 322816K, 0% used [0x00000007ac760000,0x00000007ac760000,0x00000007c02a0000)
  from space 89152K, 4% used [0x00000007c7410000,0x00000007c782f488,0x00000007ccb20000)
  to   space 102656K, 0% used [0x00000007c02a0000,0x00000007c02a0000,0x00000007c66e0000)
 ParOldGen       total 364032K, used 173231K [0x0000000705600000, 0x000000071b980000, 0x00000007ac760000)
  object space 364032K, 47% used [0x0000000705600000,0x000000070ff2bf40,0x000000071b980000)
 PSPermGen       total 26496K, used 13074K [0x00000006fb000000, 0x00000006fc9e0000, 0x0000000705600000)
  object space 26496K, 49% used [0x00000006fb000000,0x00000006fbcc4828,0x00000006fc9e0000)
}

Deoptimization events (10 events):
Event: 4.138 Thread 0x00007f5fe8008000 Uncommon trap -34 fr.pc 0x00007f5fe5128cb0
Event: 4.138 Thread 0x00007f5fe8008000 Uncommon trap -34 fr.pc 0x00007f5fe5128cb0
Event: 4.492 Thread 0x00007f5fe8008000 Uncommon trap -34 fr.pc 0x00007f5fe5128cb0
Event: 5.132 Thread 0x00007f5fe8008000 Uncommon trap 56 fr.pc 0x00007f5fe50db700
Event: 6.337 Thread 0x00007f5fe8008000 Uncommon trap -34 fr.pc 0x00007f5fe5128084
Event: 7.029 Thread 0x00007f5fe8008000 Uncommon trap -34 fr.pc 0x00007f5fe5131b34
Event: 7.029 Thread 0x00007f5fe8008000 Uncommon trap -34 fr.pc 0x00007f5fe5131b34
Event: 8.024 Thread 0x00007f5fe8008000 Uncommon trap -34 fr.pc 0x00007f5fe507a220
Event: 8.024 Thread 0x00007f5fe8008000 Uncommon trap -34 fr.pc 0x00007f5fe507a220
Event: 8.026 Thread 0x00007f5fe8008000 Uncommon trap -34 fr.pc 0x00007f5fe50905a4

Internal exceptions (10 events):
Event: 8.027 Thread 0x00007f5fe8008000 Threw 0x00000007afe5c3e0 at /builddir/build/BUILD/java-1.7.0-openjdk/openjdk/hotspot/src/share/vm/prims/jvm.cpp:1166
Event: 8.027 Thread 0x00007f5fe8008000 Threw 0x00000007afe62ac0 at /builddir/build/BUILD/java-1.7.0-openjdk/openjdk/hotspot/src/share/vm/prims/jvm.cpp:1166
Event: 8.028 Thread 0x00007f5fe8008000 Threw 0x00000007afe68758 at /builddir/build/BUILD/java-1.7.0-openjdk/openjdk/hotspot/src/share/vm/prims/jvm.cpp:1166
Event: 8.029 Thread 0x00007f5fe8008000 Threw 0x00000007afe71ee0 at /builddir/build/BUILD/java-1.7.0-openjdk/openjdk/hotspot/src/share/vm/prims/jvm.cpp:1166
Event: 8.029 Thread 0x00007f5fe8008000 Threw 0x00000007afe772d8 at /builddir/build/BUILD/java-1.7.0-openjdk/openjdk/hotspot/src/share/vm/prims/jvm.cpp:1166
Event: 8.029 Thread 0x00007f5fe8008000 Threw 0x00000007afe7cd68 at /builddir/build/BUILD/java-1.7.0-openjdk/openjdk/hotspot/src/share/vm/prims/jvm.cpp:1166
Event: 8.030 Thread 0x00007f5fe8008000 Threw 0x00000007afe833d8 at /builddir/build/BUILD/java-1.7.0-openjdk/openjdk/hotspot/src/share/vm/prims/jvm.cpp:1166
Event: 8.030 Thread 0x00007f5fe8008000 Threw 0x00000007afe88f98 at /builddir/build/BUILD/java-1.7.0-openjdk/openjdk/hotspot/src/share/vm/prims/jvm.cpp:1166
Event: 8.031 Thread 0x00007f5fe8008000 Threw 0x00000007afe8f5d8 at /builddir/build/BUILD/java-1.7.0-openjdk/openjdk/hotspot/src/share/vm/prims/jvm.cpp:1166
Event: 8.031 Thread 0x00007f5fe8008000 Threw 0x00000007afe950f0 at /builddir/build/BUILD/java-1.7.0-openjdk/openjdk/hotspot/src/share/vm/prims/jni.cpp:3474

Events (10 events):
Event: 8.029 loading class 0x00007f5fe8204260
Event: 8.029 loading class 0x00007f5fe8204260 done
Event: 8.029 loading class 0x00007f5fe8204290
Event: 8.029 loading class 0x00007f5fe8204290 done
Event: 8.030 loading class 0x00007f5fe82049f0
Event: 8.030 loading class 0x00007f5fe82049f0 done
Event: 8.030 loading class 0x00007f5fe82042c0
Event: 8.030 loading class 0x00007f5fe82042c0 done
Event: 8.031 loading class 0x00007f5fe82042f0
Event: 8.031 loading class 0x00007f5fe82042f0 done


Dynamic libraries:
00400000-00401000 r-xp 00000000 08:05 281692                             /usr/lib/jvm/java-1.7.0-openjdk-1.7.0.9.x86_64/bin/java
00600000-00602000 rw-p 00000000 08:05 281692                             /usr/lib/jvm/java-1.7.0-openjdk-1.7.0.9.x86_64/bin/java
00ce2000-00d03000 rw-p 00000000 00:00 0                                  [heap]
6fb000000-6fc9e0000 rw-p 00000000 00:00 0 
6fc9e0000-705600000 rw-p 00000000 00:00 0 
705600000-71b980000 rw-p 00000000 00:00 0 
71b980000-7ac760000 rw-p 00000000 00:00 0 
7ac760000-7ccb20000 rw-p 00000000 00:00 0 
7ccb20000-7cd800000 ---p 00000000 00:00 0 
7cd800000-800000000 rw-p 00000000 00:00 0 
3bd3000000-3bd3020000 r-xp 00000000 08:05 1443652                        /usr/lib64/ld-2.15.so
3bd321f000-3bd3220000 r--p 0001f000 08:05 1443652                        /usr/lib64/ld-2.15.so
3bd3220000-3bd3221000 rw-p 00020000 08:05 1443652                        /usr/lib64/ld-2.15.so
3bd3221000-3bd3222000 rw-p 00000000 00:00 0 
3bd3400000-3bd340c000 r-xp 00000000 08:05 296284                         /usr/lib/jvm/java-1.7.0-openjdk-1.7.0.9.x86_64/jre/lib/amd64/jli/libjli.so
3bd340c000-3bd360c000 ---p 0000c000 08:05 296284                         /usr/lib/jvm/java-1.7.0-openjdk-1.7.0.9.x86_64/jre/lib/amd64/jli/libjli.so
3bd360c000-3bd360d000 rw-p 0000c000 08:05 296284                         /usr/lib/jvm/java-1.7.0-openjdk-1.7.0.9.x86_64/jre/lib/amd64/jli/libjli.so
3bd3800000-3bd39ac000 r-xp 00000000 08:05 1456108                        /usr/lib64/libc-2.15.so
3bd39ac000-3bd3bac000 ---p 001ac000 08:05 1456108                        /usr/lib64/libc-2.15.so
3bd3bac000-3bd3bb0000 r--p 001ac000 08:05 1456108                        /usr/lib64/libc-2.15.so
3bd3bb0000-3bd3bb2000 rw-p 001b0000 08:05 1456108                        /usr/lib64/libc-2.15.so
3bd3bb2000-3bd3bb7000 rw-p 00000000 00:00 0 
3bd3c00000-3bd3cfa000 r-xp 00000000 08:05 1464206                        /usr/lib64/libm-2.15.so
3bd3cfa000-3bd3ef9000 ---p 000fa000 08:05 1464206                        /usr/lib64/libm-2.15.so
3bd3ef9000-3bd3efa000 r--p 000f9000 08:05 1464206                        /usr/lib64/libm-2.15.so
3bd3efa000-3bd3efb000 rw-p 000fa000 08:05 1464206                        /usr/lib64/libm-2.15.so
3bd4000000-3bd4003000 r-xp 00000000 08:05 1482231                        /usr/lib64/libdl-2.15.so
3bd4003000-3bd4202000 ---p 00003000 08:05 1482231                        /usr/lib64/libdl-2.15.so
3bd4202000-3bd4203000 r--p 00002000 08:05 1482231                        /usr/lib64/libdl-2.15.so
3bd4203000-3bd4204000 rw-p 00003000 08:05 1482231                        /usr/lib64/libdl-2.15.so
3bd4400000-3bd4416000 r-xp 00000000 08:05 1484759                        /usr/lib64/libpthread-2.15.so
3bd4416000-3bd4616000 ---p 00016000 08:05 1484759                        /usr/lib64/libpthread-2.15.so
3bd4616000-3bd4617000 r--p 00016000 08:05 1484759                        /usr/lib64/libpthread-2.15.so
3bd4617000-3bd4618000 rw-p 00017000 08:05 1484759                        /usr/lib64/libpthread-2.15.so
3bd4618000-3bd461c000 rw-p 00000000 00:00 0 
3bd4800000-3bd4807000 r-xp 00000000 08:05 1482585                        /usr/lib64/librt-2.15.so
3bd4807000-3bd4a06000 ---p 00007000 08:05 1482585                        /usr/lib64/librt-2.15.so
3bd4a06000-3bd4a07000 r--p 00006000 08:05 1482585                        /usr/lib64/librt-2.15.so
3bd4a07000-3bd4a08000 rw-p 00007000 08:05 1482585                        /usr/lib64/librt-2.15.so
3bd4c00000-3bd4c17000 r-xp 00000000 08:05 1443887                        /usr/lib64/libz.so.1.2.5
3bd4c17000-3bd4e16000 ---p 00017000 08:05 1443887                        /usr/lib64/libz.so.1.2.5
3bd4e16000-3bd4e17000 rw-p 00016000 08:05 1443887                        /usr/lib64/libz.so.1.2.5
3bd5000000-3bd5015000 r-xp 00000000 08:05 1484924                        /usr/lib64/libgcc_s-4.7.2-20120921.so.1
3bd5015000-3bd5214000 ---p 00015000 08:05 1484924                        /usr/lib64/libgcc_s-4.7.2-20120921.so.1
3bd5214000-3bd5215000 rw-p 00014000 08:05 1484924                        /usr/lib64/libgcc_s-4.7.2-20120921.so.1
3bd7000000-3bd70e5000 r-xp 00000000 08:05 1484927                        /usr/lib64/libstdc++.so.6.0.17
3bd70e5000-3bd72e4000 ---p 000e5000 08:05 1484927                        /usr/lib64/libstdc++.so.6.0.17
3bd72e4000-3bd72ec000 r--p 000e4000 08:05 1484927                        /usr/lib64/libstdc++.so.6.0.17
3bd72ec000-3bd72ee000 rw-p 000ec000 08:05 1484927                        /usr/lib64/libstdc++.so.6.0.17
3bd72ee000-3bd7303000 rw-p 00000000 00:00 0 
7f5f94000000-7f5f94021000 rw-p 00000000 00:00 0 
7f5f94021000-7f5f98000000 ---p 00000000 00:00 0 
7f5f98000000-7f5f98021000 rw-p 00000000 00:00 0 
7f5f98021000-7f5f9c000000 ---p 00000000 00:00 0 
7f5f9c000000-7f5f9c893000 rw-p 00000000 00:00 0 
7f5f9c893000-7f5fa0000000 ---p 00000000 00:00 0 
7f5fa0000000-7f5fa1822000 rw-p 00000000 00:00 0 
7f5fa1822000-7f5fa4000000 ---p 00000000 00:00 0 
7f5fa4000000-7f5fa4021000 rw-p 00000000 00:00 0 
7f5fa4021000-7f5fa8000000 ---p 00000000 00:00 0 
7f5fa9bd3000-7f5fb0000000 r--p 00000000 08:05 1455094                    /usr/lib/locale/locale-archive
7f5fb0000000-7f5fb0021000 rw-p 00000000 00:00 0 
7f5fb0021000-7f5fb4000000 ---p 00000000 00:00 0 
7f5fb4000000-7f5fb4021000 rw-p 00000000 00:00 0 
7f5fb4021000-7f5fb8000000 ---p 00000000 00:00 0 
7f5fb8000000-7f5fb8021000 rw-p 00000000 00:00 0 
7f5fb8021000-7f5fbc000000 ---p 00000000 00:00 0 
7f5fbfd80000-7f5fc8000000 rw-p 00000000 00:00 0 
7f5fc8000000-7f5fc8021000 rw-p 00000000 00:00 0 
7f5fc8021000-7f5fcc000000 ---p 00000000 00:00 0 
7f5fd0000000-7f5fd0021000 rw-p 00000000 00:00 0 
7f5fd0021000-7f5fd4000000 ---p 00000000 00:00 0 
7f5fd5f60000-7f5fd8000000 rw-p 00000000 00:00 0 
7f5fd8000000-7f5fd8021000 rw-p 00000000 00:00 0 
7f5fd8021000-7f5fdc000000 ---p 00000000 00:00 0 
7f5fddee4000-7f5fddf08000 r-xp 00000000 08:07 8127737                    /home/cdesclau/Work/v2/ZONE-extractor/ZONE-plugin-categorization_SVM/libsvmlight.so
7f5fddf08000-7f5fde107000 ---p 00024000 08:07 8127737                    /home/cdesclau/Work/v2/ZONE-extractor/ZONE-plugin-categorization_SVM/libsvmlight.so
7f5fde107000-7f5fde108000 r--p 00023000 08:07 8127737                    /home/cdesclau/Work/v2/ZONE-extractor/ZONE-plugin-categorization_SVM/libsvmlight.so
7f5fde108000-7f5fde109000 rw-p 00024000 08:07 8127737                    /home/cdesclau/Work/v2/ZONE-extractor/ZONE-plugin-categorization_SVM/libsvmlight.so
7f5fde109000-7f5fde13a000 rw-p 00000000 00:00 0 
7f5fde13a000-7f5fde150000 r-xp 00000000 08:05 281790                     /usr/lib/jvm/java-1.7.0-openjdk-1.7.0.9.x86_64/jre/lib/amd64/libnet.so
7f5fde150000-7f5fde350000 ---p 00016000 08:05 281790                     /usr/lib/jvm/java-1.7.0-openjdk-1.7.0.9.x86_64/jre/lib/amd64/libnet.so
7f5fde350000-7f5fde351000 rw-p 00016000 08:05 281790                     /usr/lib/jvm/java-1.7.0-openjdk-1.7.0.9.x86_64/jre/lib/amd64/libnet.so
7f5fde351000-7f5fde362000 r-xp 00000000 08:05 281793                     /usr/lib/jvm/java-1.7.0-openjdk-1.7.0.9.x86_64/jre/lib/amd64/libnio.so
7f5fde362000-7f5fde561000 ---p 00011000 08:05 281793                     /usr/lib/jvm/java-1.7.0-openjdk-1.7.0.9.x86_64/jre/lib/amd64/libnio.so
7f5fde561000-7f5fde562000 rw-p 00010000 08:05 281793                     /usr/lib/jvm/java-1.7.0-openjdk-1.7.0.9.x86_64/jre/lib/amd64/libnio.so
7f5fde562000-7f5fde567000 r--s 0003f000 08:07 8257813                    /home/cdesclau/.m2/repository/org/jsoup/jsoup/1.7.1/jsoup-1.7.1.jar
7f5fde58a000-7f5fde593000 r--s 0006d000 08:07 2884413                    /home/cdesclau/.m2/repository/log4j/log4j/1.2.16/log4j-1.2.16.jar
7f5fde593000-7f5fde594000 r--s 00003000 08:07 6030466                    /home/cdesclau/.m2/repository/jnisvmlight/jnisvmlight/1.0/jnisvmlight-1.0.jar
7f5fde594000-7f5fde597000 r--s 0002b000 08:07 7734379                    /home/cdesclau/.m2/repository/virtjdbc3/virtjdbc3/1.6/virtjdbc3-1.6.jar
7f5fde597000-7f5fde599000 r--s 00007000 08:07 7734214                    /home/cdesclau/.m2/repository/virt_jena/virt_jena/1.6/virt_jena-1.6.jar
7f5fde599000-7f5fde59a000 r--s 00005000 08:07 6818288                    /home/cdesclau/.m2/repository/com/googlecode/json-simple/json-simple/1.1.1/json-simple-1.1.1.jar
7f5fde59a000-7f5fde59d000 r--s 00023000 08:07 6030184                    /home/cdesclau/.m2/repository/jdom/jdom/1.0/jdom-1.0.jar
7f5fde59d000-7f5fde5a1000 r--s 0002f000 08:07 6161009                    /home/cdesclau/.m2/repository/rome/rome/0.9/rome-0.9.jar
7f5fde5a1000-7f5fde5a2000 r--s 00005000 08:07 7734512                    /home/cdesclau/.m2/repository/org/slf4j/slf4j-api/1.5.8/slf4j-api-1.5.8.jar
7f5fde5a2000-7f5fde5ae000 r--s 00097000 08:07 7734509                    /home/cdesclau/.m2/repository/org/apache/lucene/lucene-core/2.3.1/lucene-core-2.3.1.jar
7f5fde5ae000-7f5fde5b0000 r--s 00005000 08:07 2885494                    /home/cdesclau/.m2/repository/stax/stax-api/1.0.1/stax-api-1.0.1.jar
7f5fde5b0000-7f5fde5b6000 r--s 0007a000 08:07 7734507                    /home/cdesclau/.m2/repository/org/codehaus/woodstox/wstx-asl/3.2.9/wstx-asl-3.2.9.jar
7f5fde5b6000-7f5fde5b9000 r--s 00023000 08:07 7734505                    /home/cdesclau/.m2/repository/com/hp/hpl/jena/iri/0.8/iri-0.8.jar
7f5fde5b9000-7f5fde5ba000 r--s 00002000 08:07 7734503                    /home/cdesclau/.m2/repository/org/slf4j/slf4j-log4j12/1.5.8/slf4j-log4j12-1.5.8.jar
7f5fde5ba000-7f5fde5d3000 r--s 002fd000 08:07 7734500                    /home/cdesclau/.m2/repository/com/ibm/icu/icu4j/3.4.4/icu4j-3.4.4.jar
7f5fde5d3000-7f5fde5f6000 r--s 001ad000 08:07 7734498                    /home/cdesclau/.m2/repository/com/hp/hpl/jena/jena/2.6.3/jena-2.6.3.jar
7f5fde5f6000-7f5fde61f000 r--s 001e6000 08:07 7734501                    /home/cdesclau/.m2/repository/com/hp/hpl/jena/arq/2.8.6/arq-2.8.6.jar
7f5fde61f000-7f5fde623000 r--s 0002e000 08:07 2754266                    /home/cdesclau/.m2/repository/org/codehaus/jackson/jackson-core-asl/1.6.1/jackson-core-asl-1.6.1.jar
7f5fde623000-7f5fde62e000 r--s 0007a000 08:07 2754274                    /home/cdesclau/.m2/repository/org/codehaus/jackson/jackson-mapper-asl/1.6.1/jackson-mapper-asl-1.6.1.jar
7f5fde62e000-7f5fde630000 r--s 0806f000 08:07 6816206                    /home/cdesclau/.m2/repository/stanford-corenlp-models/stanford-corenlp-models/1.3.4/stanford-corenlp-models-1.3.4.jar
7f5fde630000-7f5fde66a000 r--s 003f3000 08:07 6816205                    /home/cdesclau/.m2/repository/stanford-corenlp/stanford-corenlp/1.3.4/stanford-corenlp-1.3.4.jar
7f5fde66a000-7f5fde688000 r--s 0027d000 08:07 2885476                    /home/cdesclau/.m2/repository/xalan/xalan/2.7.0/xalan-2.7.0.jar
7f5fde688000-7f5fde69f000 r--s 00110000 08:07 6029796                    /home/cdesclau/.m2/repository/xerces/xercesImpl/2.8.0/xercesImpl-2.8.0.jar
7f5fde69f000-7f5fde6a7000 r--s 00028000 08:07 6161649                    /home/cdesclau/.m2/repository/xml-apis/xml-apis/1.3.03/xml-apis-1.3.03.jar
7f5fde6a7000-7f5fde6ae000 r--s 00045000 08:07 2885477                    /home/cdesclau/.m2/repository/xom/xom/1.2.5/xom-1.2.5.jar
7f5fde6ae000-7f5fde6b1000 r--s 0000f000 08:05 295265                     /usr/lib/jvm/java-1.7.0-openjdk-1.7.0.9.x86_64/jre/lib/ext/pulse-java.jar
7f5fde6b1000-7f5fde6ba000 r--s 00066000 08:05 295259                     /usr/lib/jvm/java-1.7.0-openjdk-1.7.0.9.x86_64/jre/lib/ext/gnome-java-bridge.jar
7f5fde6ba000-7f5fde6bb000 ---p 00000000 00:00 0 
7f5fde6bb000-7f5fde7bb000 rw-p 00000000 00:00 0                          [stack:2961]
7f5fde7bb000-7f5fde7be000 ---p 00000000 00:00 0 
7f5fde7be000-7f5fde8bc000 rw-p 00000000 00:00 0                          [stack:2960]
7f5fde8bc000-7f5fde8bf000 ---p 00000000 00:00 0 
7f5fde8bf000-7f5fde9bd000 rw-p 00000000 00:00 0                          [stack:2959]
7f5fde9bd000-7f5fde9c0000 ---p 00000000 00:00 0 
7f5fde9c0000-7f5fdeabe000 rw-p 00000000 00:00 0                          [stack:2958]
7f5fdeabe000-7f5fdeac1000 ---p 00000000 00:00 0 
7f5fdeac1000-7f5fdebbf000 rw-p 00000000 00:00 0                          [stack:2957]
7f5fdebbf000-7f5fdebc2000 ---p 00000000 00:00 0 
7f5fdebc2000-7f5fdecc0000 rw-p 00000000 00:00 0                          [stack:2956]
7f5fdecc0000-7f5fdecc3000 ---p 00000000 00:00 0 
7f5fdecc3000-7f5fdedc1000 rw-p 00000000 00:00 0                          [stack:2955]
7f5fdedc1000-7f5fdedc2000 ---p 00000000 00:00 0 
7f5fdedc2000-7f5fdfe55000 rw-p 00000000 00:00 0                          [stack:2954]
7f5fdfe55000-7f5fe0000000 r--s 03e6c000 08:05 295677                     /usr/lib/jvm/java-1.7.0-openjdk-1.7.0.9.x86_64/jre/lib/rt.jar
7f5fe0000000-7f5fe0021000 rw-p 00000000 00:00 0 
7f5fe0021000-7f5fe4000000 ---p 00000000 00:00 0 
7f5fe403b000-7f5fe4042000 r--s 00000000 08:05 1464676                    /usr/lib64/gconv/gconv-modules.cache
7f5fe4042000-7f5fe4067000 r--p 00000000 08:05 1439739                    /usr/share/locale/fr/LC_MESSAGES/libc.mo
7f5fe4067000-7f5fe409c000 r--s 00000000 08:05 662899                     /var/run/nscd/dbbAJMTY (deleted)
7f5fe409c000-7f5fe409d000 ---p 00000000 00:00 0 
7f5fe409d000-7f5fe419d000 rw-p 00000000 00:00 0                          [stack:2953]
7f5fe419d000-7f5fe419e000 ---p 00000000 00:00 0 
7f5fe419e000-7f5fe4350000 rw-p 00000000 00:00 0                          [stack:2952]
7f5fe4350000-7f5fe47d7000 rw-p 00000000 00:00 0 
7f5fe47d7000-7f5fe47e4000 rw-p 00000000 00:00 0 
7f5fe47e4000-7f5fe482a000 rw-p 00000000 00:00 0 
7f5fe482a000-7f5fe48dc000 rw-p 00000000 00:00 0 
7f5fe48dc000-7f5fe4d62000 rw-p 00000000 00:00 0 
7f5fe4d62000-7f5fe4e65000 rw-p 00000000 00:00 0 
7f5fe4e65000-7f5fe4e6b000 ---p 00000000 00:00 0 
7f5fe4e6b000-7f5fe4fff000 rw-p 00000000 00:00 0 
7f5fe4fff000-7f5fe5000000 rw-p 00000000 00:00 0 
7f5fe5000000-7f5fe5270000 rwxp 00000000 00:00 0 
7f5fe5270000-7f5fe8796000 rw-p 00000000 00:00 0 
7f5fe8796000-7f5fec000000 ---p 00000000 00:00 0 
7f5fec01a000-7f5fec0a8000 rw-p 00000000 00:00 0 
7f5fec0a8000-7f5fec0a9000 ---p 00000000 00:00 0 
7f5fec0a9000-7f5fec1a9000 rw-p 00000000 00:00 0                          [stack:2951]
7f5fec1a9000-7f5fec1aa000 ---p 00000000 00:00 0 
7f5fec1aa000-7f5fec2b7000 rw-p 00000000 00:00 0                          [stack:2950]
7f5fec2b7000-7f5fec2fd000 rw-p 00000000 00:00 0 
7f5fec2fd000-7f5fec307000 rw-p 00000000 00:00 0 
7f5fec307000-7f5fec3bd000 rw-p 00000000 00:00 0 
7f5fec3bd000-7f5fec3c5000 r-xp 00000000 08:05 281811                     /usr/lib/jvm/java-1.7.0-openjdk-1.7.0.9.x86_64/jre/lib/amd64/libzip.so
7f5fec3c5000-7f5fec5c4000 ---p 00008000 08:05 281811                     /usr/lib/jvm/java-1.7.0-openjdk-1.7.0.9.x86_64/jre/lib/amd64/libzip.so
7f5fec5c4000-7f5fec5c5000 rw-p 00007000 08:05 281811                     /usr/lib/jvm/java-1.7.0-openjdk-1.7.0.9.x86_64/jre/lib/amd64/libzip.so
7f5fec5c5000-7f5fec5fa000 r--s 00000000 08:05 654527                     /var/run/nscd/db1a6uFa (deleted)
7f5fec5fa000-7f5fec624000 r-xp 00000000 08:05 281731                     /usr/lib/jvm/java-1.7.0-openjdk-1.7.0.9.x86_64/jre/lib/amd64/libjava.so
7f5fec624000-7f5fec824000 ---p 0002a000 08:05 281731                     /usr/lib/jvm/java-1.7.0-openjdk-1.7.0.9.x86_64/jre/lib/amd64/libjava.so
7f5fec824000-7f5fec826000 rw-p 0002a000 08:05 281731                     /usr/lib/jvm/java-1.7.0-openjdk-1.7.0.9.x86_64/jre/lib/amd64/libjava.so
7f5fec826000-7f5fec833000 r-xp 00000000 08:05 281810                     /usr/lib/jvm/java-1.7.0-openjdk-1.7.0.9.x86_64/jre/lib/amd64/libverify.so
7f5fec833000-7f5feca32000 ---p 0000d000 08:05 281810                     /usr/lib/jvm/java-1.7.0-openjdk-1.7.0.9.x86_64/jre/lib/amd64/libverify.so
7f5feca32000-7f5feca34000 rw-p 0000c000 08:05 281810                     /usr/lib/jvm/java-1.7.0-openjdk-1.7.0.9.x86_64/jre/lib/amd64/libverify.so
7f5feca34000-7f5feca37000 ---p 00000000 00:00 0 
7f5feca37000-7f5fecb35000 rw-p 00000000 00:00 0                          [stack:2949]
7f5fecb35000-7f5fed537000 r-xp 00000000 08:05 281816                     /usr/lib/jvm/java-1.7.0-openjdk-1.7.0.9.x86_64/jre/lib/amd64/server/libjvm.so
7f5fed537000-7f5fed736000 ---p 00a02000 08:05 281816                     /usr/lib/jvm/java-1.7.0-openjdk-1.7.0.9.x86_64/jre/lib/amd64/server/libjvm.so
7f5fed736000-7f5fed7d7000 rw-p 00a01000 08:05 281816                     /usr/lib/jvm/java-1.7.0-openjdk-1.7.0.9.x86_64/jre/lib/amd64/server/libjvm.so
7f5fed7d7000-7f5fed82f000 rw-p 00000000 00:00 0 
7f5fed82f000-7f5fed837000 rw-s 00000000 08:05 1703075                    /tmp/hsperfdata_cdesclau/2944
7f5fed837000-7f5fed838000 rw-p 00000000 00:00 0 
7f5fed838000-7f5fed839000 r--p 00000000 00:00 0 
7f5fed839000-7f5fed83a000 rw-p 00000000 00:00 0 
7fff0d328000-7fff0d34a000 rw-p 00000000 00:00 0                          [stack]
7fff0d3ff000-7fff0d400000 r-xp 00000000 00:00 0                          [vdso]
ffffffffff600000-ffffffffff601000 r-xp 00000000 00:00 0                  [vsyscall]

VM Arguments:
jvm_args: -Dfile.encoding=UTF-8 
java_command: org.zoneproject.extractor.plugin.categorization_svm.Install
Launcher Type: SUN_STANDARD

Environment Variables:
PATH=/usr/lib64/qt-3.3/bin:/usr/lib64/ccache:/usr/local/bin:/usr/bin:/bin:/usr/local/sbin:/usr/sbin:/home/cdesclau/.local/bin:/home/cdesclau/bin
USERNAME=cdesclau
LD_LIBRARY_PATH=/usr/lib/jvm/java/jre/lib/amd64:/usr/lib/jvm/java/jre/lib/i386:
SHELL=/bin/bash
DISPLAY=:0

Signal Handlers:
SIGSEGV: [libjvm.so+0x85cb80], sa_mask[0]=0x7ffbfeff, sa_flags=0x10000004
SIGBUS: [libjvm.so+0x85cb80], sa_mask[0]=0x7ffbfeff, sa_flags=0x10000004
SIGFPE: [libjvm.so+0x6fe3b0], sa_mask[0]=0x7ffbfeff, sa_flags=0x10000004
SIGPIPE: [libjvm.so+0x6fe3b0], sa_mask[0]=0x7ffbfeff, sa_flags=0x10000004
SIGXFSZ: [libjvm.so+0x6fe3b0], sa_mask[0]=0x7ffbfeff, sa_flags=0x10000004
SIGILL: [libjvm.so+0x6fe3b0], sa_mask[0]=0x7ffbfeff, sa_flags=0x10000004
SIGUSR1: SIG_DFL, sa_mask[0]=0x00000000, sa_flags=0x00000000
SIGUSR2: [libjvm.so+0x6fe5e0], sa_mask[0]=0x00000004, sa_flags=0x10000004
SIGHUP: [libjvm.so+0x6fe720], sa_mask[0]=0x7ffbfeff, sa_flags=0x10000004
SIGINT: SIG_IGN, sa_mask[0]=0x00000000, sa_flags=0x00000000
SIGTERM: [libjvm.so+0x6fe720], sa_mask[0]=0x7ffbfeff, sa_flags=0x10000004
SIGQUIT: [libjvm.so+0x6fe720], sa_mask[0]=0x7ffbfeff, sa_flags=0x10000004


---------------  S Y S T E M  ---------------

OS:Fedora release 17 (Beefy Miracle)

uname:Linux 3.6.9-2.fc17.x86_64 #1 SMP Tue Dec 4 13:26:04 UTC 2012 x86_64
libc:glibc 2.15 NPTL 2.15 
rlimit: STACK 8192k, CORE 0k, NPROC 1024, NOFILE 4096, AS infinity
load average:1.26 1.24 1.32

/proc/meminfo:
MemTotal:       16417964 kB
MemFree:          230632 kB
Buffers:          633680 kB
Cached:          4709996 kB
SwapCached:         1476 kB
Active:         10787736 kB
Inactive:        4075612 kB
Active(anon):    8160048 kB
Inactive(anon):  1413784 kB
Active(file):    2627688 kB
Inactive(file):  2661828 kB
Unevictable:          80 kB
Mlocked:              80 kB
SwapTotal:       4194300 kB
SwapFree:        4150744 kB
Dirty:               652 kB
Writeback:             0 kB
AnonPages:       9515976 kB
Mapped:           556220 kB
Shmem:             54396 kB
Slab:            1010780 kB
SReclaimable:     955060 kB
SUnreclaim:        55720 kB
KernelStack:        6392 kB
PageTables:        92688 kB
NFS_Unstable:          0 kB
Bounce:                0 kB
WritebackTmp:          0 kB
CommitLimit:    12403280 kB
Committed_AS:   15257576 kB
VmallocTotal:   34359738367 kB
VmallocUsed:      161592 kB
VmallocChunk:   34359546876 kB
HardwareCorrupted:     0 kB
AnonHugePages:   4345856 kB
HugePages_Total:       0
HugePages_Free:        0
HugePages_Rsvd:        0
HugePages_Surp:        0
Hugepagesize:       2048 kB
DirectMap4k:      358036 kB
DirectMap2M:    16402432 kB


CPU:total 4 (4 cores per cpu, 2 threads per core) family 6 model 26 stepping 5, cmov, cx8, fxsr, mmx, sse, sse2, sse3, ssse3, sse4.1, sse4.2, popcnt, ht, tsc, tscinvbit, tscinv

/proc/cpuinfo:
processor	: 0
vendor_id	: GenuineIntel
cpu family	: 6
model		: 26
model name	: Intel(R) Xeon(R) CPU           W3550  @ 3.07GHz
stepping	: 5
microcode	: 0x11
cpu MHz		: 3060.000
cache size	: 8192 KB
physical id	: 0
siblings	: 4
core id		: 0
cpu cores	: 4
apicid		: 0
initial apicid	: 0
fpu		: yes
fpu_exception	: yes
cpuid level	: 11
wp		: yes
flags		: fpu vme de pse tsc msr pae mce cx8 apic sep mtrr pge mca cmov pat pse36 clflush dts acpi mmx fxsr sse sse2 ss ht tm pbe syscall nx rdtscp lm constant_tsc arch_perfmon pebs bts rep_good nopl xtopology nonstop_tsc aperfmperf pni dtes64 monitor ds_cpl vmx est tm2 ssse3 cx16 xtpr pdcm dca sse4_1 sse4_2 popcnt lahf_lm ida dtherm tpr_shadow vnmi flexpriority ept vpid
bogomips	: 6133.27
clflush size	: 64
cache_alignment	: 64
address sizes	: 36 bits physical, 48 bits virtual
power management:

processor	: 1
vendor_id	: GenuineIntel
cpu family	: 6
model		: 26
model name	: Intel(R) Xeon(R) CPU           W3550  @ 3.07GHz
stepping	: 5
microcode	: 0x11
cpu MHz		: 3060.000
cache size	: 8192 KB
physical id	: 0
siblings	: 4
core id		: 1
cpu cores	: 4
apicid		: 2
initial apicid	: 2
fpu		: yes
fpu_exception	: yes
cpuid level	: 11
wp		: yes
flags		: fpu vme de pse tsc msr pae mce cx8 apic sep mtrr pge mca cmov pat pse36 clflush dts acpi mmx fxsr sse sse2 ss ht tm pbe syscall nx rdtscp lm constant_tsc arch_perfmon pebs bts rep_good nopl xtopology nonstop_tsc aperfmperf pni dtes64 monitor ds_cpl vmx est tm2 ssse3 cx16 xtpr pdcm dca sse4_1 sse4_2 popcnt lahf_lm ida dtherm tpr_shadow vnmi flexpriority ept vpid
bogomips	: 6133.27
clflush size	: 64
cache_alignment	: 64
address sizes	: 36 bits physical, 48 bits virtual
power management:

processor	: 2
vendor_id	: GenuineIntel
cpu family	: 6
model		: 26
model name	: Intel(R) Xeon(R) CPU           W3550  @ 3.07GHz
stepping	: 5
microcode	: 0x11
cpu MHz		: 3060.000
cache size	: 8192 KB
physical id	: 0
siblings	: 4
core id		: 2
cpu cores	: 4
apicid		: 4
initial apicid	: 4
fpu		: yes
fpu_exception	: yes
cpuid level	: 11
wp		: yes
flags		: fpu vme de pse tsc msr pae mce cx8 apic sep mtrr pge mca cmov pat pse36 clflush dts acpi mmx fxsr sse sse2 ss ht tm pbe syscall nx rdtscp lm constant_tsc arch_perfmon pebs bts rep_good nopl xtopology nonstop_tsc aperfmperf pni dtes64 monitor ds_cpl vmx est tm2 ssse3 cx16 xtpr pdcm dca sse4_1 sse4_2 popcnt lahf_lm ida dtherm tpr_shadow vnmi flexpriority ept vpid
bogomips	: 6133.27
clflush size	: 64
cache_alignment	: 64
address sizes	: 36 bits physical, 48 bits virtual
power management:

processor	: 3
vendor_id	: GenuineIntel
cpu family	: 6
model		: 26
model name	: Intel(R) Xeon(R) CPU           W3550  @ 3.07GHz
stepping	: 5
microcode	: 0x11
cpu MHz		: 3060.000
cache size	: 8192 KB
physical id	: 0
siblings	: 4
core id		: 3
cpu cores	: 4
apicid		: 6
initial apicid	: 6
fpu		: yes
fpu_exception	: yes
cpuid level	: 11
wp		: yes
flags		: fpu vme de pse tsc msr pae mce cx8 apic sep mtrr pge mca cmov pat pse36 clflush dts acpi mmx fxsr sse sse2 ss ht tm pbe syscall nx rdtscp lm constant_tsc arch_perfmon pebs bts rep_good nopl xtopology nonstop_tsc aperfmperf pni dtes64 monitor ds_cpl vmx est tm2 ssse3 cx16 xtpr pdcm dca sse4_1 sse4_2 popcnt lahf_lm ida dtherm tpr_shadow vnmi flexpriority ept vpid
bogomips	: 6133.27
clflush size	: 64
cache_alignment	: 64
address sizes	: 36 bits physical, 48 bits virtual
power management:



Memory: 4k page, physical 16417964k(228584k free), swap 4194300k(4150744k free)

vm_info: OpenJDK 64-Bit Server VM (23.2-b09) for linux-amd64 JRE (1.7.0_09-icedtea-mockbuild_2012_12_06_11_04-b00), built on Dec  6 2012 11:11:19 by "mockbuild" with gcc 4.7.2 20120921 (Red Hat 4.7.2-2)

time: Thu Jan  3 13:12:36 2013
elapsed time: 8 seconds

