#
# A fatal error has been detected by the Java Runtime Environment:
#
#  SIGSEGV (0xb) at pc=0x00007fbdbffaff41, pid=3746, tid=140452757681920
#
# JRE version: 7.0_09
# Java VM: OpenJDK 64-Bit Server VM (23.2-b09 mixed mode linux-amd64 compressed oops)
# Problematic frame:
# V  [libjvm.so+0x535f41]  AsyncGetCallTrace+0xdcf11
#
# Failed to write core dump. Core dumps have been disabled. To enable core dumping, try "ulimit -c unlimited" before starting Java again
#
# If you would like to submit a bug report, please include
# instructions on how to reproduce the bug and visit:
#   http://icedtea.classpath.org/bugzilla
#

---------------  T H R E A D  ---------------

Current thread (0x00007fbdb89e1800):  JavaThread "org.zoneproject.extractor.plugin.categorization_svm.Install.main()" [_thread_in_vm, id=3788, stack(0x00007fbdb4aab000,0x00007fbdb4bac000)]

siginfo:si_signo=SIGSEGV: si_errno=0, si_code=1 (SEGV_MAPERR), si_addr=0x0000000000000000

Registers:
RAX=0x00007fbdc031ae38, RBX=0x00007fbdb89e1800, RCX=0x00000000fbad000c, RDX=0x00007fbdc0724bd3
RSP=0x00007fbdb4ba9d90, RBP=0x00007fbdb4ba9dd0, RSI=0x0000000000000006, RDI=0x00007fbdb89e1800
R8 =0x0000000000000001, R9 =0x0000000000000000, R10=0x7420656320656420, R11=0x0000000000000206
R12=0x00007fbdb89e19d8, R13=0x0000000000000000, R14=0x00007fbd502c8ea0, R15=0x00007fbdb89e1800
RIP=0x00007fbdbffaff41, EFLAGS=0x0000000000010297, CSGSFS=0x0000000000000033, ERR=0x0000000000000004
  TRAPNO=0x000000000000000e

Top of Stack: (sp=0x00007fbdb4ba9d90)
0x00007fbdb4ba9d90:   00007fbdb89e1800 00007fbd74001b68
0x00007fbdb4ba9da0:   0000000600000d92 00007fbdc031ae38
0x00007fbdb4ba9db0:   00007fbd502c8b30 00007fbdb4ba9e68
0x00007fbdb4ba9dc0:   00000006fc87ee38 00007fbd502c8ea0
0x00007fbdb4ba9dd0:   00007fbdb89e19d8 00007fbdb4436325
0x00007fbdb4ba9de0:   00007fbdb89e19d8 0000000000000000
0x00007fbdb4ba9df0:   00000006fc87ee38 00007fbdb4baa200
0x00007fbdb4ba9e00:   0000000000000000 00007fbdb4438a59
0x00007fbdb4ba9e10:   00007fbdb4baa008 00007fbdbc310ddb
0x00007fbdb4ba9e20:   00007fbdb4ba9e80 00000000ffffffff
0x00007fbdb4ba9e30:   00007fbdb4ba9e60 00007fbdb89e19d8
0x00007fbdb4ba9e40:   00007fbd502c8f00 00007fbd502c8f20
0x00007fbdb4ba9e50:   00007fbdb8005320 00007fbdb4baa230
0x00007fbdb4ba9e60:   00007fbdb4baa220 00007fbdb4baa228
0x00007fbdb4ba9e70:   00007fbdb4ba9f20 00007fbdbff957ce
0x00007fbdb4ba9e80:   00007fbdc06ee810 0000000000000000
0x00007fbdb4ba9e90:   00007fbdbc310ddb 00007fbdbff9f144
0x00007fbdb4ba9ea0:   00007fbdb4ba9f20 00007fbd502a8d00
0x00007fbdb4ba9eb0:   00007fbdbc310ddb 00007fbdc01386ef
0x00007fbdb4ba9ec0:   00007fbd00000001 0000000000015338
0x00007fbdb4ba9ed0:   00007fbdc06ee810 00007fbdb4ba9fb0
0x00007fbdb4ba9ee0:   00007fbdb4ba9fb0 00007fbdb8005320
0x00007fbdb4ba9ef0:   00007fbdb89e0f50 000000000000005a
0x00007fbdb4ba9f00:   00007fbdb4ba9f20 00007fbdbfdff162
0x00007fbdb4ba9f10:   00007fbd74001b68 00007fbdb80a6b70
0x00007fbdb4ba9f20:   00007fbdb4baa140 00007fbdbff9de81
0x00007fbdb4ba9f30:   00000007acd666d8 00000007acd666d8
0x00007fbdb4ba9f40:   00007fbdb4ba9f60 00007fbd740026c8
0x00007fbdb4ba9f50:   00007fbd740022f0 00007fbd740022e0
0x00007fbdb4ba9f60:   00007fbdc06e6b70 00007fbd502a8d50
0x00007fbdb4ba9f70:   00000002b4ba9fb0 00007fbdb4ba9f28
0x00007fbdb4ba9f80:   00007fbd74001b68 0000000100000003 

Instructions: (pc=0x00007fbdbffaff41)
0x00007fbdbffaff21:   00 48 89 5d c0 48 c7 45 c8 00 00 00 00 74 09 48
0x00007fbdbffaff31:   8d 7d c0 e8 17 5b 21 00 90 48 8b 15 a7 48 74 00
0x00007fbdbffaff41:   49 8b 45 00 80 3a 00 75 7e 48 8b 40 08 48 8b 70
0x00007fbdbffaff51:   78 4c 89 e7 e8 d6 08 03 00 49 89 c5 90 48 83 7d 

Register to memory mapping:

RAX=0x00007fbdc031ae38: <offset 0x8a0e38> in /usr/lib/jvm/java-1.7.0-openjdk-1.7.0.9.x86_64/jre/lib/amd64/server/libjvm.so at 0x00007fbdbfa7a000
RBX=0x00007fbdb89e1800 is a thread
RCX=0x00000000fbad000c is an unknown value
RDX=0x00007fbdc0724bd3: <offset 0xcaabd3> in /usr/lib/jvm/java-1.7.0-openjdk-1.7.0.9.x86_64/jre/lib/amd64/server/libjvm.so at 0x00007fbdbfa7a000
RSP=0x00007fbdb4ba9d90 is pointing into the stack for thread: 0x00007fbdb89e1800
RBP=0x00007fbdb4ba9dd0 is pointing into the stack for thread: 0x00007fbdb89e1800
RSI=0x0000000000000006 is an unknown value
RDI=0x00007fbdb89e1800 is a thread
R8 =0x0000000000000001 is an unknown value
R9 =0x0000000000000000 is an unknown value
R10=0x7420656320656420 is an unknown value
R11=0x0000000000000206 is an unknown value
R12=0x00007fbdb89e19d8 is an unknown value
R13=0x0000000000000000 is an unknown value
R14=0x00007fbd502c8ea0 is an unknown value
R15=0x00007fbdb89e1800 is a thread


Stack: [0x00007fbdb4aab000,0x00007fbdb4bac000],  sp=0x00007fbdb4ba9d90,  free space=1019k
Native frames: (J=compiled Java code, j=interpreted, Vv=VM code, C=native code)
V  [libjvm.so+0x535f41]  AsyncGetCallTrace+0xdcf11

Java frames: (J=compiled Java code, j=interpreted, Vv=VM code)
j  jnisvmlight.SVMLightInterface.trainmodel([Ljnisvmlight/LabeledFeatureVector;Ljnisvmlight/TrainingParameters;)Ljnisvmlight/SVMLightModel;+0
j  jnisvmlight.SVMLightInterface.trainModel([Ljnisvmlight/LabeledFeatureVector;Ljnisvmlight/TrainingParameters;)Ljnisvmlight/SVMLightModel;+22
j  org.zoneproject.extractor.plugin.categorization_svm.svm.SVMLearn.learn()V+213
j  org.zoneproject.extractor.plugin.categorization_svm.Install.main([Ljava/lang/String;)V+261
v  ~StubRoutines::call_stub
j  sun.reflect.NativeMethodAccessorImpl.invoke0(Ljava/lang/reflect/Method;Ljava/lang/Object;[Ljava/lang/Object;)Ljava/lang/Object;+0
j  sun.reflect.NativeMethodAccessorImpl.invoke(Ljava/lang/Object;[Ljava/lang/Object;)Ljava/lang/Object;+87
j  sun.reflect.DelegatingMethodAccessorImpl.invoke(Ljava/lang/Object;[Ljava/lang/Object;)Ljava/lang/Object;+6
j  java.lang.reflect.Method.invoke(Ljava/lang/Object;[Ljava/lang/Object;)Ljava/lang/Object;+57
j  org.codehaus.mojo.exec.ExecJavaMojo$1.run()V+112
j  java.lang.Thread.run()V+11
v  ~StubRoutines::call_stub

---------------  P R O C E S S  ---------------

Java Threads: ( => current thread )
=>0x00007fbdb89e1800 JavaThread "org.zoneproject.extractor.plugin.categorization_svm.Install.main()" [_thread_in_vm, id=3788, stack(0x00007fbdb4aab000,0x00007fbdb4bac000)]
  0x00007fbdb8832800 JavaThread "resolver-4" daemon [_thread_blocked, id=3769, stack(0x00007fbdb4bac000,0x00007fbdb4cad000)]
  0x00007fbdb8824800 JavaThread "resolver-3" daemon [_thread_blocked, id=3768, stack(0x00007fbdb4cad000,0x00007fbdb4dae000)]
  0x00007fbdb8853800 JavaThread "resolver-2" daemon [_thread_blocked, id=3767, stack(0x00007fbdb4dae000,0x00007fbdb4eaf000)]
  0x00007fbdb8829800 JavaThread "resolver-1" daemon [_thread_blocked, id=3766, stack(0x00007fbdb4eaf000,0x00007fbdb4fb0000)]
  0x00007fbdb85fe800 JavaThread "process reaper" daemon [_thread_blocked, id=3763, stack(0x00007fbdb5083000,0x00007fbdb50ab000)]
  0x00007fbdb8354800 JavaThread "com.google.inject.internal.util.$Finalizer" daemon [_thread_blocked, id=3761, stack(0x00007fbdb50c1000,0x00007fbdb51c2000)]
  0x00007fbdb810e000 JavaThread "Service Thread" daemon [_thread_blocked, id=3759, stack(0x00007fbdb5756000,0x00007fbdb5857000)]
  0x00007fbdb810c000 JavaThread "C2 CompilerThread1" daemon [_thread_blocked, id=3758, stack(0x00007fbdb5857000,0x00007fbdb5958000)]
  0x00007fbdb8109000 JavaThread "C2 CompilerThread0" daemon [_thread_blocked, id=3757, stack(0x00007fbdb5958000,0x00007fbdb5a59000)]
  0x00007fbdb8107000 JavaThread "Signal Dispatcher" daemon [_thread_blocked, id=3756, stack(0x00007fbdb5a59000,0x00007fbdb5b5a000)]
  0x00007fbdb80af800 JavaThread "Finalizer" daemon [_thread_blocked, id=3755, stack(0x00007fbdb5b5a000,0x00007fbdb5c5b000)]
  0x00007fbdb80ad800 JavaThread "Reference Handler" daemon [_thread_blocked, id=3754, stack(0x00007fbdb5c5b000,0x00007fbdb5d5c000)]
  0x00007fbdb8007000 JavaThread "main" [_thread_blocked, id=3748, stack(0x00007fbdbf979000,0x00007fbdbfa7a000)]

Other Threads:
  0x00007fbdb80a5000 VMThread [stack: 0x00007fbdb5d5c000,0x00007fbdb5e5d000] [id=3753]
  0x00007fbdb8118800 WatcherThread [stack: 0x00007fbdb5655000,0x00007fbdb5756000] [id=3760]

VM state:not at safepoint (normal execution)

VM Mutex/Monitor currently owned by a thread: None

Heap
 PSYoungGen      total 138944K, used 17343K [0x00000007ac760000, 0x00000007bd6c0000, 0x0000000800000000)
  eden space 128256K, 5% used [0x00000007ac760000,0x00000007acde67f8,0x00000007b44a0000)
  from space 10688K, 99% used [0x00000007b44a0000,0x00000007b4f09648,0x00000007b4f10000)
  to   space 10688K, 0% used [0x00000007bcc50000,0x00000007bcc50000,0x00000007bd6c0000)
 ParOldGen       total 171072K, used 15253K [0x0000000705600000, 0x000000070fd10000, 0x00000007ac760000)
  object space 171072K, 8% used [0x0000000705600000,0x00000007064e5760,0x000000070fd10000)
 PSPermGen       total 25280K, used 25130K [0x00000006fb000000, 0x00000006fc8b0000, 0x0000000705600000)
  object space 25280K, 99% used [0x00000006fb000000,0x00000006fc88a9a0,0x00000006fc8b0000)

Card table byte_map: [0x00007fbdb77d7000,0x00007fbdb8000000] byte_map_base: 0x00007fbdb3fff000

Polling page: 0x00007fbdc077d000

Code Cache  [0x00007fbdbc302000, 0x00007fbdbc572000, 0x00007fbdbf302000)
 total_blobs=937 nmethods=619 adapters=269 free_code_cache=47004Kb largest_free_block=48071424

Compilation events (10 events):
Event: 4.152 Thread 0x00007fbdb810c000 nmethod 623 0x00007fbdbc3cc2d0 code [0x00007fbdbc3cc400, 0x00007fbdbc3cc4b8]
Event: 4.154 Thread 0x00007fbdb810c000  624             java.lang.ref.ReferenceQueue::reallyPoll (69 bytes)
Event: 4.157 Thread 0x00007fbdb810c000 nmethod 624 0x00007fbdbc3d06d0 code [0x00007fbdbc3d0820, 0x00007fbdbc3d0958]
Event: 4.157 Thread 0x00007fbdb810c000  625             java.lang.ref.ReferenceQueue::remove (6 bytes)
Event: 4.162 Thread 0x00007fbdb810c000 nmethod 625 0x00007fbdbc3cdc50 code [0x00007fbdbc3cdde0, 0x00007fbdbc3ce3f0]
Event: 4.162 Thread 0x00007fbdb810c000  626   !         java.lang.ref.ReferenceQueue::remove (80 bytes)
Event: 4.166 Thread 0x00007fbdb810c000 nmethod 626 0x00007fbdbc3cd0d0 code [0x00007fbdbc3cd260, 0x00007fbdbc3cd990]
Event: 4.188 Thread 0x00007fbdb810c000  627   !         virtuoso.jdbc3.VirtuosoResultSet::next (387 bytes)
Event: 4.192 Thread 0x00007fbdb8109000 nmethod 612 0x00007fbdbc521190 code [0x00007fbdbc521a40, 0x00007fbdbc526798]
Event: 4.196 Thread 0x00007fbdb810c000 nmethod 627 0x00007fbdbc51e2d0 code [0x00007fbdbc51e480, 0x00007fbdbc51ed30]

GC Heap History (6 events):
Event: 1.127 GC heap before
{Heap before GC invocations=1 (full 0):
 PSYoungGen      total 74816K, used 64128K [0x00000007ac760000, 0x00000007b1ae0000, 0x0000000800000000)
  eden space 64128K, 100% used [0x00000007ac760000,0x00000007b0600000,0x00000007b0600000)
  from space 10688K, 0% used [0x00000007b1070000,0x00000007b1070000,0x00000007b1ae0000)
  to   space 10688K, 0% used [0x00000007b0600000,0x00000007b0600000,0x00000007b1070000)
 ParOldGen       total 171072K, used 0K [0x0000000705600000, 0x000000070fd10000, 0x00000007ac760000)
  object space 171072K, 0% used [0x0000000705600000,0x0000000705600000,0x000000070fd10000)
 PSPermGen       total 21248K, used 12355K [0x00000006fb000000, 0x00000006fc4c0000, 0x0000000705600000)
  object space 21248K, 58% used [0x00000006fb000000,0x00000006fbc10ca8,0x00000006fc4c0000)
Event: 1.141 GC heap after
Heap after GC invocations=1 (full 0):
 PSYoungGen      total 74816K, used 9696K [0x00000007ac760000, 0x00000007b5980000, 0x0000000800000000)
  eden space 64128K, 0% used [0x00000007ac760000,0x00000007ac760000,0x00000007b0600000)
  from space 10688K, 90% used [0x00000007b0600000,0x00000007b0f782a0,0x00000007b1070000)
  to   space 10688K, 0% used [0x00000007b4f10000,0x00000007b4f10000,0x00000007b5980000)
 ParOldGen       total 171072K, used 0K [0x0000000705600000, 0x000000070fd10000, 0x00000007ac760000)
  object space 171072K, 0% used [0x0000000705600000,0x0000000705600000,0x000000070fd10000)
 PSPermGen       total 21248K, used 12355K [0x00000006fb000000, 0x00000006fc4c0000, 0x0000000705600000)
  object space 21248K, 58% used [0x00000006fb000000,0x00000006fbc10ca8,0x00000006fc4c0000)
}
Event: 2.010 GC heap before
{Heap before GC invocations=2 (full 0):
 PSYoungGen      total 74816K, used 73824K [0x00000007ac760000, 0x00000007b5980000, 0x0000000800000000)
  eden space 64128K, 100% used [0x00000007ac760000,0x00000007b0600000,0x00000007b0600000)
  from space 10688K, 90% used [0x00000007b0600000,0x00000007b0f782a0,0x00000007b1070000)
  to   space 10688K, 0% used [0x00000007b4f10000,0x00000007b4f10000,0x00000007b5980000)
 ParOldGen       total 171072K, used 0K [0x0000000705600000, 0x000000070fd10000, 0x00000007ac760000)
  object space 171072K, 0% used [0x0000000705600000,0x0000000705600000,0x000000070fd10000)
 PSPermGen       total 21248K, used 14237K [0x00000006fb000000, 0x00000006fc4c0000, 0x0000000705600000)
  object space 21248K, 67% used [0x00000006fb000000,0x00000006fbde7760,0x00000006fc4c0000)
Event: 2.023 GC heap after
Heap after GC invocations=2 (full 0):
 PSYoungGen      total 138944K, used 7056K [0x00000007ac760000, 0x00000007b5980000, 0x0000000800000000)
  eden space 128256K, 0% used [0x00000007ac760000,0x00000007ac760000,0x00000007b44a0000)
  from space 10688K, 66% used [0x00000007b4f10000,0x00000007b55f43f0,0x00000007b5980000)
  to   space 10688K, 0% used [0x00000007b44a0000,0x00000007b44a0000,0x00000007b4f10000)
 ParOldGen       total 171072K, used 8K [0x0000000705600000, 0x000000070fd10000, 0x00000007ac760000)
  object space 171072K, 0% used [0x0000000705600000,0x0000000705602000,0x000000070fd10000)
 PSPermGen       total 21248K, used 14237K [0x00000006fb000000, 0x00000006fc4c0000, 0x0000000705600000)
  object space 21248K, 67% used [0x00000006fb000000,0x00000006fbde7760,0x00000006fc4c0000)
}
Event: 4.041 GC heap before
{Heap before GC invocations=3 (full 0):
 PSYoungGen      total 138944K, used 135312K [0x00000007ac760000, 0x00000007b5980000, 0x0000000800000000)
  eden space 128256K, 100% used [0x00000007ac760000,0x00000007b44a0000,0x00000007b44a0000)
  from space 10688K, 66% used [0x00000007b4f10000,0x00000007b55f43f0,0x00000007b5980000)
  to   space 10688K, 0% used [0x00000007b44a0000,0x00000007b44a0000,0x00000007b4f10000)
 ParOldGen       total 171072K, used 8K [0x0000000705600000, 0x000000070fd10000, 0x00000007ac760000)
  object space 171072K, 0% used [0x0000000705600000,0x0000000705602000,0x000000070fd10000)
 PSPermGen       total 24896K, used 24887K [0x00000006fb000000, 0x00000006fc850000, 0x0000000705600000)
  object space 24896K, 99% used [0x00000006fb000000,0x00000006fc84dfd0,0x00000006fc850000)
Event: 4.077 GC heap after
Heap after GC invocations=3 (full 0):
 PSYoungGen      total 138944K, used 10661K [0x00000007ac760000, 0x00000007bd6c0000, 0x0000000800000000)
  eden space 128256K, 0% used [0x00000007ac760000,0x00000007ac760000,0x00000007b44a0000)
  from space 10688K, 99% used [0x00000007b44a0000,0x00000007b4f09648,0x00000007b4f10000)
  to   space 10688K, 0% used [0x00000007bcc50000,0x00000007bcc50000,0x00000007bd6c0000)
 ParOldGen       total 171072K, used 15253K [0x0000000705600000, 0x000000070fd10000, 0x00000007ac760000)
  object space 171072K, 8% used [0x0000000705600000,0x00000007064e5760,0x000000070fd10000)
 PSPermGen       total 24896K, used 24887K [0x00000006fb000000, 0x00000006fc850000, 0x0000000705600000)
  object space 24896K, 99% used [0x00000006fb000000,0x00000006fc84dfd0,0x00000006fc850000)
}

Deoptimization events (10 events):
Event: 3.232 Thread 0x00007fbdb8007000 Uncommon trap -34 fr.pc 0x00007fbdbc3ac580
Event: 3.295 Thread 0x00007fbdb89e1800 Uncommon trap -58 fr.pc 0x00007fbdbc399c94
Event: 3.295 Thread 0x00007fbdb89e1800 Uncommon trap -12 fr.pc 0x00007fbdbc463378
Event: 3.370 Thread 0x00007fbdb89e1800 Uncommon trap -83 fr.pc 0x00007fbdbc3b5dbc
Event: 3.503 Thread 0x00007fbdb89e1800 Uncommon trap -83 fr.pc 0x00007fbdbc397d48
Event: 3.518 Thread 0x00007fbdb89e1800 Uncommon trap -34 fr.pc 0x00007fbdbc46bbcc
Event: 3.699 Thread 0x00007fbdb89e1800 Uncommon trap -34 fr.pc 0x00007fbdbc3a5998
Event: 3.702 Thread 0x00007fbdb89e1800 Uncommon trap -34 fr.pc 0x00007fbdbc3a5998
Event: 3.707 Thread 0x00007fbdb89e1800 Uncommon trap -34 fr.pc 0x00007fbdbc3a5998
Event: 3.715 Thread 0x00007fbdb89e1800 Uncommon trap -34 fr.pc 0x00007fbdbc3a5998

Internal exceptions (10 events):
Event: 4.201 Thread 0x00007fbdb89e1800 Threw 0x00000007acd737f8 at /builddir/build/BUILD/java-1.7.0-openjdk/openjdk/hotspot/src/share/vm/prims/jvm.cpp:1166
Event: 4.201 Thread 0x00007fbdb89e1800 Threw 0x00000007acd77960 at /builddir/build/BUILD/java-1.7.0-openjdk/openjdk/hotspot/src/share/vm/prims/jvm.cpp:1166
Event: 4.201 Thread 0x00007fbdb89e1800 Threw 0x00000007acd77da0 at /builddir/build/BUILD/java-1.7.0-openjdk/openjdk/hotspot/src/share/vm/prims/jvm.cpp:1166
Event: 4.201 Thread 0x00007fbdb89e1800 Threw 0x00000007acd7ca78 at /builddir/build/BUILD/java-1.7.0-openjdk/openjdk/hotspot/src/share/vm/prims/jvm.cpp:1166
Event: 4.201 Thread 0x00007fbdb89e1800 Threw 0x00000007acd7ce98 at /builddir/build/BUILD/java-1.7.0-openjdk/openjdk/hotspot/src/share/vm/prims/jvm.cpp:1166
Event: 4.202 Thread 0x00007fbdb89e1800 Threw 0x00000007acd81110 at /builddir/build/BUILD/java-1.7.0-openjdk/openjdk/hotspot/src/share/vm/prims/jvm.cpp:1166
Event: 4.202 Thread 0x00007fbdb89e1800 Threw 0x00000007acd81550 at /builddir/build/BUILD/java-1.7.0-openjdk/openjdk/hotspot/src/share/vm/prims/jvm.cpp:1166
Event: 4.202 Thread 0x00007fbdb89e1800 Threw 0x00000007acd861f8 at /builddir/build/BUILD/java-1.7.0-openjdk/openjdk/hotspot/src/share/vm/prims/jvm.cpp:1166
Event: 4.202 Thread 0x00007fbdb89e1800 Threw 0x00000007acd86618 at /builddir/build/BUILD/java-1.7.0-openjdk/openjdk/hotspot/src/share/vm/prims/jvm.cpp:1166
Event: 4.202 Thread 0x00007fbdb89e1800 Threw 0x00000007acd8a548 at /builddir/build/BUILD/java-1.7.0-openjdk/openjdk/hotspot/src/share/vm/prims/jni.cpp:3474

Events (10 events):
Event: 4.201 loading class 0x00007fbd502cad00
Event: 4.201 loading class 0x00007fbd502cad00 done
Event: 4.201 loading class 0x00007fbd502cad30
Event: 4.201 loading class 0x00007fbd502cad30 done
Event: 4.201 loading class 0x00007fbd502c9630
Event: 4.201 loading class 0x00007fbd502c9630 done
Event: 4.202 loading class 0x00007fbd502cad60
Event: 4.202 loading class 0x00007fbd502cad60 done
Event: 4.202 loading class 0x00007fbd502cad90
Event: 4.202 loading class 0x00007fbd502cad90 done


Dynamic libraries:
00400000-00401000 r-xp 00000000 08:05 264952                             /usr/lib/jvm/java-1.7.0-openjdk-1.7.0.9.x86_64/bin/java
00600000-00602000 rw-p 00000000 08:05 264952                             /usr/lib/jvm/java-1.7.0-openjdk-1.7.0.9.x86_64/bin/java
01b33000-01b54000 rw-p 00000000 00:00 0                                  [heap]
6fb000000-6fc8b0000 rw-p 00000000 00:00 0 
6fc8b0000-705600000 rw-p 00000000 00:00 0 
705600000-70fd10000 rw-p 00000000 00:00 0 
70fd10000-7ac760000 rw-p 00000000 00:00 0 
7ac760000-7bd6c0000 rw-p 00000000 00:00 0 
7bd6c0000-800000000 rw-p 00000000 00:00 0 
34e7600000-34e760c000 r-xp 00000000 08:05 300543                         /usr/lib/jvm/java-1.7.0-openjdk-1.7.0.9.x86_64/jre/lib/amd64/jli/libjli.so
34e760c000-34e780c000 ---p 0000c000 08:05 300543                         /usr/lib/jvm/java-1.7.0-openjdk-1.7.0.9.x86_64/jre/lib/amd64/jli/libjli.so
34e780c000-34e780d000 rw-p 0000c000 08:05 300543                         /usr/lib/jvm/java-1.7.0-openjdk-1.7.0.9.x86_64/jre/lib/amd64/jli/libjli.so
3852c00000-3852c20000 r-xp 00000000 08:05 1440537                        /usr/lib64/ld-2.15.so
3852e1f000-3852e20000 r--p 0001f000 08:05 1440537                        /usr/lib64/ld-2.15.so
3852e20000-3852e21000 rw-p 00020000 08:05 1440537                        /usr/lib64/ld-2.15.so
3852e21000-3852e22000 rw-p 00000000 00:00 0 
3853400000-38535ac000 r-xp 00000000 08:05 1443210                        /usr/lib64/libc-2.15.so
38535ac000-38537ac000 ---p 001ac000 08:05 1443210                        /usr/lib64/libc-2.15.so
38537ac000-38537b0000 r--p 001ac000 08:05 1443210                        /usr/lib64/libc-2.15.so
38537b0000-38537b2000 rw-p 001b0000 08:05 1443210                        /usr/lib64/libc-2.15.so
38537b2000-38537b7000 rw-p 00000000 00:00 0 
3853800000-38538fa000 r-xp 00000000 08:05 1444097                        /usr/lib64/libm-2.15.so
38538fa000-3853af9000 ---p 000fa000 08:05 1444097                        /usr/lib64/libm-2.15.so
3853af9000-3853afa000 r--p 000f9000 08:05 1444097                        /usr/lib64/libm-2.15.so
3853afa000-3853afb000 rw-p 000fa000 08:05 1444097                        /usr/lib64/libm-2.15.so
3853c00000-3853c03000 r-xp 00000000 08:05 1451373                        /usr/lib64/libdl-2.15.so
3853c03000-3853e02000 ---p 00003000 08:05 1451373                        /usr/lib64/libdl-2.15.so
3853e02000-3853e03000 r--p 00002000 08:05 1451373                        /usr/lib64/libdl-2.15.so
3853e03000-3853e04000 rw-p 00003000 08:05 1451373                        /usr/lib64/libdl-2.15.so
3854000000-3854016000 r-xp 00000000 08:05 1457042                        /usr/lib64/libpthread-2.15.so
3854016000-3854216000 ---p 00016000 08:05 1457042                        /usr/lib64/libpthread-2.15.so
3854216000-3854217000 r--p 00016000 08:05 1457042                        /usr/lib64/libpthread-2.15.so
3854217000-3854218000 rw-p 00017000 08:05 1457042                        /usr/lib64/libpthread-2.15.so
3854218000-385421c000 rw-p 00000000 00:00 0 
3854400000-3854407000 r-xp 00000000 08:05 1464099                        /usr/lib64/librt-2.15.so
3854407000-3854606000 ---p 00007000 08:05 1464099                        /usr/lib64/librt-2.15.so
3854606000-3854607000 r--p 00006000 08:05 1464099                        /usr/lib64/librt-2.15.so
3854607000-3854608000 rw-p 00007000 08:05 1464099                        /usr/lib64/librt-2.15.so
3854800000-3854817000 r-xp 00000000 08:05 1443886                        /usr/lib64/libz.so.1.2.5
3854817000-3854a16000 ---p 00017000 08:05 1443886                        /usr/lib64/libz.so.1.2.5
3854a16000-3854a17000 rw-p 00016000 08:05 1443886                        /usr/lib64/libz.so.1.2.5
3854c00000-3854c15000 r-xp 00000000 08:05 1457207                        /usr/lib64/libgcc_s-4.7.2-20120921.so.1
3854c15000-3854e14000 ---p 00015000 08:05 1457207                        /usr/lib64/libgcc_s-4.7.2-20120921.so.1
3854e14000-3854e15000 rw-p 00014000 08:05 1457207                        /usr/lib64/libgcc_s-4.7.2-20120921.so.1
3856c00000-3856ce5000 r-xp 00000000 08:05 1457646                        /usr/lib64/libstdc++.so.6.0.17
3856ce5000-3856ee4000 ---p 000e5000 08:05 1457646                        /usr/lib64/libstdc++.so.6.0.17
3856ee4000-3856eec000 r--p 000e4000 08:05 1457646                        /usr/lib64/libstdc++.so.6.0.17
3856eec000-3856eee000 rw-p 000ec000 08:05 1457646                        /usr/lib64/libstdc++.so.6.0.17
3856eee000-3856f03000 rw-p 00000000 00:00 0 
7fbd44000000-7fbd44021000 rw-p 00000000 00:00 0 
7fbd44021000-7fbd48000000 ---p 00000000 00:00 0 
7fbd48000000-7fbd48021000 rw-p 00000000 00:00 0 
7fbd48021000-7fbd4c000000 ---p 00000000 00:00 0 
7fbd4c000000-7fbd4c021000 rw-p 00000000 00:00 0 
7fbd4c021000-7fbd50000000 ---p 00000000 00:00 0 
7fbd50000000-7fbd502ee000 rw-p 00000000 00:00 0 
7fbd502ee000-7fbd54000000 ---p 00000000 00:00 0 
7fbd54000000-7fbd54021000 rw-p 00000000 00:00 0 
7fbd54021000-7fbd58000000 ---p 00000000 00:00 0 
7fbd58000000-7fbd58021000 rw-p 00000000 00:00 0 
7fbd58021000-7fbd5c000000 ---p 00000000 00:00 0 
7fbd5c000000-7fbd5c021000 rw-p 00000000 00:00 0 
7fbd5c021000-7fbd60000000 ---p 00000000 00:00 0 
7fbd60000000-7fbd60021000 rw-p 00000000 00:00 0 
7fbd60021000-7fbd64000000 ---p 00000000 00:00 0 
7fbd64000000-7fbd64021000 rw-p 00000000 00:00 0 
7fbd64021000-7fbd68000000 ---p 00000000 00:00 0 
7fbd68000000-7fbd68021000 rw-p 00000000 00:00 0 
7fbd68021000-7fbd6c000000 ---p 00000000 00:00 0 
7fbd6c000000-7fbd6c93b000 rw-p 00000000 00:00 0 
7fbd6c93b000-7fbd70000000 ---p 00000000 00:00 0 
7fbd70000000-7fbd70021000 rw-p 00000000 00:00 0 
7fbd70021000-7fbd74000000 ---p 00000000 00:00 0 
7fbd74000000-7fbd74c96000 rw-p 00000000 00:00 0 
7fbd74c96000-7fbd78000000 ---p 00000000 00:00 0 
7fbd79bd3000-7fbd80000000 r--p 00000000 08:05 1455094                    /usr/lib/locale/locale-archive
7fbd80000000-7fbd80021000 rw-p 00000000 00:00 0 
7fbd80021000-7fbd84000000 ---p 00000000 00:00 0 
7fbd84000000-7fbd84021000 rw-p 00000000 00:00 0 
7fbd84021000-7fbd88000000 ---p 00000000 00:00 0 
7fbd88000000-7fbd88021000 rw-p 00000000 00:00 0 
7fbd88021000-7fbd8c000000 ---p 00000000 00:00 0 
7fbd8dce0000-7fbd98000000 rw-p 00000000 00:00 0 
7fbd98000000-7fbd98021000 rw-p 00000000 00:00 0 
7fbd98021000-7fbd9c000000 ---p 00000000 00:00 0 
7fbd9c000000-7fbd9c021000 rw-p 00000000 00:00 0 
7fbd9c021000-7fbda0000000 ---p 00000000 00:00 0 
7fbda0000000-7fbda0021000 rw-p 00000000 00:00 0 
7fbda0021000-7fbda4000000 ---p 00000000 00:00 0 
7fbda8000000-7fbda8021000 rw-p 00000000 00:00 0 
7fbda8021000-7fbdac000000 ---p 00000000 00:00 0 
7fbdb0000000-7fbdb0021000 rw-p 00000000 00:00 0 
7fbdb0021000-7fbdb4000000 ---p 00000000 00:00 0 
7fbdb441c000-7fbdb441d000 rw-p 00000000 00:00 0 
7fbdb441d000-7fbdb4440000 r-xp 00000000 08:07 8128204                    /home/cdesclau/Work/v2/ZONE-extractor/ZONE-plugin-categorization_SVM/libs/libsvmlight.so
7fbdb4440000-7fbdb4640000 ---p 00023000 08:07 8128204                    /home/cdesclau/Work/v2/ZONE-extractor/ZONE-plugin-categorization_SVM/libs/libsvmlight.so
7fbdb4640000-7fbdb4641000 rw-p 00023000 08:07 8128204                    /home/cdesclau/Work/v2/ZONE-extractor/ZONE-plugin-categorization_SVM/libs/libsvmlight.so
7fbdb4641000-7fbdb4676000 r--s 00000000 08:05 657021                     /var/run/nscd/dbF3uSXK (deleted)
7fbdb4676000-7fbdb467b000 r--s 0003f000 08:07 8257813                    /home/cdesclau/.m2/repository/org/jsoup/jsoup/1.7.1/jsoup-1.7.1.jar
7fbdb467b000-7fbdb4684000 r--s 0006d000 08:07 2884413                    /home/cdesclau/.m2/repository/log4j/log4j/1.2.16/log4j-1.2.16.jar
7fbdb4684000-7fbdb4687000 r--s 00018000 08:07 8784569                    /home/cdesclau/.m2/repository/org/apache/opennlp/opennlp-maxent/3.0.2-incubating/opennlp-maxent-3.0.2-incubating.jar
7fbdb4687000-7fbdb4689000 r--s 00004000 08:07 8784568                    /home/cdesclau/.m2/repository/org/cleartk/cleartk-ml-opennlp-maxent/1.1.0/cleartk-ml-opennlp-maxent-1.1.0.jar
7fbdb4689000-7fbdb468d000 r--s 0002a000 08:07 7604472                    /home/cdesclau/.m2/repository/commons-io/commons-io/2.4/commons-io-2.4.jar
7fbdb468d000-7fbdb46a5000 r--s 00114000 08:07 7604471                    /home/cdesclau/.m2/repository/com/carrotsearch/hppc/0.4.1/hppc-0.4.1.jar
7fbdb46a5000-7fbdb46c9000 r--s 001aa000 08:07 7474486                    /home/cdesclau/.m2/repository/com/google/guava/guava/13.0/guava-13.0.jar
7fbdb46c9000-7fbdb46cb000 r--s 0000c000 08:07 8652334                    /home/cdesclau/.m2/repository/args4j/args4j/2.0.16/args4j-2.0.16.jar
7fbdb46cb000-7fbdb46d0000 r--s 00027000 08:07 8652333                    /home/cdesclau/.m2/repository/org/springframework/spring-expression/3.1.0.RELEASE/spring-expression-3.1.0.RELEASE.jar
7fbdb46d0000-7fbdb46dc000 r--s 00084000 08:07 8652331                    /home/cdesclau/.m2/repository/org/springframework/spring-beans/3.1.0.RELEASE/spring-beans-3.1.0.RELEASE.jar
7fbdb46dc000-7fbdb46de000 r--s 00000000 08:07 8652330                    /home/cdesclau/.m2/repository/aopalliance/aopalliance/1.0/aopalliance-1.0.jar
7fbdb46de000-7fbdb46e6000 r--s 00049000 08:07 8652329                    /home/cdesclau/.m2/repository/org/springframework/spring-aop/3.1.0.RELEASE/spring-aop-3.1.0.RELEASE.jar
7fbdb46e6000-7fbdb46fb000 r--s 000b6000 08:07 8652328                    /home/cdesclau/.m2/repository/org/springframework/spring-context/3.1.0.RELEASE/spring-context-3.1.0.RELEASE.jar
7fbdb46fb000-7fbdb46fd000 r--s 0000d000 08:07 2885484                    /home/cdesclau/.m2/repository/commons-logging/commons-logging/1.1.1/commons-logging-1.1.1.jar
7fbdb46fd000-7fbdb46fe000 r--s 0000c000 08:07 8391594                    /home/cdesclau/.m2/repository/org/springframework/spring-asm/3.1.0.RELEASE/spring-asm-3.1.0.RELEASE.jar
7fbdb46fe000-7fbdb4709000 r--s 00062000 08:07 8260002                    /home/cdesclau/.m2/repository/org/springframework/spring-core/3.1.0.RELEASE/spring-core-3.1.0.RELEASE.jar
7fbdb4709000-7fbdb470a000 r--s 00002000 08:07 7340640                    /home/cdesclau/.m2/repository/org/apache/uima/uimaj-document-annotation/2.4.0/uimaj-document-annotation-2.4.0.jar
7fbdb470a000-7fbdb470d000 r--s 00022000 08:07 7340625                    /home/cdesclau/.m2/repository/org/apache/uima/jVinci/2.4.0/jVinci-2.4.0.jar
7fbdb470d000-7fbdb470e000 r--s 0000b000 08:07 7340593                    /home/cdesclau/.m2/repository/org/apache/uima/uimaj-adapter-vinci/2.4.0/uimaj-adapter-vinci-2.4.0.jar
7fbdb470e000-7fbdb4713000 r--s 0004f000 08:07 7079593                    /home/cdesclau/.m2/repository/org/apache/uima/uimaj-cpe/2.4.0/uimaj-cpe-2.4.0.jar
7fbdb4713000-7fbdb471c000 r--s 00078000 08:07 7079592                    /home/cdesclau/.m2/repository/org/apache/uima/uimaj-tools/2.4.0/uimaj-tools-2.4.0.jar
7fbdb471c000-7fbdb4720000 r--s 0003c000 08:07 7734076                    /home/cdesclau/.m2/repository/commons-lang/commons-lang/2.4/commons-lang-2.4.jar
7fbdb4720000-7fbdb4724000 r--s 0001f000 08:07 8128166                    /home/cdesclau/.m2/repository/org/uimafit/uimafit/1.4.0/uimafit-1.4.0.jar
7fbdb4724000-7fbdb473b000 r--s 00123000 08:07 6818461                    /home/cdesclau/.m2/repository/org/apache/uima/uimaj-core/2.4.0/uimaj-core-2.4.0.jar
7fbdb473b000-7fbdb473d000 r--s 00010000 08:07 7998224                    /home/cdesclau/.m2/repository/org/cleartk/cleartk-util/0.9.0/cleartk-util-0.9.0.jar
7fbdb473d000-7fbdb4745000 r--s 00044000 08:07 7998225                    /home/cdesclau/.m2/repository/org/cleartk/cleartk-ml/1.2.0/cleartk-ml-1.2.0.jar
7fbdb4745000-7fbdb4747000 r--s 0000c000 08:07 7871931                    /home/cdesclau/.m2/repository/org/cleartk/cleartk-ml-svmlight/1.1.0/cleartk-ml-svmlight-1.1.0.jar
7fbdb4747000-7fbdb4748000 r--s 00023000 08:07 8520096                    /home/cdesclau/.m2/repository/jnisvmlight/jnisvmlight/2.0/jnisvmlight-2.0.jar
7fbdb4748000-7fbdb474b000 r--s 0002b000 08:07 7734379                    /home/cdesclau/.m2/repository/virtjdbc3/virtjdbc3/1.6/virtjdbc3-1.6.jar
7fbdb474b000-7fbdb474d000 r--s 00007000 08:07 7734214                    /home/cdesclau/.m2/repository/virt_jena/virt_jena/1.6/virt_jena-1.6.jar
7fbdb474d000-7fbdb474e000 r--s 00005000 08:07 6818288                    /home/cdesclau/.m2/repository/com/googlecode/json-simple/json-simple/1.1.1/json-simple-1.1.1.jar
7fbdb474e000-7fbdb4751000 r--s 00023000 08:07 6030184                    /home/cdesclau/.m2/repository/jdom/jdom/1.0/jdom-1.0.jar
7fbdb4751000-7fbdb4755000 r--s 0002f000 08:07 6161009                    /home/cdesclau/.m2/repository/rome/rome/0.9/rome-0.9.jar
7fbdb4755000-7fbdb4756000 r--s 00005000 08:07 7734512                    /home/cdesclau/.m2/repository/org/slf4j/slf4j-api/1.5.8/slf4j-api-1.5.8.jar
7fbdb4756000-7fbdb4762000 r--s 00097000 08:07 7734509                    /home/cdesclau/.m2/repository/org/apache/lucene/lucene-core/2.3.1/lucene-core-2.3.1.jar
7fbdb4762000-7fbdb4764000 r--s 00005000 08:07 2885494                    /home/cdesclau/.m2/repository/stax/stax-api/1.0.1/stax-api-1.0.1.jar
7fbdb4764000-7fbdb476a000 r--s 0007a000 08:07 7734507                    /home/cdesclau/.m2/repository/org/codehaus/woodstox/wstx-asl/3.2.9/wstx-asl-3.2.9.jar
7fbdb476a000-7fbdb476d000 r--s 00023000 08:07 7734505                    /home/cdesclau/.m2/repository/com/hp/hpl/jena/iri/0.8/iri-0.8.jar
7fbdb476d000-7fbdb4786000 r--s 002fd000 08:07 7734500                    /home/cdesclau/.m2/repository/com/ibm/icu/icu4j/3.4.4/icu4j-3.4.4.jar
7fbdb4786000-7fbdb47a9000 r--s 001ad000 08:07 7734498                    /home/cdesclau/.m2/repository/com/hp/hpl/jena/jena/2.6.3/jena-2.6.3.jar
7fbdb47a9000-7fbdb47d2000 r--s 001e6000 08:07 7734501                    /home/cdesclau/.m2/repository/com/hp/hpl/jena/arq/2.8.6/arq-2.8.6.jar
7fbdb47d2000-7fbdb47d4000 r--s 00006000 08:07 6031016                    /home/cdesclau/.m2/repository/org/zoneproject/extractor/ZONE-utils/1.0-SNAPSHOT/ZONE-utils-1.0-SNAPSHOT.jar
7fbdb47d4000-7fbdb47d8000 r--s 0002e000 08:07 2754266                    /home/cdesclau/.m2/repository/org/codehaus/jackson/jackson-core-asl/1.6.1/jackson-core-asl-1.6.1.jar
7fbdb47d8000-7fbdb47e3000 r--s 0007a000 08:07 2754274                    /home/cdesclau/.m2/repository/org/codehaus/jackson/jackson-mapper-asl/1.6.1/jackson-mapper-asl-1.6.1.jar
7fbdb47e3000-7fbdb47e5000 r--s 0806f000 08:07 6816206                    /home/cdesclau/.m2/repository/stanford-corenlp-models/stanford-corenlp-models/1.3.4/stanford-corenlp-models-1.3.4.jar
7fbdb47e5000-7fbdb481f000 r--s 003f3000 08:07 6816205                    /home/cdesclau/.m2/repository/stanford-corenlp/stanford-corenlp/1.3.4/stanford-corenlp-1.3.4.jar
7fbdb481f000-7fbdb483d000 r--s 0027d000 08:07 2885476                    /home/cdesclau/.m2/repository/xalan/xalan/2.7.0/xalan-2.7.0.jar
7fbdb483d000-7fbdb4854000 r--s 00110000 08:07 6029796                    /home/cdesclau/.m2/repository/xerces/xercesImpl/2.8.0/xercesImpl-2.8.0.jar
7fbdb4854000-7fbdb485c000 r--s 00028000 08:07 6161649                    /home/cdesclau/.m2/repository/xml-apis/xml-apis/1.3.03/xml-apis-1.3.03.jar
7fbdb485c000-7fbdb4863000 r--s 00045000 08:07 2885477                    /home/cdesclau/.m2/repository/xom/xom/1.2.5/xom-1.2.5.jar
7fbdb4863000-7fbdb4865000 r--s 0000b000 08:07 6030594                    /home/cdesclau/.m2/repository/org/apache/commons/commons-exec/1.1/commons-exec-1.1.jar
7fbdb4865000-7fbdb4867000 r--s 00008000 08:07 6029803                    /home/cdesclau/.m2/repository/org/codehaus/mojo/exec-maven-plugin/1.2.1/exec-maven-plugin-1.2.1.jar
7fbdb4867000-7fbdb4868000 r--s 00002000 08:07 2883633                    /home/cdesclau/.m2/repository/org/codehaus/plexus/plexus-digest/1.0/plexus-digest-1.0.jar
7fbdb4868000-7fbdb4869000 r--s 00005000 08:07 2753244                    /home/cdesclau/.m2/repository/org/apache/maven/plugins/maven-install-plugin/2.3.1/maven-install-plugin-2.3.1.jar
7fbdb4869000-7fbdb489e000 r--s 00000000 08:05 656960                     /var/run/nscd/dbBhpseK (deleted)
7fbdb489e000-7fbdb48a2000 r--s 00034000 08:07 2754254                    /home/cdesclau/.m2/repository/org/codehaus/plexus/plexus-utils/3.0/plexus-utils-3.0.jar
7fbdb48a2000-7fbdb48a6000 r--s 0002f000 08:07 2884825                    /home/cdesclau/.m2/repository/commons-lang/commons-lang/2.1/commons-lang-2.1.jar
7fbdb48a6000-7fbdb48a9000 r--s 0000c000 08:07 2884824                    /home/cdesclau/.m2/repository/org/codehaus/plexus/plexus-io/2.0.1/plexus-io-2.0.1.jar
7fbdb48a9000-7fbdb48ac000 ---p 00000000 00:00 0 
7fbdb48ac000-7fbdb49aa000 rw-p 00000000 00:00 0 
7fbdb49aa000-7fbdb49ad000 ---p 00000000 00:00 0 
7fbdb49ad000-7fbdb4aab000 rw-p 00000000 00:00 0 
7fbdb4aab000-7fbdb4aae000 ---p 00000000 00:00 0 
7fbdb4aae000-7fbdb4bac000 rw-p 00000000 00:00 0                          [stack:3788]
7fbdb4bac000-7fbdb4baf000 ---p 00000000 00:00 0 
7fbdb4baf000-7fbdb4cad000 rw-p 00000000 00:00 0                          [stack:3769]
7fbdb4cad000-7fbdb4cb0000 ---p 00000000 00:00 0 
7fbdb4cb0000-7fbdb4dae000 rw-p 00000000 00:00 0                          [stack:3768]
7fbdb4dae000-7fbdb4db1000 ---p 00000000 00:00 0 
7fbdb4db1000-7fbdb4eaf000 rw-p 00000000 00:00 0                          [stack:3767]
7fbdb4eaf000-7fbdb4eb2000 ---p 00000000 00:00 0 
7fbdb4eb2000-7fbdb4fb0000 rw-p 00000000 00:00 0                          [stack:3766]
7fbdb4fb0000-7fbdb4fb1000 r--s 00002000 08:07 2753607                    /home/cdesclau/.m2/repository/org/apache/maven/reporting/maven-reporting-api/2.0.9/maven-reporting-api-2.0.9.jar
7fbdb4fb1000-7fbdb4fb4000 r--s 00034000 08:07 6161091                    /home/cdesclau/.m2/repository/org/codehaus/plexus/plexus-utils/2.1/plexus-utils-2.1.jar
7fbdb4fb4000-7fbdb4fb6000 r--s 00006000 08:07 2884787                    /home/cdesclau/.m2/repository/org/apache/maven/shared/maven-common-artifact-filters/1.3/maven-common-artifact-filters-1.3.jar
7fbdb4fb6000-7fbdb4fb8000 r--s 0000d000 08:07 6161123                    /home/cdesclau/.m2/repository/org/apache/maven/surefire/maven-surefire-common/2.10/maven-surefire-common-2.10.jar
7fbdb4fb8000-7fbdb4fbd000 r--s 00023000 08:07 6161124                    /home/cdesclau/.m2/repository/org/apache/maven/surefire/surefire-api/2.10/surefire-api-2.10.jar
7fbdb4fbd000-7fbdb4fbf000 r--s 00007000 08:07 6160428                    /home/cdesclau/.m2/repository/org/apache/maven/surefire/surefire-booter/2.10/surefire-booter-2.10.jar
7fbdb4fbf000-7fbdb4fc1000 r--s 00006000 08:07 6160460                    /home/cdesclau/.m2/repository/org/apache/maven/plugins/maven-surefire-plugin/2.10/maven-surefire-plugin-2.10.jar
7fbdb4fc1000-7fbdb4fc8000 r--s 00000000 08:05 1464676                    /usr/lib64/gconv/gconv-modules.cache
7fbdb4fc8000-7fbdb4fed000 r--p 00000000 08:05 1439739                    /usr/share/locale/fr/LC_MESSAGES/libc.mo
7fbdb4fed000-7fbdb5057000 r--s 00fa5000 08:05 296341                     /usr/lib/jvm/java-1.7.0-openjdk-1.7.0.9.x86_64/lib/tools.jar
7fbdb5057000-7fbdb505b000 r--s 000a1000 08:05 281693                     /usr/lib/jvm/java-1.7.0-openjdk-1.7.0.9.x86_64/jre/lib/jsse.jar
7fbdb505b000-7fbdb5061000 r--s 0003e000 08:05 654508                     /usr/share/java/maven/maven-compat.jar
7fbdb5061000-7fbdb5062000 r--s 00002000 08:07 7734503                    /home/cdesclau/.m2/repository/org/slf4j/slf4j-log4j12/1.5.8/slf4j-log4j12-1.5.8.jar
7fbdb5062000-7fbdb5066000 r--s 00028000 08:07 2884826                    /home/cdesclau/.m2/repository/org/codehaus/plexus/plexus-archiver/2.0.1/plexus-archiver-2.0.1.jar
7fbdb5066000-7fbdb5067000 r--s 00004000 08:07 2884827                    /home/cdesclau/.m2/repository/org/apache/maven/maven-archiver/2.4.2/maven-archiver-2.4.2.jar
7fbdb5067000-7fbdb5068000 r--s 00007000 08:07 2883774                    /home/cdesclau/.m2/repository/org/apache/maven/plugins/maven-jar-plugin/2.3.2/maven-jar-plugin-2.3.2.jar
7fbdb5068000-7fbdb506a000 r--s 00002000 08:07 6160587                    /home/cdesclau/.m2/repository/org/codehaus/plexus/plexus-compiler-javac/1.8.1/plexus-compiler-javac-1.8.1.jar
7fbdb506a000-7fbdb506c000 r--s 00000000 08:07 6160585                    /home/cdesclau/.m2/repository/org/codehaus/plexus/plexus-compiler-manager/1.8.1/plexus-compiler-manager-1.8.1.jar
7fbdb506c000-7fbdb506d000 r--s 00004000 08:07 6160586                    /home/cdesclau/.m2/repository/org/codehaus/plexus/plexus-compiler-api/1.8.1/plexus-compiler-api-1.8.1.jar
7fbdb506d000-7fbdb506f000 r--s 00006000 08:07 6160450                    /home/cdesclau/.m2/repository/org/apache/maven/plugins/maven-compiler-plugin/2.3.2/maven-compiler-plugin-2.3.2.jar
7fbdb506f000-7fbdb5071000 r--s 0000d000 08:07 2884585                    /home/cdesclau/.m2/repository/org/codehaus/plexus/plexus-interpolation/1.13/plexus-interpolation-1.13.jar
7fbdb5071000-7fbdb5072000 r--s 00001000 08:07 2884581                    /home/cdesclau/.m2/repository/org/sonatype/plexus/plexus-build-api/0.0.4/plexus-build-api-0.0.4.jar
7fbdb5072000-7fbdb5074000 r--s 00009000 08:07 2884582                    /home/cdesclau/.m2/repository/org/apache/maven/shared/maven-filtering/1.0/maven-filtering-1.0.jar
7fbdb5074000-7fbdb5078000 r--s 00033000 08:07 2754280                    /home/cdesclau/.m2/repository/org/codehaus/plexus/plexus-utils/2.0.5/plexus-utils-2.0.5.jar
7fbdb5078000-7fbdb507b000 r--s 0001b000 08:07 2754259                    /home/cdesclau/.m2/repository/junit/junit/3.8.1/junit-3.8.1.jar
7fbdb507b000-7fbdb507d000 r--s 00002000 08:07 2753608                    /home/cdesclau/.m2/repository/org/codehaus/plexus/plexus-interactivity-api/1.0-alpha-4/plexus-interactivity-api-1.0-alpha-4.jar
7fbdb507d000-7fbdb507f000 r--s 00006000 08:07 2753606                    /home/cdesclau/.m2/repository/commons-cli/commons-cli/1.0/commons-cli-1.0.jar
7fbdb507f000-7fbdb5080000 r--s 00001000 08:07 2754287                    /home/cdesclau/.m2/repository/org/apache/maven/doxia/doxia-sink-api/1.0-alpha-7/doxia-sink-api-1.0-alpha-7.jar
7fbdb5080000-7fbdb5081000 r--s 00002000 08:07 2754286                    /home/cdesclau/.m2/repository/org/apache/maven/reporting/maven-reporting-api/2.0.6/maven-reporting-api-2.0.6.jar
7fbdb5081000-7fbdb5083000 r--s 00005000 08:07 2883715                    /home/cdesclau/.m2/repository/org/apache/maven/plugins/maven-resources-plugin/2.5/maven-resources-plugin-2.5.jar
7fbdb5083000-7fbdb5086000 ---p 00000000 00:00 0 
7fbdb5086000-7fbdb50ab000 rw-p 00000000 00:00 0                          [stack:3763]
7fbdb50ab000-7fbdb50ad000 r--s 0000d000 08:05 131014                     /usr/share/java/plexus/interpolation.jar
7fbdb50ad000-7fbdb50b0000 r--s 0000d000 08:05 654506                     /usr/share/java/maven/maven-aether-provider.jar
7fbdb50b0000-7fbdb50b1000 r--s 00001000 08:05 148294                     /usr/share/java/maven-wagon/file.jar
7fbdb50b1000-7fbdb50b5000 r--s 00020000 08:05 654517                     /usr/share/java/maven/maven-model-builder.jar
7fbdb50b5000-7fbdb50b6000 r--s 00002000 08:05 153345                     /usr/share/java/maven-wagon/http-lightweight.jar
7fbdb50b6000-7fbdb50b8000 r--s 0001c000 08:05 151481                     /usr/share/java/nekohtml.jar
7fbdb50b8000-7fbdb50ba000 r--s 00002000 08:05 177089                     /usr/share/java/plexus/plexus-cipher.jar
7fbdb50ba000-7fbdb50bc000 r--s 00005000 08:05 151814                     /usr/share/java/plexus/plexus-sec-dispatcher.jar
7fbdb50bc000-7fbdb50c1000 r--s 0001f000 08:05 151763                     /usr/share/java/xbean/xbean-reflect.jar
7fbdb50c1000-7fbdb50c4000 ---p 00000000 00:00 0 
7fbdb50c4000-7fbdb51f3000 rw-p 00000000 00:00 0                          [stack:3761]
7fbdb51f3000-7fbdb5209000 r-xp 00000000 08:05 300518                     /usr/lib/jvm/java-1.7.0-openjdk-1.7.0.9.x86_64/jre/lib/amd64/libnet.so
7fbdb5209000-7fbdb5409000 ---p 00016000 08:05 300518                     /usr/lib/jvm/java-1.7.0-openjdk-1.7.0.9.x86_64/jre/lib/amd64/libnet.so
7fbdb5409000-7fbdb540a000 rw-p 00016000 08:05 300518                     /usr/lib/jvm/java-1.7.0-openjdk-1.7.0.9.x86_64/jre/lib/amd64/libnet.so
7fbdb540a000-7fbdb541b000 r-xp 00000000 08:05 300519                     /usr/lib/jvm/java-1.7.0-openjdk-1.7.0.9.x86_64/jre/lib/amd64/libnio.so
7fbdb541b000-7fbdb561a000 ---p 00011000 08:05 300519                     /usr/lib/jvm/java-1.7.0-openjdk-1.7.0.9.x86_64/jre/lib/amd64/libnio.so
7fbdb561a000-7fbdb561b000 rw-p 00010000 08:05 300519                     /usr/lib/jvm/java-1.7.0-openjdk-1.7.0.9.x86_64/jre/lib/amd64/libnio.so
7fbdb561b000-7fbdb5622000 r--s 0002d000 08:05 549494                     /usr/share/java/sisu/sisu-inject-plexus.jar
7fbdb5622000-7fbdb5624000 r--s 00007000 08:05 654521                     /usr/share/java/maven/maven-settings-builder.jar
7fbdb5624000-7fbdb562f000 r--s 0007d000 08:05 654509                     /usr/share/java/maven/maven-core.jar
7fbdb562f000-7fbdb5633000 r--s 00034000 08:05 141828                     /usr/share/java/plexus/utils.jar
7fbdb5633000-7fbdb5635000 r--s 00009000 08:05 654522                     /usr/share/java/maven/maven-settings.jar
7fbdb5635000-7fbdb5655000 r--s 00172000 08:05 153572                     /usr/share/java/guava.jar
7fbdb5655000-7fbdb5656000 ---p 00000000 00:00 0 
7fbdb5656000-7fbdb5756000 rw-p 00000000 00:00 0                          [stack:3760]
7fbdb5756000-7fbdb5759000 ---p 00000000 00:00 0 
7fbdb5759000-7fbdb5857000 rw-p 00000000 00:00 0                          [stack:3759]
7fbdb5857000-7fbdb585a000 ---p 00000000 00:00 0 
7fbdb585a000-7fbdb5958000 rw-p 00000000 00:00 0                          [stack:3758]
7fbdb5958000-7fbdb595b000 ---p 00000000 00:00 0 
7fbdb595b000-7fbdb5a59000 rw-p 00000000 00:00 0                          [stack:3757]
7fbdb5a59000-7fbdb5a5c000 ---p 00000000 00:00 0 
7fbdb5a5c000-7fbdb5b5a000 rw-p 00000000 00:00 0                          [stack:3756]
7fbdb5b5a000-7fbdb5b5d000 ---p 00000000 00:00 0 
7fbdb5b5d000-7fbdb5c5b000 rw-p 00000000 00:00 0                          [stack:3755]
7fbdb5c5b000-7fbdb5c5e000 ---p 00000000 00:00 0 
7fbdb5c5e000-7fbdb5d5c000 rw-p 00000000 00:00 0                          [stack:3754]
7fbdb5d5c000-7fbdb5d5d000 ---p 00000000 00:00 0 
7fbdb5d5d000-7fbdb6df0000 rw-p 00000000 00:00 0                          [stack:3753]
7fbdb6df0000-7fbdb6f9b000 r--s 03e6c000 08:05 300538                     /usr/lib/jvm/java-1.7.0-openjdk-1.7.0.9.x86_64/jre/lib/rt.jar
7fbdb6f9b000-7fbdb6f9c000 ---p 00000000 00:00 0 
7fbdb6f9c000-7fbdb709c000 rw-p 00000000 00:00 0                          [stack:3752]
7fbdb709c000-7fbdb709d000 ---p 00000000 00:00 0 
7fbdb709d000-7fbdb719d000 rw-p 00000000 00:00 0                          [stack:3751]
7fbdb719d000-7fbdb719e000 ---p 00000000 00:00 0 
7fbdb719e000-7fbdb72f2000 rw-p 00000000 00:00 0                          [stack:3750]
7fbdb72f2000-7fbdb77d7000 rw-p 00000000 00:00 0 
7fbdb77d7000-7fbdb77e4000 rw-p 00000000 00:00 0 
7fbdb77e4000-7fbdb782a000 rw-p 00000000 00:00 0 
7fbdb782a000-7fbdb787e000 rw-p 00000000 00:00 0 
7fbdb787e000-7fbdb7d62000 rw-p 00000000 00:00 0 
7fbdb7d62000-7fbdb7deb000 rw-p 00000000 00:00 0 
7fbdb7deb000-7fbdb7fff000 rw-p 00000000 00:00 0 
7fbdb7fff000-7fbdb8000000 rw-p 00000000 00:00 0 
7fbdb8000000-7fbdb89f2000 rw-p 00000000 00:00 0 
7fbdb89f2000-7fbdbc000000 ---p 00000000 00:00 0 
7fbdbc000000-7fbdbc001000 r--p 00000000 00:00 0 
7fbdbc001000-7fbdbc005000 r--s 0001c000 08:05 550594                     /usr/share/java/aether/util.jar
7fbdbc005000-7fbdbc006000 r--s 00004000 08:05 153348                     /usr/share/java/maven-wagon/http-shared.jar
7fbdbc006000-7fbdbc011000 r--s 0006a000 08:05 153475                     /usr/share/java/google-guice.jar
7fbdbc011000-7fbdbc012000 r--s 00000000 08:05 148288                     /usr/share/java/atinject.jar
7fbdbc012000-7fbdbc013000 r--s 00003000 08:05 550592                     /usr/share/java/aether/spi.jar
7fbdbc013000-7fbdbc019000 r--s 00039000 08:05 549493                     /usr/share/java/sisu/sisu-inject-bean.jar
7fbdbc019000-7fbdbc01b000 r--s 00025000 08:05 654518                     /usr/share/java/maven/maven-model.jar
7fbdbc01b000-7fbdbc01d000 r--s 00008000 08:05 654516                     /usr/share/java/maven/maven-embedder.jar
7fbdbc01d000-7fbdbc01f000 r--s 0000a000 08:05 153351                     /usr/share/java/maven-wagon/provider-api.jar
7fbdbc01f000-7fbdbc022000 r--s 00013000 08:05 550587                     /usr/share/java/aether/api.jar
7fbdbc022000-7fbdbc024000 r--s 00009000 08:05 654519                     /usr/share/java/maven/maven-plugin-api.jar
7fbdbc024000-7fbdbc026000 r--s 00005000 08:05 654520                     /usr/share/java/maven/maven-repository-metadata.jar
7fbdbc026000-7fbdbc028000 r--s 00009000 08:05 153519                     /usr/share/java/apache-commons-cli.jar
7fbdbc028000-7fbdbc02a000 r--s 0000a000 08:05 654507                     /usr/share/java/maven/maven-artifact.jar
7fbdbc02a000-7fbdbc02d000 r--s 0001d000 08:05 550591                     /usr/share/java/aether/impl.jar
7fbdbc02d000-7fbdbc02f000 r--s 00006000 08:05 550590                     /usr/share/java/aether/connector-wagon.jar
7fbdbc02f000-7fbdbc031000 r--s 00000000 08:05 151788                     /usr/share/java/plexus/containers-component-annotations.jar
7fbdbc031000-7fbdbc04a000 r--s 00131000 08:05 148319                     /usr/share/java/xerces-j2.jar
7fbdbc04a000-7fbdbc053000 r--s 0002d000 08:05 147266                     /usr/share/java/xml-commons-apis.jar
7fbdbc053000-7fbdbc055000 r--s 0000a000 08:05 147760                     /usr/share/java/plexus/classworlds.jar
7fbdbc055000-7fbdbc058000 r--s 0000f000 08:05 295263                     /usr/lib/jvm/java-1.7.0-openjdk-1.7.0.9.x86_64/jre/lib/ext/pulse-java.jar
7fbdbc058000-7fbdbc061000 r--s 00066000 08:05 300527                     /usr/lib/jvm/java-1.7.0-openjdk-1.7.0.9.x86_64/jre/lib/ext/gnome-java-bridge.jar
7fbdbc061000-7fbdbc0ee000 rw-p 00000000 00:00 0 
7fbdbc0ee000-7fbdbc0ef000 ---p 00000000 00:00 0 
7fbdbc0ef000-7fbdbc1fc000 rw-p 00000000 00:00 0                          [stack:3749]
7fbdbc1fc000-7fbdbc242000 rw-p 00000000 00:00 0 
7fbdbc242000-7fbdbc24c000 rw-p 00000000 00:00 0 
7fbdbc24c000-7fbdbc302000 rw-p 00000000 00:00 0 
7fbdbc302000-7fbdbc572000 rwxp 00000000 00:00 0 
7fbdbc572000-7fbdbf302000 rw-p 00000000 00:00 0 
7fbdbf302000-7fbdbf30a000 r-xp 00000000 08:05 300522                     /usr/lib/jvm/java-1.7.0-openjdk-1.7.0.9.x86_64/jre/lib/amd64/libzip.so
7fbdbf30a000-7fbdbf509000 ---p 00008000 08:05 300522                     /usr/lib/jvm/java-1.7.0-openjdk-1.7.0.9.x86_64/jre/lib/amd64/libzip.so
7fbdbf509000-7fbdbf50a000 rw-p 00007000 08:05 300522                     /usr/lib/jvm/java-1.7.0-openjdk-1.7.0.9.x86_64/jre/lib/amd64/libzip.so
7fbdbf50a000-7fbdbf53f000 r--s 00000000 08:05 654370                     /var/run/nscd/dbzVN2uJ (deleted)
7fbdbf53f000-7fbdbf569000 r-xp 00000000 08:05 281729                     /usr/lib/jvm/java-1.7.0-openjdk-1.7.0.9.x86_64/jre/lib/amd64/libjava.so
7fbdbf569000-7fbdbf769000 ---p 0002a000 08:05 281729                     /usr/lib/jvm/java-1.7.0-openjdk-1.7.0.9.x86_64/jre/lib/amd64/libjava.so
7fbdbf769000-7fbdbf76b000 rw-p 0002a000 08:05 281729                     /usr/lib/jvm/java-1.7.0-openjdk-1.7.0.9.x86_64/jre/lib/amd64/libjava.so
7fbdbf76b000-7fbdbf778000 r-xp 00000000 08:05 281808                     /usr/lib/jvm/java-1.7.0-openjdk-1.7.0.9.x86_64/jre/lib/amd64/libverify.so
7fbdbf778000-7fbdbf977000 ---p 0000d000 08:05 281808                     /usr/lib/jvm/java-1.7.0-openjdk-1.7.0.9.x86_64/jre/lib/amd64/libverify.so
7fbdbf977000-7fbdbf979000 rw-p 0000c000 08:05 281808                     /usr/lib/jvm/java-1.7.0-openjdk-1.7.0.9.x86_64/jre/lib/amd64/libverify.so
7fbdbf979000-7fbdbf97c000 ---p 00000000 00:00 0 
7fbdbf97c000-7fbdbfa7a000 rw-p 00000000 00:00 0                          [stack:3748]
7fbdbfa7a000-7fbdc047c000 r-xp 00000000 08:05 281815                     /usr/lib/jvm/java-1.7.0-openjdk-1.7.0.9.x86_64/jre/lib/amd64/server/libjvm.so
7fbdc047c000-7fbdc067b000 ---p 00a02000 08:05 281815                     /usr/lib/jvm/java-1.7.0-openjdk-1.7.0.9.x86_64/jre/lib/amd64/server/libjvm.so
7fbdc067b000-7fbdc071d000 rw-p 00a01000 08:05 281815                     /usr/lib/jvm/java-1.7.0-openjdk-1.7.0.9.x86_64/jre/lib/amd64/server/libjvm.so
7fbdc071d000-7fbdc0774000 rw-p 00000000 00:00 0 
7fbdc0774000-7fbdc077c000 rw-s 00000000 08:05 1706386                    /tmp/hsperfdata_cdesclau/3746
7fbdc077c000-7fbdc077d000 rw-p 00000000 00:00 0 
7fbdc077d000-7fbdc077e000 r--p 00000000 00:00 0 
7fbdc077e000-7fbdc077f000 rw-p 00000000 00:00 0 
7fff26cce000-7fff26cf0000 rw-p 00000000 00:00 0                          [stack]
7fff26dff000-7fff26e00000 r-xp 00000000 00:00 0                          [vdso]
ffffffffff600000-ffffffffff601000 r-xp 00000000 00:00 0                  [vsyscall]

VM Arguments:
jvm_args: -Dclassworlds.conf=/usr/share/maven/bin/m2.conf -Dmaven.home=/usr/share/maven 
java_command: org.codehaus.plexus.classworlds.launcher.Launcher install
Launcher Type: SUN_STANDARD

Environment Variables:
JAVA_HOME=/usr/lib/jvm/java
PATH=/usr/lib64/qt-3.3/bin:/usr/lib64/ccache:/usr/local/bin:/usr/bin:/bin:/usr/local/sbin:/usr/sbin:/home/cdesclau/.local/bin:/home/cdesclau/bin:/home/cdesclau/.local/bin:/home/cdesclau/bin
USERNAME=cdesclau
LD_LIBRARY_PATH=/home/cdesclau/Work/v2/ZONE-extractor/ZONE-plugin-categorization_SVM/libs/
SHELL=/bin/bash
DISPLAY=:0

Signal Handlers:
SIGSEGV: [libjvm.so+0x85d280], sa_mask[0]=0x7ffbfeff, sa_flags=0x10000004
SIGBUS: [libjvm.so+0x85d280], sa_mask[0]=0x7ffbfeff, sa_flags=0x10000004
SIGFPE: [libjvm.so+0x6feab0], sa_mask[0]=0x7ffbfeff, sa_flags=0x10000004
SIGPIPE: [libjvm.so+0x6feab0], sa_mask[0]=0x7ffbfeff, sa_flags=0x10000004
SIGXFSZ: [libjvm.so+0x6feab0], sa_mask[0]=0x7ffbfeff, sa_flags=0x10000004
SIGILL: [libjvm.so+0x6feab0], sa_mask[0]=0x7ffbfeff, sa_flags=0x10000004
SIGUSR1: SIG_DFL, sa_mask[0]=0x00000000, sa_flags=0x00000000
SIGUSR2: [libjvm.so+0x6fece0], sa_mask[0]=0x00000000, sa_flags=0x10000004
SIGHUP: [libjvm.so+0x6fee20], sa_mask[0]=0x7ffbfeff, sa_flags=0x10000004
SIGINT: [libjvm.so+0x6fee20], sa_mask[0]=0x7ffbfeff, sa_flags=0x10000004
SIGTERM: [libjvm.so+0x6fee20], sa_mask[0]=0x7ffbfeff, sa_flags=0x10000004
SIGQUIT: [libjvm.so+0x6fee20], sa_mask[0]=0x7ffbfeff, sa_flags=0x10000004


---------------  S Y S T E M  ---------------

OS:Fedora release 17 (Beefy Miracle)

uname:Linux 3.6.11-1.fc17.x86_64 #1 SMP Mon Dec 17 22:16:35 UTC 2012 x86_64
libc:glibc 2.15 NPTL 2.15 
rlimit: STACK 8192k, CORE 0k, NPROC 1024, NOFILE 4096, AS infinity
load average:1.86 1.53 1.31

/proc/meminfo:
MemTotal:       16417956 kB
MemFree:          463448 kB
Buffers:          613560 kB
Cached:          4413544 kB
SwapCached:         2000 kB
Active:         10606844 kB
Inactive:        4051372 kB
Active(anon):    8266400 kB
Inactive(anon):  1423604 kB
Active(file):    2340444 kB
Inactive(file):  2627768 kB
Unevictable:          80 kB
Mlocked:              80 kB
SwapTotal:       4194300 kB
SwapFree:        4150984 kB
Dirty:              4580 kB
Writeback:             0 kB
AnonPages:       9598452 kB
Mapped:           560004 kB
Shmem:             58840 kB
Slab:             970872 kB
SReclaimable:     913164 kB
SUnreclaim:        57708 kB
KernelStack:        6704 kB
PageTables:       103600 kB
NFS_Unstable:          0 kB
Bounce:                0 kB
WritebackTmp:          0 kB
CommitLimit:    12403276 kB
Committed_AS:   15642896 kB
VmallocTotal:   34359738367 kB
VmallocUsed:      161576 kB
VmallocChunk:   34359546364 kB
HardwareCorrupted:     0 kB
AnonHugePages:   4923392 kB
HugePages_Total:       0
HugePages_Free:        0
HugePages_Rsvd:        0
HugePages_Surp:        0
Hugepagesize:       2048 kB
DirectMap4k:      601748 kB
DirectMap2M:    16158720 kB


CPU:total 4 (4 cores per cpu, 2 threads per core) family 6 model 26 stepping 5, cmov, cx8, fxsr, mmx, sse, sse2, sse3, ssse3, sse4.1, sse4.2, popcnt, ht, tsc, tscinvbit, tscinv

/proc/cpuinfo:
processor	: 0
vendor_id	: GenuineIntel
cpu family	: 6
model		: 26
model name	: Intel(R) Xeon(R) CPU           W3550  @ 3.07GHz
stepping	: 5
microcode	: 0x11
cpu MHz		: 2926.000
cache size	: 8192 KB
physical id	: 0
siblings	: 4
core id		: 0
cpu cores	: 4
apicid		: 0
initial apicid	: 0
fpu		: yes
fpu_exception	: yes
cpuid level	: 11
wp		: yes
flags		: fpu vme de pse tsc msr pae mce cx8 apic sep mtrr pge mca cmov pat pse36 clflush dts acpi mmx fxsr sse sse2 ss ht tm pbe syscall nx rdtscp lm constant_tsc arch_perfmon pebs bts rep_good nopl xtopology nonstop_tsc aperfmperf pni dtes64 monitor ds_cpl vmx est tm2 ssse3 cx16 xtpr pdcm dca sse4_1 sse4_2 popcnt lahf_lm ida dtherm tpr_shadow vnmi flexpriority ept vpid
bogomips	: 6133.51
clflush size	: 64
cache_alignment	: 64
address sizes	: 36 bits physical, 48 bits virtual
power management:

processor	: 1
vendor_id	: GenuineIntel
cpu family	: 6
model		: 26
model name	: Intel(R) Xeon(R) CPU           W3550  @ 3.07GHz
stepping	: 5
microcode	: 0x11
cpu MHz		: 2394.000
cache size	: 8192 KB
physical id	: 0
siblings	: 4
core id		: 1
cpu cores	: 4
apicid		: 2
initial apicid	: 2
fpu		: yes
fpu_exception	: yes
cpuid level	: 11
wp		: yes
flags		: fpu vme de pse tsc msr pae mce cx8 apic sep mtrr pge mca cmov pat pse36 clflush dts acpi mmx fxsr sse sse2 ss ht tm pbe syscall nx rdtscp lm constant_tsc arch_perfmon pebs bts rep_good nopl xtopology nonstop_tsc aperfmperf pni dtes64 monitor ds_cpl vmx est tm2 ssse3 cx16 xtpr pdcm dca sse4_1 sse4_2 popcnt lahf_lm ida dtherm tpr_shadow vnmi flexpriority ept vpid
bogomips	: 6133.51
clflush size	: 64
cache_alignment	: 64
address sizes	: 36 bits physical, 48 bits virtual
power management:

processor	: 2
vendor_id	: GenuineIntel
cpu family	: 6
model		: 26
model name	: Intel(R) Xeon(R) CPU           W3550  @ 3.07GHz
stepping	: 5
microcode	: 0x11
cpu MHz		: 1995.000
cache size	: 8192 KB
physical id	: 0
siblings	: 4
core id		: 2
cpu cores	: 4
apicid		: 4
initial apicid	: 4
fpu		: yes
fpu_exception	: yes
cpuid level	: 11
wp		: yes
flags		: fpu vme de pse tsc msr pae mce cx8 apic sep mtrr pge mca cmov pat pse36 clflush dts acpi mmx fxsr sse sse2 ss ht tm pbe syscall nx rdtscp lm constant_tsc arch_perfmon pebs bts rep_good nopl xtopology nonstop_tsc aperfmperf pni dtes64 monitor ds_cpl vmx est tm2 ssse3 cx16 xtpr pdcm dca sse4_1 sse4_2 popcnt lahf_lm ida dtherm tpr_shadow vnmi flexpriority ept vpid
bogomips	: 6133.51
clflush size	: 64
cache_alignment	: 64
address sizes	: 36 bits physical, 48 bits virtual
power management:

processor	: 3
vendor_id	: GenuineIntel
cpu family	: 6
model		: 26
model name	: Intel(R) Xeon(R) CPU           W3550  @ 3.07GHz
stepping	: 5
microcode	: 0x11
cpu MHz		: 3060.000
cache size	: 8192 KB
physical id	: 0
siblings	: 4
core id		: 3
cpu cores	: 4
apicid		: 6
initial apicid	: 6
fpu		: yes
fpu_exception	: yes
cpuid level	: 11
wp		: yes
flags		: fpu vme de pse tsc msr pae mce cx8 apic sep mtrr pge mca cmov pat pse36 clflush dts acpi mmx fxsr sse sse2 ss ht tm pbe syscall nx rdtscp lm constant_tsc arch_perfmon pebs bts rep_good nopl xtopology nonstop_tsc aperfmperf pni dtes64 monitor ds_cpl vmx est tm2 ssse3 cx16 xtpr pdcm dca sse4_1 sse4_2 popcnt lahf_lm ida dtherm tpr_shadow vnmi flexpriority ept vpid
bogomips	: 6133.51
clflush size	: 64
cache_alignment	: 64
address sizes	: 36 bits physical, 48 bits virtual
power management:



Memory: 4k page, physical 16417956k(463448k free), swap 4194300k(4150984k free)

vm_info: OpenJDK 64-Bit Server VM (23.2-b09) for linux-amd64 JRE (1.7.0_09-icedtea-mockbuild_2013_01_14_23_04-b00), built on Jan 14 2013 23:11:23 by "mockbuild" with gcc 4.7.2 20120921 (Red Hat 4.7.2-2)

time: Mon Jan 21 11:15:21 2013
elapsed time: 4 seconds

