#
# A fatal error has been detected by the Java Runtime Environment:
#
#  SIGSEGV (0xb) at pc=0x00007f51d44c3f41, pid=3506, tid=139988869048064
#
# JRE version: 7.0_09
# Java VM: OpenJDK 64-Bit Server VM (23.2-b09 mixed mode linux-amd64 compressed oops)
# Problematic frame:
# V  [libjvm.so+0x535f41]  AsyncGetCallTrace+0xdcf11
#
# Failed to write core dump. Core dumps have been disabled. To enable core dumping, try "ulimit -c unlimited" before starting Java again
#
# If you would like to submit a bug report, please include
# instructions on how to reproduce the bug and visit:
#   http://icedtea.classpath.org/bugzilla
#

---------------  T H R E A D  ---------------

Current thread (0x00007f51cc85b000):  JavaThread "org.zoneproject.extractor.plugin.categorization_svm.Install.main()" [_thread_in_vm, id=3546, stack(0x00007f51b2bfe000,0x00007f51b2cff000)]

siginfo:si_signo=SIGSEGV: si_errno=0, si_code=1 (SEGV_MAPERR), si_addr=0x0000000000000000

Registers:
RAX=0x00007f51d482ee38, RBX=0x00007f51cc85b000, RCX=0x00000000fbad000c, RDX=0x00007f51d4c38bd3
RSP=0x00007f51b2cfcd80, RBP=0x00007f51b2cfcdc0, RSI=0x0000000000000006, RDI=0x00007f51cc85b000
R8 =0x0000000000000001, R9 =0x0000000000000000, R10=0x7420656320656420, R11=0x0000000000000206
R12=0x00007f51cc85b1d8, R13=0x0000000000000000, R14=0x00007f516424f560, R15=0x00007f51cc85b000
RIP=0x00007f51d44c3f41, EFLAGS=0x0000000000010297, CSGSFS=0x0000000000000033, ERR=0x0000000000000004
  TRAPNO=0x000000000000000e

Top of Stack: (sp=0x00007f51b2cfcd80)
0x00007f51b2cfcd80:   00007f51cc85b000 00007f5190000bd8
0x00007f51b2cfcd90:   0000000600000d92 00007f51d482ee38
0x00007f51b2cfcda0:   00007f516424f360 00007f51b2cfce58
0x00007f51b2cfcdb0:   00000006fc4a38e8 00007f516424f560
0x00007f51b2cfcdc0:   00007f51cc85b1d8 00007f51b27f1325
0x00007f51b2cfcdd0:   00007f51cc85b1d8 0000000000000000
0x00007f51b2cfcde0:   00000006fc4a38e8 00007f51b2cfd1e8
0x00007f51b2cfcdf0:   0000000000000000 00007f51b27f3a59
0x00007f51b2cfce00:   00007f51b2cfcff8 00007f51d0824ddb
0x00007f51b2cfce10:   00007f51b2cfce70 00000000ffffffff
0x00007f51b2cfce20:   00007f51b2cfce50 00007f51cc85b1d8
0x00007f51b2cfce30:   00007f516424f230 00007f516424f250
0x00007f51b2cfce40:   00007f51cc005320 00007f51b2cfd218
0x00007f51b2cfce50:   00007f51b2cfd208 00007f51b2cfd210
0x00007f51b2cfce60:   00007f51b2cfcf10 00007f51d44a97ce
0x00007f51b2cfce70:   00007f51d4c02810 0000000000000000
0x00007f51b2cfce80:   00007f51d0824ddb 00007f51d44b3144
0x00007f51b2cfce90:   00007f51b2cfcf10 00007f516423ee00
0x00007f51b2cfcea0:   00007f51d0824ddb 00007f51d464c6ef
0x00007f51b2cfceb0:   00007f5100000001 0000000000015338
0x00007f51b2cfcec0:   00007f51d4c02810 00007f51b2cfcfa0
0x00007f51b2cfced0:   00007f51b2cfcfa0 00007f51cc005320
0x00007f51b2cfcee0:   00007f51cc72b8a0 000000000000005a
0x00007f51b2cfcef0:   00007f51b2cfcf10 00007f51d4313162
0x00007f51b2cfcf00:   00007f5190000bd8 00007f51cc0a6b70
0x00007f51b2cfcf10:   00007f51b2cfd130 00007f51d44b1e81
0x00007f51b2cfcf20:   00000007ae5aabb0 00000007ae5aabb0
0x00007f51b2cfcf30:   00007f51b2cfcf50 00007f51cc76d068
0x00007f51b2cfcf40:   00007f51cc76cc90 00007f51cc76cc80
0x00007f51b2cfcf50:   00007f51d4bfab70 00007f516423ee00
0x00007f51b2cfcf60:   00000002b2cfcfa0 00007f51b2cfcf18
0x00007f51b2cfcf70:   00007f5190000bd8 0000000100000003 

Instructions: (pc=0x00007f51d44c3f41)
0x00007f51d44c3f21:   00 48 89 5d c0 48 c7 45 c8 00 00 00 00 74 09 48
0x00007f51d44c3f31:   8d 7d c0 e8 17 5b 21 00 90 48 8b 15 a7 48 74 00
0x00007f51d44c3f41:   49 8b 45 00 80 3a 00 75 7e 48 8b 40 08 48 8b 70
0x00007f51d44c3f51:   78 4c 89 e7 e8 d6 08 03 00 49 89 c5 90 48 83 7d 

Register to memory mapping:

RAX=0x00007f51d482ee38: <offset 0x8a0e38> in /usr/lib/jvm/java-1.7.0-openjdk-1.7.0.9.x86_64/jre/lib/amd64/server/libjvm.so at 0x00007f51d3f8e000
RBX=0x00007f51cc85b000 is a thread
RCX=0x00000000fbad000c is an unknown value
RDX=0x00007f51d4c38bd3: <offset 0xcaabd3> in /usr/lib/jvm/java-1.7.0-openjdk-1.7.0.9.x86_64/jre/lib/amd64/server/libjvm.so at 0x00007f51d3f8e000
RSP=0x00007f51b2cfcd80 is pointing into the stack for thread: 0x00007f51cc85b000
RBP=0x00007f51b2cfcdc0 is pointing into the stack for thread: 0x00007f51cc85b000
RSI=0x0000000000000006 is an unknown value
RDI=0x00007f51cc85b000 is a thread
R8 =0x0000000000000001 is an unknown value
R9 =0x0000000000000000 is an unknown value
R10=0x7420656320656420 is an unknown value
R11=0x0000000000000206 is an unknown value
R12=0x00007f51cc85b1d8 is an unknown value
R13=0x0000000000000000 is an unknown value
R14=0x00007f516424f560 is an unknown value
R15=0x00007f51cc85b000 is a thread


Stack: [0x00007f51b2bfe000,0x00007f51b2cff000],  sp=0x00007f51b2cfcd80,  free space=1019k
Native frames: (J=compiled Java code, j=interpreted, Vv=VM code, C=native code)
V  [libjvm.so+0x535f41]  AsyncGetCallTrace+0xdcf11

Java frames: (J=compiled Java code, j=interpreted, Vv=VM code)
j  jnisvmlight.SVMLightInterface.trainmodel([Ljnisvmlight/LabeledFeatureVector;Ljnisvmlight/TrainingParameters;)Ljnisvmlight/SVMLightModel;+0
j  jnisvmlight.SVMLightInterface.trainModel([Ljnisvmlight/LabeledFeatureVector;Ljnisvmlight/TrainingParameters;)Ljnisvmlight/SVMLightModel;+22
j  org.zoneproject.extractor.plugin.categorization_svm.svm.SVMLearn.learn()V+213
j  org.zoneproject.extractor.plugin.categorization_svm.Install.main([Ljava/lang/String;)V+390
v  ~StubRoutines::call_stub
j  sun.reflect.NativeMethodAccessorImpl.invoke0(Ljava/lang/reflect/Method;Ljava/lang/Object;[Ljava/lang/Object;)Ljava/lang/Object;+0
j  sun.reflect.NativeMethodAccessorImpl.invoke(Ljava/lang/Object;[Ljava/lang/Object;)Ljava/lang/Object;+87
j  sun.reflect.DelegatingMethodAccessorImpl.invoke(Ljava/lang/Object;[Ljava/lang/Object;)Ljava/lang/Object;+6
j  java.lang.reflect.Method.invoke(Ljava/lang/Object;[Ljava/lang/Object;)Ljava/lang/Object;+57
j  org.codehaus.mojo.exec.ExecJavaMojo$1.run()V+112
j  java.lang.Thread.run()V+11
v  ~StubRoutines::call_stub

---------------  P R O C E S S  ---------------

Java Threads: ( => current thread )
=>0x00007f51cc85b000 JavaThread "org.zoneproject.extractor.plugin.categorization_svm.Install.main()" [_thread_in_vm, id=3546, stack(0x00007f51b2bfe000,0x00007f51b2cff000)]
  0x00007f51cc747000 JavaThread "resolver-4" daemon [_thread_blocked, id=3527, stack(0x00007f51b2cff000,0x00007f51b2e00000)]
  0x00007f51cc72f000 JavaThread "resolver-3" daemon [_thread_blocked, id=3526, stack(0x00007f51b2e00000,0x00007f51b2f01000)]
  0x00007f51cc728000 JavaThread "resolver-2" daemon [_thread_blocked, id=3525, stack(0x00007f51b2f01000,0x00007f51b3002000)]
  0x00007f51cc740000 JavaThread "resolver-1" daemon [_thread_blocked, id=3524, stack(0x00007f51b3002000,0x00007f51b3103000)]
  0x00007f51cc5dd000 JavaThread "process reaper" daemon [_thread_blocked, id=3523, stack(0x00007f51d0080000,0x00007f51d00a8000)]
  0x00007f51cc344800 JavaThread "com.google.inject.internal.util.$Finalizer" daemon [_thread_blocked, id=3521, stack(0x00007f51b3103000,0x00007f51b3204000)]
  0x00007f51cc10e000 JavaThread "Service Thread" daemon [_thread_blocked, id=3519, stack(0x00007f51b37f8000,0x00007f51b38f9000)]
  0x00007f51cc10c000 JavaThread "C2 CompilerThread1" daemon [_thread_in_native, id=3518, stack(0x00007f51b38f9000,0x00007f51b39fa000)]
  0x00007f51cc109000 JavaThread "C2 CompilerThread0" daemon [_thread_in_native, id=3517, stack(0x00007f51b39fa000,0x00007f51b3afb000)]
  0x00007f51cc107000 JavaThread "Signal Dispatcher" daemon [_thread_blocked, id=3516, stack(0x00007f51b3afb000,0x00007f51b3bfc000)]
  0x00007f51cc0af800 JavaThread "Finalizer" daemon [_thread_blocked, id=3515, stack(0x00007f51b3bfc000,0x00007f51b3cfd000)]
  0x00007f51cc0ad800 JavaThread "Reference Handler" daemon [_thread_blocked, id=3514, stack(0x00007f51b3cfd000,0x00007f51b3dfe000)]
  0x00007f51cc007000 JavaThread "main" [_thread_blocked, id=3508, stack(0x00007f51d3e8d000,0x00007f51d3f8e000)]

Other Threads:
  0x00007f51cc0a5000 VMThread [stack: 0x00007f51b3dfe000,0x00007f51b3eff000] [id=3513]
  0x00007f51cc119000 WatcherThread [stack: 0x00007f51b36f7000,0x00007f51b37f8000] [id=3520]

VM state:not at safepoint (normal execution)

VM Mutex/Monitor currently owned by a thread: None

Heap
 PSYoungGen      total 74816K, used 41982K [0x00000007ac760000, 0x00000007b5980000, 0x0000000800000000)
  eden space 64128K, 48% used [0x00000007ac760000,0x00000007ae5f1768,0x00000007b0600000)
  from space 10688K, 99% used [0x00000007b0600000,0x00000007b106e3e0,0x00000007b1070000)
  to   space 10688K, 0% used [0x00000007b4f10000,0x00000007b4f10000,0x00000007b5980000)
 ParOldGen       total 171072K, used 363K [0x0000000705600000, 0x000000070fd10000, 0x00000007ac760000)
  object space 171072K, 0% used [0x0000000705600000,0x000000070565ac50,0x000000070fd10000)
 PSPermGen       total 21248K, used 21179K [0x00000006fb000000, 0x00000006fc4c0000, 0x0000000705600000)
  object space 21248K, 99% used [0x00000006fb000000,0x00000006fc4aeec8,0x00000006fc4c0000)

Card table byte_map: [0x00007f51cb7d7000,0x00007f51cc000000] byte_map_base: 0x00007f51c7fff000

Polling page: 0x00007f51d4c91000

Code Cache  [0x00007f51d0816000, 0x00007f51d0a86000, 0x00007f51d3816000)
 total_blobs=832 nmethods=531 adapters=252 free_code_cache=47381Kb largest_free_block=48471616

Compilation events (10 events):
Event: 3.378 Thread 0x00007f51cc109000 nmethod 538 0x00007f51d08e3090 code [0x00007f51d08e31c0, 0x00007f51d08e3218]
Event: 3.378 Thread 0x00007f51cc109000  542             openlink.util.Vector::isEmpty (13 bytes)
Event: 3.378 Thread 0x00007f51cc109000 nmethod 542 0x00007f51d08e2e90 code [0x00007f51d08e2fc0, 0x00007f51d08e3038]
Event: 3.378 Thread 0x00007f51cc109000  543             openlink.util.Vector::removeElementAt (57 bytes)
Event: 3.379 Thread 0x00007f51cc10c000 nmethod 541 0x00007f51d08e2750 code [0x00007f51d08e28e0, 0x00007f51d08e2bb8]
Event: 3.379 Thread 0x00007f51cc109000 nmethod 543 0x00007f51d08e2390 code [0x00007f51d08e24e0, 0x00007f51d08e2618]
Event: 3.380 Thread 0x00007f51cc10c000  544             virtuoso.jdbc3.VirtuosoOutputStream::write_object (1160 bytes)
Event: 3.385 Thread 0x00007f51cc109000  545   !         virtuoso.jdbc3.VirtuosoResultSet::next (387 bytes)
Event: 3.391 Thread 0x00007f51cc109000 nmethod 545 0x00007f51d08dd6d0 code [0x00007f51d08dd880, 0x00007f51d08de130]
Event: 3.393 Thread 0x00007f51cc109000  546             sun.reflect.ClassFileAssembler::emitConstantPoolUTF8 (50 bytes)

GC Heap History (6 events):
Event: 1.120 GC heap before
{Heap before GC invocations=1 (full 0):
 PSYoungGen      total 74816K, used 64128K [0x00000007ac760000, 0x00000007b1ae0000, 0x0000000800000000)
  eden space 64128K, 100% used [0x00000007ac760000,0x00000007b0600000,0x00000007b0600000)
  from space 10688K, 0% used [0x00000007b1070000,0x00000007b1070000,0x00000007b1ae0000)
  to   space 10688K, 0% used [0x00000007b0600000,0x00000007b0600000,0x00000007b1070000)
 ParOldGen       total 171072K, used 0K [0x0000000705600000, 0x000000070fd10000, 0x00000007ac760000)
  object space 171072K, 0% used [0x0000000705600000,0x0000000705600000,0x000000070fd10000)
 PSPermGen       total 21248K, used 12356K [0x00000006fb000000, 0x00000006fc4c0000, 0x0000000705600000)
  object space 21248K, 58% used [0x00000006fb000000,0x00000006fbc11290,0x00000006fc4c0000)
Event: 1.130 GC heap after
Heap after GC invocations=1 (full 0):
 PSYoungGen      total 74816K, used 9692K [0x00000007ac760000, 0x00000007b1ae0000, 0x0000000800000000)
  eden space 64128K, 0% used [0x00000007ac760000,0x00000007ac760000,0x00000007b0600000)
  from space 10688K, 90% used [0x00000007b0600000,0x00000007b0f77398,0x00000007b1070000)
  to   space 10688K, 0% used [0x00000007b1070000,0x00000007b1070000,0x00000007b1ae0000)
 ParOldGen       total 171072K, used 8K [0x0000000705600000, 0x000000070fd10000, 0x00000007ac760000)
  object space 171072K, 0% used [0x0000000705600000,0x0000000705602000,0x000000070fd10000)
 PSPermGen       total 21248K, used 12356K [0x00000006fb000000, 0x00000006fc4c0000, 0x0000000705600000)
  object space 21248K, 58% used [0x00000006fb000000,0x00000006fbc11290,0x00000006fc4c0000)
}
Event: 1.865 GC heap before
{Heap before GC invocations=2 (full 0):
 PSYoungGen      total 74816K, used 73820K [0x00000007ac760000, 0x00000007b1ae0000, 0x0000000800000000)
  eden space 64128K, 100% used [0x00000007ac760000,0x00000007b0600000,0x00000007b0600000)
  from space 10688K, 90% used [0x00000007b0600000,0x00000007b0f77398,0x00000007b1070000)
  to   space 10688K, 0% used [0x00000007b1070000,0x00000007b1070000,0x00000007b1ae0000)
 ParOldGen       total 171072K, used 8K [0x0000000705600000, 0x000000070fd10000, 0x00000007ac760000)
  object space 171072K, 0% used [0x0000000705600000,0x0000000705602000,0x000000070fd10000)
 PSPermGen       total 21248K, used 13496K [0x00000006fb000000, 0x00000006fc4c0000, 0x0000000705600000)
  object space 21248K, 63% used [0x00000006fb000000,0x00000006fbd2e008,0x00000006fc4c0000)
Event: 1.876 GC heap after
Heap after GC invocations=2 (full 0):
 PSYoungGen      total 74816K, used 6960K [0x00000007ac760000, 0x00000007b5980000, 0x0000000800000000)
  eden space 64128K, 0% used [0x00000007ac760000,0x00000007ac760000,0x00000007b0600000)
  from space 10688K, 65% used [0x00000007b1070000,0x00000007b173c3f0,0x00000007b1ae0000)
  to   space 10688K, 0% used [0x00000007b0600000,0x00000007b0600000,0x00000007b1070000)
 ParOldGen       total 171072K, used 16K [0x0000000705600000, 0x000000070fd10000, 0x00000007ac760000)
  object space 171072K, 0% used [0x0000000705600000,0x0000000705604000,0x000000070fd10000)
 PSPermGen       total 21248K, used 13496K [0x00000006fb000000, 0x00000006fc4c0000, 0x0000000705600000)
  object space 21248K, 63% used [0x00000006fb000000,0x00000006fbd2e008,0x00000006fc4c0000)
}
Event: 2.706 GC heap before
{Heap before GC invocations=3 (full 0):
 PSYoungGen      total 74816K, used 71088K [0x00000007ac760000, 0x00000007b5980000, 0x0000000800000000)
  eden space 64128K, 100% used [0x00000007ac760000,0x00000007b0600000,0x00000007b0600000)
  from space 10688K, 65% used [0x00000007b1070000,0x00000007b173c3f0,0x00000007b1ae0000)
  to   space 10688K, 0% used [0x00000007b0600000,0x00000007b0600000,0x00000007b1070000)
 ParOldGen       total 171072K, used 16K [0x0000000705600000, 0x000000070fd10000, 0x00000007ac760000)
  object space 171072K, 0% used [0x0000000705600000,0x0000000705604000,0x000000070fd10000)
 PSPermGen       total 21248K, used 17696K [0x00000006fb000000, 0x00000006fc4c0000, 0x0000000705600000)
  object space 21248K, 83% used [0x00000006fb000000,0x00000006fc148158,0x00000006fc4c0000)
Event: 2.716 GC heap after
Heap after GC invocations=3 (full 0):
 PSYoungGen      total 74816K, used 10680K [0x00000007ac760000, 0x00000007b5980000, 0x0000000800000000)
  eden space 64128K, 0% used [0x00000007ac760000,0x00000007ac760000,0x00000007b0600000)
  from space 10688K, 99% used [0x00000007b0600000,0x00000007b106e3e0,0x00000007b1070000)
  to   space 10688K, 0% used [0x00000007b4f10000,0x00000007b4f10000,0x00000007b5980000)
 ParOldGen       total 171072K, used 363K [0x0000000705600000, 0x000000070fd10000, 0x00000007ac760000)
  object space 171072K, 0% used [0x0000000705600000,0x000000070565ac50,0x000000070fd10000)
 PSPermGen       total 21248K, used 17696K [0x00000006fb000000, 0x00000006fc4c0000, 0x0000000705600000)
  object space 21248K, 83% used [0x00000006fb000000,0x00000006fc148158,0x00000006fc4c0000)
}

Deoptimization events (10 events):
Event: 2.531 Thread 0x00007f51cc85b000 Uncommon trap -58 fr.pc 0x00007f51d08af854
Event: 2.560 Thread 0x00007f51cc85b000 Uncommon trap -83 fr.pc 0x00007f51d09b03b4
Event: 2.597 Thread 0x00007f51cc85b000 Uncommon trap -83 fr.pc 0x00007f51d09ab9a0
Event: 2.614 Thread 0x00007f51cc85b000 Uncommon trap -83 fr.pc 0x00007f51d08cb13c
Event: 2.754 Thread 0x00007f51cc85b000 Uncommon trap -83 fr.pc 0x00007f51d08ac408
Event: 2.881 Thread 0x00007f51cc85b000 Uncommon trap -83 fr.pc 0x00007f51d093f74c
Event: 2.959 Thread 0x00007f51cc85b000 Uncommon trap -34 fr.pc 0x00007f51d08b7ed8
Event: 2.963 Thread 0x00007f51cc85b000 Uncommon trap -34 fr.pc 0x00007f51d08b7ed8
Event: 2.972 Thread 0x00007f51cc85b000 Uncommon trap -34 fr.pc 0x00007f51d08b7ed8
Event: 2.982 Thread 0x00007f51cc85b000 Uncommon trap -34 fr.pc 0x00007f51d08b7ed8

Internal exceptions (10 events):
Event: 3.398 Thread 0x00007f51cc85b000 Threw 0x00000007ae5b7cd0 at /builddir/build/BUILD/java-1.7.0-openjdk/openjdk/hotspot/src/share/vm/prims/jvm.cpp:1166
Event: 3.398 Thread 0x00007f51cc85b000 Threw 0x00000007ae5bbe38 at /builddir/build/BUILD/java-1.7.0-openjdk/openjdk/hotspot/src/share/vm/prims/jvm.cpp:1166
Event: 3.398 Thread 0x00007f51cc85b000 Threw 0x00000007ae5bc278 at /builddir/build/BUILD/java-1.7.0-openjdk/openjdk/hotspot/src/share/vm/prims/jvm.cpp:1166
Event: 3.398 Thread 0x00007f51cc85b000 Threw 0x00000007ae5c0f50 at /builddir/build/BUILD/java-1.7.0-openjdk/openjdk/hotspot/src/share/vm/prims/jvm.cpp:1166
Event: 3.398 Thread 0x00007f51cc85b000 Threw 0x00000007ae5c1370 at /builddir/build/BUILD/java-1.7.0-openjdk/openjdk/hotspot/src/share/vm/prims/jvm.cpp:1166
Event: 3.398 Thread 0x00007f51cc85b000 Threw 0x00000007ae5c55e8 at /builddir/build/BUILD/java-1.7.0-openjdk/openjdk/hotspot/src/share/vm/prims/jvm.cpp:1166
Event: 3.398 Thread 0x00007f51cc85b000 Threw 0x00000007ae5c5a28 at /builddir/build/BUILD/java-1.7.0-openjdk/openjdk/hotspot/src/share/vm/prims/jvm.cpp:1166
Event: 3.399 Thread 0x00007f51cc85b000 Threw 0x00000007ae5ca6d0 at /builddir/build/BUILD/java-1.7.0-openjdk/openjdk/hotspot/src/share/vm/prims/jvm.cpp:1166
Event: 3.399 Thread 0x00007f51cc85b000 Threw 0x00000007ae5caaf0 at /builddir/build/BUILD/java-1.7.0-openjdk/openjdk/hotspot/src/share/vm/prims/jvm.cpp:1166
Event: 3.399 Thread 0x00007f51cc85b000 Threw 0x00000007ae5cea20 at /builddir/build/BUILD/java-1.7.0-openjdk/openjdk/hotspot/src/share/vm/prims/jni.cpp:3474

Events (10 events):
Event: 3.398 loading class 0x00007f5164251610
Event: 3.398 loading class 0x00007f5164251610 done
Event: 3.398 loading class 0x00007f5164251640
Event: 3.398 loading class 0x00007f5164251640 done
Event: 3.398 loading class 0x00007f516424ff40
Event: 3.398 loading class 0x00007f516424ff40 done
Event: 3.398 loading class 0x00007f5164251670
Event: 3.398 loading class 0x00007f5164251670 done
Event: 3.399 loading class 0x00007f51642516a0
Event: 3.399 loading class 0x00007f51642516a0 done


Dynamic libraries:
00400000-00401000 r-xp 00000000 08:05 264952                             /usr/lib/jvm/java-1.7.0-openjdk-1.7.0.9.x86_64/bin/java
00600000-00602000 rw-p 00000000 08:05 264952                             /usr/lib/jvm/java-1.7.0-openjdk-1.7.0.9.x86_64/bin/java
0194a000-0196b000 rw-p 00000000 00:00 0                                  [heap]
6fb000000-6fc4c0000 rw-p 00000000 00:00 0 
6fc4c0000-705600000 rw-p 00000000 00:00 0 
705600000-70fd10000 rw-p 00000000 00:00 0 
70fd10000-7ac760000 rw-p 00000000 00:00 0 
7ac760000-7b5980000 rw-p 00000000 00:00 0 
7b5980000-800000000 rw-p 00000000 00:00 0 
34e7600000-34e760c000 r-xp 00000000 08:05 300543                         /usr/lib/jvm/java-1.7.0-openjdk-1.7.0.9.x86_64/jre/lib/amd64/jli/libjli.so
34e760c000-34e780c000 ---p 0000c000 08:05 300543                         /usr/lib/jvm/java-1.7.0-openjdk-1.7.0.9.x86_64/jre/lib/amd64/jli/libjli.so
34e780c000-34e780d000 rw-p 0000c000 08:05 300543                         /usr/lib/jvm/java-1.7.0-openjdk-1.7.0.9.x86_64/jre/lib/amd64/jli/libjli.so
3852c00000-3852c20000 r-xp 00000000 08:05 1440537                        /usr/lib64/ld-2.15.so
3852e1f000-3852e20000 r--p 0001f000 08:05 1440537                        /usr/lib64/ld-2.15.so
3852e20000-3852e21000 rw-p 00020000 08:05 1440537                        /usr/lib64/ld-2.15.so
3852e21000-3852e22000 rw-p 00000000 00:00 0 
3853400000-38535ac000 r-xp 00000000 08:05 1443210                        /usr/lib64/libc-2.15.so
38535ac000-38537ac000 ---p 001ac000 08:05 1443210                        /usr/lib64/libc-2.15.so
38537ac000-38537b0000 r--p 001ac000 08:05 1443210                        /usr/lib64/libc-2.15.so
38537b0000-38537b2000 rw-p 001b0000 08:05 1443210                        /usr/lib64/libc-2.15.so
38537b2000-38537b7000 rw-p 00000000 00:00 0 
3853800000-38538fa000 r-xp 00000000 08:05 1444097                        /usr/lib64/libm-2.15.so
38538fa000-3853af9000 ---p 000fa000 08:05 1444097                        /usr/lib64/libm-2.15.so
3853af9000-3853afa000 r--p 000f9000 08:05 1444097                        /usr/lib64/libm-2.15.so
3853afa000-3853afb000 rw-p 000fa000 08:05 1444097                        /usr/lib64/libm-2.15.so
3853c00000-3853c03000 r-xp 00000000 08:05 1451373                        /usr/lib64/libdl-2.15.so
3853c03000-3853e02000 ---p 00003000 08:05 1451373                        /usr/lib64/libdl-2.15.so
3853e02000-3853e03000 r--p 00002000 08:05 1451373                        /usr/lib64/libdl-2.15.so
3853e03000-3853e04000 rw-p 00003000 08:05 1451373                        /usr/lib64/libdl-2.15.so
3854000000-3854016000 r-xp 00000000 08:05 1457042                        /usr/lib64/libpthread-2.15.so
3854016000-3854216000 ---p 00016000 08:05 1457042                        /usr/lib64/libpthread-2.15.so
3854216000-3854217000 r--p 00016000 08:05 1457042                        /usr/lib64/libpthread-2.15.so
3854217000-3854218000 rw-p 00017000 08:05 1457042                        /usr/lib64/libpthread-2.15.so
3854218000-385421c000 rw-p 00000000 00:00 0 
3854400000-3854407000 r-xp 00000000 08:05 1464099                        /usr/lib64/librt-2.15.so
3854407000-3854606000 ---p 00007000 08:05 1464099                        /usr/lib64/librt-2.15.so
3854606000-3854607000 r--p 00006000 08:05 1464099                        /usr/lib64/librt-2.15.so
3854607000-3854608000 rw-p 00007000 08:05 1464099                        /usr/lib64/librt-2.15.so
3854800000-3854817000 r-xp 00000000 08:05 1443886                        /usr/lib64/libz.so.1.2.5
3854817000-3854a16000 ---p 00017000 08:05 1443886                        /usr/lib64/libz.so.1.2.5
3854a16000-3854a17000 rw-p 00016000 08:05 1443886                        /usr/lib64/libz.so.1.2.5
3854c00000-3854c15000 r-xp 00000000 08:05 1457207                        /usr/lib64/libgcc_s-4.7.2-20120921.so.1
3854c15000-3854e14000 ---p 00015000 08:05 1457207                        /usr/lib64/libgcc_s-4.7.2-20120921.so.1
3854e14000-3854e15000 rw-p 00014000 08:05 1457207                        /usr/lib64/libgcc_s-4.7.2-20120921.so.1
3856c00000-3856ce5000 r-xp 00000000 08:05 1457646                        /usr/lib64/libstdc++.so.6.0.17
3856ce5000-3856ee4000 ---p 000e5000 08:05 1457646                        /usr/lib64/libstdc++.so.6.0.17
3856ee4000-3856eec000 r--p 000e4000 08:05 1457646                        /usr/lib64/libstdc++.so.6.0.17
3856eec000-3856eee000 rw-p 000ec000 08:05 1457646                        /usr/lib64/libstdc++.so.6.0.17
3856eee000-3856f03000 rw-p 00000000 00:00 0 
7f515c000000-7f515c021000 rw-p 00000000 00:00 0 
7f515c021000-7f5160000000 ---p 00000000 00:00 0 
7f5164000000-7f51642f1000 rw-p 00000000 00:00 0 
7f51642f1000-7f5168000000 ---p 00000000 00:00 0 
7f5168000000-7f5168021000 rw-p 00000000 00:00 0 
7f5168021000-7f516c000000 ---p 00000000 00:00 0 
7f516c000000-7f516c021000 rw-p 00000000 00:00 0 
7f516c021000-7f5170000000 ---p 00000000 00:00 0 
7f5170000000-7f5170021000 rw-p 00000000 00:00 0 
7f5170021000-7f5174000000 ---p 00000000 00:00 0 
7f5174000000-7f5174021000 rw-p 00000000 00:00 0 
7f5174021000-7f5178000000 ---p 00000000 00:00 0 
7f5178000000-7f5178021000 rw-p 00000000 00:00 0 
7f5178021000-7f517c000000 ---p 00000000 00:00 0 
7f517c000000-7f517c021000 rw-p 00000000 00:00 0 
7f517c021000-7f5180000000 ---p 00000000 00:00 0 
7f5180000000-7f5180021000 rw-p 00000000 00:00 0 
7f5180021000-7f5184000000 ---p 00000000 00:00 0 
7f5184000000-7f5184021000 rw-p 00000000 00:00 0 
7f5184021000-7f5188000000 ---p 00000000 00:00 0 
7f5188000000-7f5188021000 rw-p 00000000 00:00 0 
7f5188021000-7f518c000000 ---p 00000000 00:00 0 
7f518c000000-7f518cbf4000 rw-p 00000000 00:00 0 
7f518cbf4000-7f5190000000 ---p 00000000 00:00 0 
7f5190000000-7f5190942000 rw-p 00000000 00:00 0 
7f5190942000-7f5194000000 ---p 00000000 00:00 0 
7f5194000000-7f5194021000 rw-p 00000000 00:00 0 
7f5194021000-7f5198000000 ---p 00000000 00:00 0 
7f5199bd3000-7f51a0000000 r--p 00000000 08:05 1455094                    /usr/lib/locale/locale-archive
7f51a0000000-7f51a0021000 rw-p 00000000 00:00 0 
7f51a0021000-7f51a4000000 ---p 00000000 00:00 0 
7f51a4000000-7f51a4021000 rw-p 00000000 00:00 0 
7f51a4021000-7f51a8000000 ---p 00000000 00:00 0 
7f51a8000000-7f51a8021000 rw-p 00000000 00:00 0 
7f51a8021000-7f51ac000000 ---p 00000000 00:00 0 
7f51ac000000-7f51ac021000 rw-p 00000000 00:00 0 
7f51ac021000-7f51b0000000 ---p 00000000 00:00 0 
7f51b2665000-7f51b266c000 r--s 00000000 08:05 1464676                    /usr/lib64/gconv/gconv-modules.cache
7f51b266c000-7f51b2691000 r--p 00000000 08:05 1439739                    /usr/share/locale/fr/LC_MESSAGES/libc.mo
7f51b2691000-7f51b2692000 rw-p 00000000 00:00 0 
7f51b2692000-7f51b26c7000 r--s 00000000 08:05 657021                     /var/run/nscd/dbF3uSXK (deleted)
7f51b26c7000-7f51b26cc000 r--s 0003f000 08:07 8257813                    /home/cdesclau/.m2/repository/org/jsoup/jsoup/1.7.1/jsoup-1.7.1.jar
7f51b26cc000-7f51b26d5000 r--s 0006d000 08:07 2884413                    /home/cdesclau/.m2/repository/log4j/log4j/1.2.16/log4j-1.2.16.jar
7f51b26d5000-7f51b26d8000 r--s 00018000 08:07 8784569                    /home/cdesclau/.m2/repository/org/apache/opennlp/opennlp-maxent/3.0.2-incubating/opennlp-maxent-3.0.2-incubating.jar
7f51b26d8000-7f51b26da000 r--s 00004000 08:07 8784568                    /home/cdesclau/.m2/repository/org/cleartk/cleartk-ml-opennlp-maxent/1.1.0/cleartk-ml-opennlp-maxent-1.1.0.jar
7f51b26da000-7f51b26de000 r--s 0002a000 08:07 7604472                    /home/cdesclau/.m2/repository/commons-io/commons-io/2.4/commons-io-2.4.jar
7f51b26de000-7f51b26f6000 r--s 00114000 08:07 7604471                    /home/cdesclau/.m2/repository/com/carrotsearch/hppc/0.4.1/hppc-0.4.1.jar
7f51b26f6000-7f51b271a000 r--s 001aa000 08:07 7474486                    /home/cdesclau/.m2/repository/com/google/guava/guava/13.0/guava-13.0.jar
7f51b271a000-7f51b271c000 r--s 0000c000 08:07 8652334                    /home/cdesclau/.m2/repository/args4j/args4j/2.0.16/args4j-2.0.16.jar
7f51b271c000-7f51b2721000 r--s 00027000 08:07 8652333                    /home/cdesclau/.m2/repository/org/springframework/spring-expression/3.1.0.RELEASE/spring-expression-3.1.0.RELEASE.jar
7f51b2721000-7f51b272d000 r--s 00084000 08:07 8652331                    /home/cdesclau/.m2/repository/org/springframework/spring-beans/3.1.0.RELEASE/spring-beans-3.1.0.RELEASE.jar
7f51b272d000-7f51b272f000 r--s 00000000 08:07 8652330                    /home/cdesclau/.m2/repository/aopalliance/aopalliance/1.0/aopalliance-1.0.jar
7f51b272f000-7f51b2737000 r--s 00049000 08:07 8652329                    /home/cdesclau/.m2/repository/org/springframework/spring-aop/3.1.0.RELEASE/spring-aop-3.1.0.RELEASE.jar
7f51b2737000-7f51b274c000 r--s 000b6000 08:07 8652328                    /home/cdesclau/.m2/repository/org/springframework/spring-context/3.1.0.RELEASE/spring-context-3.1.0.RELEASE.jar
7f51b274c000-7f51b274e000 r--s 0000d000 08:07 2885484                    /home/cdesclau/.m2/repository/commons-logging/commons-logging/1.1.1/commons-logging-1.1.1.jar
7f51b274e000-7f51b274f000 r--s 0000c000 08:07 8391594                    /home/cdesclau/.m2/repository/org/springframework/spring-asm/3.1.0.RELEASE/spring-asm-3.1.0.RELEASE.jar
7f51b274f000-7f51b275a000 r--s 00062000 08:07 8260002                    /home/cdesclau/.m2/repository/org/springframework/spring-core/3.1.0.RELEASE/spring-core-3.1.0.RELEASE.jar
7f51b275a000-7f51b275b000 r--s 00002000 08:07 7340640                    /home/cdesclau/.m2/repository/org/apache/uima/uimaj-document-annotation/2.4.0/uimaj-document-annotation-2.4.0.jar
7f51b275b000-7f51b275e000 r--s 00022000 08:07 7340625                    /home/cdesclau/.m2/repository/org/apache/uima/jVinci/2.4.0/jVinci-2.4.0.jar
7f51b275e000-7f51b275f000 r--s 0000b000 08:07 7340593                    /home/cdesclau/.m2/repository/org/apache/uima/uimaj-adapter-vinci/2.4.0/uimaj-adapter-vinci-2.4.0.jar
7f51b275f000-7f51b2764000 r--s 0004f000 08:07 7079593                    /home/cdesclau/.m2/repository/org/apache/uima/uimaj-cpe/2.4.0/uimaj-cpe-2.4.0.jar
7f51b2764000-7f51b276d000 r--s 00078000 08:07 7079592                    /home/cdesclau/.m2/repository/org/apache/uima/uimaj-tools/2.4.0/uimaj-tools-2.4.0.jar
7f51b276d000-7f51b2771000 r--s 0003c000 08:07 7734076                    /home/cdesclau/.m2/repository/commons-lang/commons-lang/2.4/commons-lang-2.4.jar
7f51b2771000-7f51b2775000 r--s 0001f000 08:07 8128166                    /home/cdesclau/.m2/repository/org/uimafit/uimafit/1.4.0/uimafit-1.4.0.jar
7f51b2775000-7f51b278c000 r--s 00123000 08:07 6818461                    /home/cdesclau/.m2/repository/org/apache/uima/uimaj-core/2.4.0/uimaj-core-2.4.0.jar
7f51b278c000-7f51b278e000 r--s 00010000 08:07 7998224                    /home/cdesclau/.m2/repository/org/cleartk/cleartk-util/0.9.0/cleartk-util-0.9.0.jar
7f51b278e000-7f51b2796000 r--s 00044000 08:07 7998225                    /home/cdesclau/.m2/repository/org/cleartk/cleartk-ml/1.2.0/cleartk-ml-1.2.0.jar
7f51b2796000-7f51b2798000 r--s 0000c000 08:07 7871931                    /home/cdesclau/.m2/repository/org/cleartk/cleartk-ml-svmlight/1.1.0/cleartk-ml-svmlight-1.1.0.jar
7f51b2798000-7f51b2799000 r--s 00023000 08:07 8520096                    /home/cdesclau/.m2/repository/jnisvmlight/jnisvmlight/2.0/jnisvmlight-2.0.jar
7f51b2799000-7f51b279c000 r--s 0002b000 08:07 7734379                    /home/cdesclau/.m2/repository/virtjdbc3/virtjdbc3/1.6/virtjdbc3-1.6.jar
7f51b279c000-7f51b279e000 r--s 00007000 08:07 7734214                    /home/cdesclau/.m2/repository/virt_jena/virt_jena/1.6/virt_jena-1.6.jar
7f51b279e000-7f51b279f000 r--s 00005000 08:07 6818288                    /home/cdesclau/.m2/repository/com/googlecode/json-simple/json-simple/1.1.1/json-simple-1.1.1.jar
7f51b279f000-7f51b27a2000 r--s 00023000 08:07 6030184                    /home/cdesclau/.m2/repository/jdom/jdom/1.0/jdom-1.0.jar
7f51b27a2000-7f51b27a6000 r--s 0002f000 08:07 6161009                    /home/cdesclau/.m2/repository/rome/rome/0.9/rome-0.9.jar
7f51b27a6000-7f51b27a7000 r--s 00005000 08:07 7734512                    /home/cdesclau/.m2/repository/org/slf4j/slf4j-api/1.5.8/slf4j-api-1.5.8.jar
7f51b27a7000-7f51b27b3000 r--s 00097000 08:07 7734509                    /home/cdesclau/.m2/repository/org/apache/lucene/lucene-core/2.3.1/lucene-core-2.3.1.jar
7f51b27b3000-7f51b27b5000 r--s 00005000 08:07 2885494                    /home/cdesclau/.m2/repository/stax/stax-api/1.0.1/stax-api-1.0.1.jar
7f51b27b5000-7f51b27bb000 r--s 0007a000 08:07 7734507                    /home/cdesclau/.m2/repository/org/codehaus/woodstox/wstx-asl/3.2.9/wstx-asl-3.2.9.jar
7f51b27bb000-7f51b27be000 r--s 00023000 08:07 7734505                    /home/cdesclau/.m2/repository/com/hp/hpl/jena/iri/0.8/iri-0.8.jar
7f51b27be000-7f51b27bf000 r--s 00002000 08:07 7734503                    /home/cdesclau/.m2/repository/org/slf4j/slf4j-log4j12/1.5.8/slf4j-log4j12-1.5.8.jar
7f51b27bf000-7f51b27d8000 r--s 002fd000 08:07 7734500                    /home/cdesclau/.m2/repository/com/ibm/icu/icu4j/3.4.4/icu4j-3.4.4.jar
7f51b27d8000-7f51b27fb000 r-xp 00000000 08:07 8128204                    /home/cdesclau/Work/v2/ZONE-extractor/ZONE-plugin-categorization_SVM/libs/libsvmlight.so
7f51b27fb000-7f51b29fb000 ---p 00023000 08:07 8128204                    /home/cdesclau/Work/v2/ZONE-extractor/ZONE-plugin-categorization_SVM/libs/libsvmlight.so
7f51b29fb000-7f51b29fc000 rw-p 00023000 08:07 8128204                    /home/cdesclau/Work/v2/ZONE-extractor/ZONE-plugin-categorization_SVM/libs/libsvmlight.so
7f51b29fc000-7f51b29ff000 ---p 00000000 00:00 0 
7f51b29ff000-7f51b2afd000 rw-p 00000000 00:00 0 
7f51b2afd000-7f51b2b00000 ---p 00000000 00:00 0 
7f51b2b00000-7f51b2bfe000 rw-p 00000000 00:00 0 
7f51b2bfe000-7f51b2c01000 ---p 00000000 00:00 0 
7f51b2c01000-7f51b2cff000 rw-p 00000000 00:00 0                          [stack:3546]
7f51b2cff000-7f51b2d02000 ---p 00000000 00:00 0 
7f51b2d02000-7f51b2e00000 rw-p 00000000 00:00 0                          [stack:3527]
7f51b2e00000-7f51b2e03000 ---p 00000000 00:00 0 
7f51b2e03000-7f51b2f01000 rw-p 00000000 00:00 0                          [stack:3526]
7f51b2f01000-7f51b2f04000 ---p 00000000 00:00 0 
7f51b2f04000-7f51b3002000 rw-p 00000000 00:00 0                          [stack:3525]
7f51b3002000-7f51b3005000 ---p 00000000 00:00 0 
7f51b3005000-7f51b3103000 rw-p 00000000 00:00 0                          [stack:3524]
7f51b3103000-7f51b3106000 ---p 00000000 00:00 0 
7f51b3106000-7f51b3235000 rw-p 00000000 00:00 0                          [stack:3521]
7f51b3235000-7f51b324b000 r-xp 00000000 08:05 300518                     /usr/lib/jvm/java-1.7.0-openjdk-1.7.0.9.x86_64/jre/lib/amd64/libnet.so
7f51b324b000-7f51b344b000 ---p 00016000 08:05 300518                     /usr/lib/jvm/java-1.7.0-openjdk-1.7.0.9.x86_64/jre/lib/amd64/libnet.so
7f51b344b000-7f51b344c000 rw-p 00016000 08:05 300518                     /usr/lib/jvm/java-1.7.0-openjdk-1.7.0.9.x86_64/jre/lib/amd64/libnet.so
7f51b344c000-7f51b345d000 r-xp 00000000 08:05 300519                     /usr/lib/jvm/java-1.7.0-openjdk-1.7.0.9.x86_64/jre/lib/amd64/libnio.so
7f51b345d000-7f51b365c000 ---p 00011000 08:05 300519                     /usr/lib/jvm/java-1.7.0-openjdk-1.7.0.9.x86_64/jre/lib/amd64/libnio.so
7f51b365c000-7f51b365d000 rw-p 00010000 08:05 300519                     /usr/lib/jvm/java-1.7.0-openjdk-1.7.0.9.x86_64/jre/lib/amd64/libnio.so
7f51b365d000-7f51b3664000 r--s 0002d000 08:05 549494                     /usr/share/java/sisu/sisu-inject-plexus.jar
7f51b3664000-7f51b3666000 r--s 00007000 08:05 654521                     /usr/share/java/maven/maven-settings-builder.jar
7f51b3666000-7f51b3671000 r--s 0007d000 08:05 654509                     /usr/share/java/maven/maven-core.jar
7f51b3671000-7f51b3675000 r--s 00034000 08:05 141828                     /usr/share/java/plexus/utils.jar
7f51b3675000-7f51b3677000 r--s 00009000 08:05 654522                     /usr/share/java/maven/maven-settings.jar
7f51b3677000-7f51b367b000 r--s 0001c000 08:05 550594                     /usr/share/java/aether/util.jar
7f51b367b000-7f51b367c000 r--s 00004000 08:05 153348                     /usr/share/java/maven-wagon/http-shared.jar
7f51b367c000-7f51b3687000 r--s 0006a000 08:05 153475                     /usr/share/java/google-guice.jar
7f51b3687000-7f51b3688000 r--s 00000000 08:05 148288                     /usr/share/java/atinject.jar
7f51b3688000-7f51b36a8000 r--s 00172000 08:05 153572                     /usr/share/java/guava.jar
7f51b36a8000-7f51b36a9000 r--s 00003000 08:05 550592                     /usr/share/java/aether/spi.jar
7f51b36a9000-7f51b36af000 r--s 00039000 08:05 549493                     /usr/share/java/sisu/sisu-inject-bean.jar
7f51b36af000-7f51b36b1000 r--s 00025000 08:05 654518                     /usr/share/java/maven/maven-model.jar
7f51b36b1000-7f51b36b3000 r--s 00008000 08:05 654516                     /usr/share/java/maven/maven-embedder.jar
7f51b36b3000-7f51b36b5000 r--s 0000a000 08:05 153351                     /usr/share/java/maven-wagon/provider-api.jar
7f51b36b5000-7f51b36b8000 r--s 00013000 08:05 550587                     /usr/share/java/aether/api.jar
7f51b36b8000-7f51b36ba000 r--s 00009000 08:05 654519                     /usr/share/java/maven/maven-plugin-api.jar
7f51b36ba000-7f51b36bc000 r--s 00005000 08:05 654520                     /usr/share/java/maven/maven-repository-metadata.jar
7f51b36bc000-7f51b36be000 r--s 00009000 08:05 153519                     /usr/share/java/apache-commons-cli.jar
7f51b36be000-7f51b36c0000 r--s 0000a000 08:05 654507                     /usr/share/java/maven/maven-artifact.jar
7f51b36c0000-7f51b36c3000 r--s 0001d000 08:05 550591                     /usr/share/java/aether/impl.jar
7f51b36c3000-7f51b36c5000 r--s 00006000 08:05 550590                     /usr/share/java/aether/connector-wagon.jar
7f51b36c5000-7f51b36c7000 r--s 00000000 08:05 151788                     /usr/share/java/plexus/containers-component-annotations.jar
7f51b36c7000-7f51b36e0000 r--s 00131000 08:05 148319                     /usr/share/java/xerces-j2.jar
7f51b36e0000-7f51b36e9000 r--s 0002d000 08:05 147266                     /usr/share/java/xml-commons-apis.jar
7f51b36e9000-7f51b36eb000 r--s 0000a000 08:05 147760                     /usr/share/java/plexus/classworlds.jar
7f51b36eb000-7f51b36ee000 r--s 0000f000 08:05 295263                     /usr/lib/jvm/java-1.7.0-openjdk-1.7.0.9.x86_64/jre/lib/ext/pulse-java.jar
7f51b36ee000-7f51b36f7000 r--s 00066000 08:05 300527                     /usr/lib/jvm/java-1.7.0-openjdk-1.7.0.9.x86_64/jre/lib/ext/gnome-java-bridge.jar
7f51b36f7000-7f51b36f8000 ---p 00000000 00:00 0 
7f51b36f8000-7f51b37f8000 rw-p 00000000 00:00 0                          [stack:3520]
7f51b37f8000-7f51b37fb000 ---p 00000000 00:00 0 
7f51b37fb000-7f51b38f9000 rw-p 00000000 00:00 0                          [stack:3519]
7f51b38f9000-7f51b38fc000 ---p 00000000 00:00 0 
7f51b38fc000-7f51b39fa000 rw-p 00000000 00:00 0                          [stack:3518]
7f51b39fa000-7f51b39fd000 ---p 00000000 00:00 0 
7f51b39fd000-7f51b3afb000 rw-p 00000000 00:00 0                          [stack:3517]
7f51b3afb000-7f51b3afe000 ---p 00000000 00:00 0 
7f51b3afe000-7f51b3bfc000 rw-p 00000000 00:00 0                          [stack:3516]
7f51b3bfc000-7f51b3bff000 ---p 00000000 00:00 0 
7f51b3bff000-7f51b3cfd000 rw-p 00000000 00:00 0                          [stack:3515]
7f51b3cfd000-7f51b3d00000 ---p 00000000 00:00 0 
7f51b3d00000-7f51b3dfe000 rw-p 00000000 00:00 0                          [stack:3514]
7f51b3dfe000-7f51b3dff000 ---p 00000000 00:00 0 
7f51b3dff000-7f51b4000000 rw-p 00000000 00:00 0                          [stack:3513]
7f51b4000000-7f51b4021000 rw-p 00000000 00:00 0 
7f51b4021000-7f51b8000000 ---p 00000000 00:00 0 
7f51b8000000-7f51b8021000 rw-p 00000000 00:00 0 
7f51b8021000-7f51bc000000 ---p 00000000 00:00 0 
7f51bc000000-7f51bc021000 rw-p 00000000 00:00 0 
7f51bc021000-7f51c0000000 ---p 00000000 00:00 0 
7f51c0014000-7f51c0037000 r--s 001ad000 08:07 7734498                    /home/cdesclau/.m2/repository/com/hp/hpl/jena/jena/2.6.3/jena-2.6.3.jar
7f51c0037000-7f51c0060000 r--s 001e6000 08:07 7734501                    /home/cdesclau/.m2/repository/com/hp/hpl/jena/arq/2.8.6/arq-2.8.6.jar
7f51c0060000-7f51c0062000 r--s 00006000 08:07 6031016                    /home/cdesclau/.m2/repository/org/zoneproject/extractor/ZONE-utils/1.0-SNAPSHOT/ZONE-utils-1.0-SNAPSHOT.jar
7f51c0062000-7f51c0066000 r--s 0002e000 08:07 2754266                    /home/cdesclau/.m2/repository/org/codehaus/jackson/jackson-core-asl/1.6.1/jackson-core-asl-1.6.1.jar
7f51c0066000-7f51c00a0000 r--s 003f3000 08:07 6816205                    /home/cdesclau/.m2/repository/stanford-corenlp/stanford-corenlp/1.3.4/stanford-corenlp-1.3.4.jar
7f51c00a0000-7f51c00be000 r--s 0027d000 08:07 2885476                    /home/cdesclau/.m2/repository/xalan/xalan/2.7.0/xalan-2.7.0.jar
7f51c00be000-7f51c00bf000 r--s 00002000 08:07 2753607                    /home/cdesclau/.m2/repository/org/apache/maven/reporting/maven-reporting-api/2.0.9/maven-reporting-api-2.0.9.jar
7f51c00bf000-7f51c00c2000 r--s 00034000 08:07 6161091                    /home/cdesclau/.m2/repository/org/codehaus/plexus/plexus-utils/2.1/plexus-utils-2.1.jar
7f51c00c2000-7f51c00c4000 r--s 00006000 08:07 2884787                    /home/cdesclau/.m2/repository/org/apache/maven/shared/maven-common-artifact-filters/1.3/maven-common-artifact-filters-1.3.jar
7f51c00c4000-7f51c00c6000 r--s 0000d000 08:07 6161123                    /home/cdesclau/.m2/repository/org/apache/maven/surefire/maven-surefire-common/2.10/maven-surefire-common-2.10.jar
7f51c00c6000-7f51c00cb000 r--s 00023000 08:07 6161124                    /home/cdesclau/.m2/repository/org/apache/maven/surefire/surefire-api/2.10/surefire-api-2.10.jar
7f51c00cb000-7f51c00cd000 r--s 00007000 08:07 6160428                    /home/cdesclau/.m2/repository/org/apache/maven/surefire/surefire-booter/2.10/surefire-booter-2.10.jar
7f51c00cd000-7f51c00cf000 r--s 00006000 08:07 6160460                    /home/cdesclau/.m2/repository/org/apache/maven/plugins/maven-surefire-plugin/2.10/maven-surefire-plugin-2.10.jar
7f51c00cf000-7f51c00d1000 r--s 00002000 08:07 6160587                    /home/cdesclau/.m2/repository/org/codehaus/plexus/plexus-compiler-javac/1.8.1/plexus-compiler-javac-1.8.1.jar
7f51c00d1000-7f51c00d3000 r--s 00000000 08:07 6160585                    /home/cdesclau/.m2/repository/org/codehaus/plexus/plexus-compiler-manager/1.8.1/plexus-compiler-manager-1.8.1.jar
7f51c00d3000-7f51c00d4000 r--s 00004000 08:07 6160586                    /home/cdesclau/.m2/repository/org/codehaus/plexus/plexus-compiler-api/1.8.1/plexus-compiler-api-1.8.1.jar
7f51c00d4000-7f51c00d6000 r--s 00006000 08:07 6160450                    /home/cdesclau/.m2/repository/org/apache/maven/plugins/maven-compiler-plugin/2.3.2/maven-compiler-plugin-2.3.2.jar
7f51c00d6000-7f51c00d8000 r--s 0000d000 08:07 2884585                    /home/cdesclau/.m2/repository/org/codehaus/plexus/plexus-interpolation/1.13/plexus-interpolation-1.13.jar
7f51c00d8000-7f51c00d9000 r--s 00001000 08:07 2884581                    /home/cdesclau/.m2/repository/org/sonatype/plexus/plexus-build-api/0.0.4/plexus-build-api-0.0.4.jar
7f51c00d9000-7f51c00db000 r--s 00009000 08:07 2884582                    /home/cdesclau/.m2/repository/org/apache/maven/shared/maven-filtering/1.0/maven-filtering-1.0.jar
7f51c00db000-7f51c00df000 r--s 00033000 08:07 2754280                    /home/cdesclau/.m2/repository/org/codehaus/plexus/plexus-utils/2.0.5/plexus-utils-2.0.5.jar
7f51c00df000-7f51c00e2000 r--s 0001b000 08:07 2754259                    /home/cdesclau/.m2/repository/junit/junit/3.8.1/junit-3.8.1.jar
7f51c00e2000-7f51c00e4000 r--s 00002000 08:07 2753608                    /home/cdesclau/.m2/repository/org/codehaus/plexus/plexus-interactivity-api/1.0-alpha-4/plexus-interactivity-api-1.0-alpha-4.jar
7f51c00e4000-7f51c00e6000 r--s 00006000 08:07 2753606                    /home/cdesclau/.m2/repository/commons-cli/commons-cli/1.0/commons-cli-1.0.jar
7f51c00e6000-7f51c00e7000 r--s 00001000 08:07 2754287                    /home/cdesclau/.m2/repository/org/apache/maven/doxia/doxia-sink-api/1.0-alpha-7/doxia-sink-api-1.0-alpha-7.jar
7f51c00e7000-7f51c00e8000 r--s 00002000 08:07 2754286                    /home/cdesclau/.m2/repository/org/apache/maven/reporting/maven-reporting-api/2.0.6/maven-reporting-api-2.0.6.jar
7f51c00e8000-7f51c00ea000 r--s 00005000 08:07 2883715                    /home/cdesclau/.m2/repository/org/apache/maven/plugins/maven-resources-plugin/2.5/maven-resources-plugin-2.5.jar
7f51c00ea000-7f51c1009000 rw-p 00000000 00:00 0 
7f51c1009000-7f51c11b4000 r--s 03e6c000 08:05 300538                     /usr/lib/jvm/java-1.7.0-openjdk-1.7.0.9.x86_64/jre/lib/rt.jar
7f51c11b4000-7f51cb4d4000 rw-p 00000000 00:00 0 
7f51cb4d4000-7f51cb4d5000 ---p 00000000 00:00 0 
7f51cb4d5000-7f51cb5d5000 rw-p 00000000 00:00 0                          [stack:3512]
7f51cb5d5000-7f51cb5d6000 ---p 00000000 00:00 0 
7f51cb5d6000-7f51cb6d6000 rw-p 00000000 00:00 0                          [stack:3511]
7f51cb6d6000-7f51cb6d7000 ---p 00000000 00:00 0 
7f51cb6d7000-7f51cb7e2000 rw-p 00000000 00:00 0                          [stack:3510]
7f51cb7e2000-7f51cb82a000 rw-p 00000000 00:00 0 
7f51cb82a000-7f51cb87e000 rw-p 00000000 00:00 0 
7f51cb87e000-7f51cbd62000 rw-p 00000000 00:00 0 
7f51cbd62000-7f51cbdac000 rw-p 00000000 00:00 0 
7f51cbdac000-7f51cbfff000 rw-p 00000000 00:00 0 
7f51cbfff000-7f51cc000000 rw-p 00000000 00:00 0 
7f51cc000000-7f51cc86c000 rw-p 00000000 00:00 0 
7f51cc86c000-7f51d0000000 ---p 00000000 00:00 0 
7f51d0001000-7f51d000c000 r--s 0007a000 08:07 2754274                    /home/cdesclau/.m2/repository/org/codehaus/jackson/jackson-mapper-asl/1.6.1/jackson-mapper-asl-1.6.1.jar
7f51d000c000-7f51d000e000 r--s 0806f000 08:07 6816206                    /home/cdesclau/.m2/repository/stanford-corenlp-models/stanford-corenlp-models/1.3.4/stanford-corenlp-models-1.3.4.jar
7f51d000e000-7f51d0025000 r--s 00110000 08:07 6029796                    /home/cdesclau/.m2/repository/xerces/xercesImpl/2.8.0/xercesImpl-2.8.0.jar
7f51d0025000-7f51d002d000 r--s 00028000 08:07 6161649                    /home/cdesclau/.m2/repository/xml-apis/xml-apis/1.3.03/xml-apis-1.3.03.jar
7f51d002d000-7f51d0034000 r--s 00045000 08:07 2885477                    /home/cdesclau/.m2/repository/xom/xom/1.2.5/xom-1.2.5.jar
7f51d0034000-7f51d0036000 r--s 0000b000 08:07 6030594                    /home/cdesclau/.m2/repository/org/apache/commons/commons-exec/1.1/commons-exec-1.1.jar
7f51d0036000-7f51d0038000 r--s 00008000 08:07 6029803                    /home/cdesclau/.m2/repository/org/codehaus/mojo/exec-maven-plugin/1.2.1/exec-maven-plugin-1.2.1.jar
7f51d0038000-7f51d0039000 r--s 00002000 08:07 2883633                    /home/cdesclau/.m2/repository/org/codehaus/plexus/plexus-digest/1.0/plexus-digest-1.0.jar
7f51d0039000-7f51d003a000 r--s 00005000 08:07 2753244                    /home/cdesclau/.m2/repository/org/apache/maven/plugins/maven-install-plugin/2.3.1/maven-install-plugin-2.3.1.jar
7f51d003a000-7f51d006f000 r--s 00000000 08:05 656960                     /var/run/nscd/dbBhpseK (deleted)
7f51d006f000-7f51d0073000 r--s 00034000 08:07 2754254                    /home/cdesclau/.m2/repository/org/codehaus/plexus/plexus-utils/3.0/plexus-utils-3.0.jar
7f51d0073000-7f51d0077000 r--s 0002f000 08:07 2884825                    /home/cdesclau/.m2/repository/commons-lang/commons-lang/2.1/commons-lang-2.1.jar
7f51d0077000-7f51d007a000 r--s 0000c000 08:07 2884824                    /home/cdesclau/.m2/repository/org/codehaus/plexus/plexus-io/2.0.1/plexus-io-2.0.1.jar
7f51d007a000-7f51d007e000 r--s 00028000 08:07 2884826                    /home/cdesclau/.m2/repository/org/codehaus/plexus/plexus-archiver/2.0.1/plexus-archiver-2.0.1.jar
7f51d007e000-7f51d007f000 r--s 00004000 08:07 2884827                    /home/cdesclau/.m2/repository/org/apache/maven/maven-archiver/2.4.2/maven-archiver-2.4.2.jar
7f51d007f000-7f51d0080000 r--s 00007000 08:07 2883774                    /home/cdesclau/.m2/repository/org/apache/maven/plugins/maven-jar-plugin/2.3.2/maven-jar-plugin-2.3.2.jar
7f51d0080000-7f51d0083000 ---p 00000000 00:00 0 
7f51d0083000-7f51d00a8000 rw-p 00000000 00:00 0                          [stack:3523]
7f51d00a8000-7f51d00a9000 r--p 00000000 00:00 0 
7f51d00a9000-7f51d00ad000 r--s 000a1000 08:05 281693                     /usr/lib/jvm/java-1.7.0-openjdk-1.7.0.9.x86_64/jre/lib/jsse.jar
7f51d00ad000-7f51d00af000 r--s 0000d000 08:05 131014                     /usr/share/java/plexus/interpolation.jar
7f51d00af000-7f51d00b5000 r--s 0003e000 08:05 654508                     /usr/share/java/maven/maven-compat.jar
7f51d00b5000-7f51d00b8000 r--s 0000d000 08:05 654506                     /usr/share/java/maven/maven-aether-provider.jar
7f51d00b8000-7f51d00b9000 r--s 00001000 08:05 148294                     /usr/share/java/maven-wagon/file.jar
7f51d00b9000-7f51d00bd000 r--s 00020000 08:05 654517                     /usr/share/java/maven/maven-model-builder.jar
7f51d00bd000-7f51d00be000 r--s 00002000 08:05 153345                     /usr/share/java/maven-wagon/http-lightweight.jar
7f51d00be000-7f51d00c0000 r--s 0001c000 08:05 151481                     /usr/share/java/nekohtml.jar
7f51d00c0000-7f51d00c2000 r--s 00002000 08:05 177089                     /usr/share/java/plexus/plexus-cipher.jar
7f51d00c2000-7f51d00c4000 r--s 00005000 08:05 151814                     /usr/share/java/plexus/plexus-sec-dispatcher.jar
7f51d00c4000-7f51d00c9000 r--s 0001f000 08:05 151763                     /usr/share/java/xbean/xbean-reflect.jar
7f51d00c9000-7f51d00ca000 ---p 00000000 00:00 0 
7f51d00ca000-7f51d01d5000 rw-p 00000000 00:00 0                          [stack:3509]
7f51d01d5000-7f51d021d000 rw-p 00000000 00:00 0 
7f51d021d000-7f51d0271000 rw-p 00000000 00:00 0 
7f51d0271000-7f51d0756000 rw-p 00000000 00:00 0 
7f51d0756000-7f51d0760000 rw-p 00000000 00:00 0 
7f51d0760000-7f51d0816000 rw-p 00000000 00:00 0 
7f51d0816000-7f51d0a86000 rwxp 00000000 00:00 0 
7f51d0a86000-7f51d3816000 rw-p 00000000 00:00 0 
7f51d3816000-7f51d381e000 r-xp 00000000 08:05 300522                     /usr/lib/jvm/java-1.7.0-openjdk-1.7.0.9.x86_64/jre/lib/amd64/libzip.so
7f51d381e000-7f51d3a1d000 ---p 00008000 08:05 300522                     /usr/lib/jvm/java-1.7.0-openjdk-1.7.0.9.x86_64/jre/lib/amd64/libzip.so
7f51d3a1d000-7f51d3a1e000 rw-p 00007000 08:05 300522                     /usr/lib/jvm/java-1.7.0-openjdk-1.7.0.9.x86_64/jre/lib/amd64/libzip.so
7f51d3a1e000-7f51d3a53000 r--s 00000000 08:05 654370                     /var/run/nscd/dbzVN2uJ (deleted)
7f51d3a53000-7f51d3a7d000 r-xp 00000000 08:05 281729                     /usr/lib/jvm/java-1.7.0-openjdk-1.7.0.9.x86_64/jre/lib/amd64/libjava.so
7f51d3a7d000-7f51d3c7d000 ---p 0002a000 08:05 281729                     /usr/lib/jvm/java-1.7.0-openjdk-1.7.0.9.x86_64/jre/lib/amd64/libjava.so
7f51d3c7d000-7f51d3c7f000 rw-p 0002a000 08:05 281729                     /usr/lib/jvm/java-1.7.0-openjdk-1.7.0.9.x86_64/jre/lib/amd64/libjava.so
7f51d3c7f000-7f51d3c8c000 r-xp 00000000 08:05 281808                     /usr/lib/jvm/java-1.7.0-openjdk-1.7.0.9.x86_64/jre/lib/amd64/libverify.so
7f51d3c8c000-7f51d3e8b000 ---p 0000d000 08:05 281808                     /usr/lib/jvm/java-1.7.0-openjdk-1.7.0.9.x86_64/jre/lib/amd64/libverify.so
7f51d3e8b000-7f51d3e8d000 rw-p 0000c000 08:05 281808                     /usr/lib/jvm/java-1.7.0-openjdk-1.7.0.9.x86_64/jre/lib/amd64/libverify.so
7f51d3e8d000-7f51d3e90000 ---p 00000000 00:00 0 
7f51d3e90000-7f51d3f8e000 rw-p 00000000 00:00 0                          [stack:3508]
7f51d3f8e000-7f51d4990000 r-xp 00000000 08:05 281815                     /usr/lib/jvm/java-1.7.0-openjdk-1.7.0.9.x86_64/jre/lib/amd64/server/libjvm.so
7f51d4990000-7f51d4b8f000 ---p 00a02000 08:05 281815                     /usr/lib/jvm/java-1.7.0-openjdk-1.7.0.9.x86_64/jre/lib/amd64/server/libjvm.so
7f51d4b8f000-7f51d4c31000 rw-p 00a01000 08:05 281815                     /usr/lib/jvm/java-1.7.0-openjdk-1.7.0.9.x86_64/jre/lib/amd64/server/libjvm.so
7f51d4c31000-7f51d4c88000 rw-p 00000000 00:00 0 
7f51d4c88000-7f51d4c90000 rw-s 00000000 08:05 1706386                    /tmp/hsperfdata_cdesclau/3506
7f51d4c90000-7f51d4c91000 rw-p 00000000 00:00 0 
7f51d4c91000-7f51d4c92000 r--p 00000000 00:00 0 
7f51d4c92000-7f51d4c93000 rw-p 00000000 00:00 0 
7fffac24d000-7fffac26f000 rw-p 00000000 00:00 0                          [stack]
7fffac360000-7fffac361000 r-xp 00000000 00:00 0                          [vdso]
ffffffffff600000-ffffffffff601000 r-xp 00000000 00:00 0                  [vsyscall]

VM Arguments:
jvm_args: -Dclassworlds.conf=/usr/share/maven/bin/m2.conf -Dmaven.home=/usr/share/maven 
java_command: org.codehaus.plexus.classworlds.launcher.Launcher install
Launcher Type: SUN_STANDARD

Environment Variables:
JAVA_HOME=/usr/lib/jvm/java
PATH=/usr/lib64/qt-3.3/bin:/usr/lib64/ccache:/usr/local/bin:/usr/bin:/bin:/usr/local/sbin:/usr/sbin:/home/cdesclau/.local/bin:/home/cdesclau/bin:/home/cdesclau/.local/bin:/home/cdesclau/bin
USERNAME=cdesclau
LD_LIBRARY_PATH=/home/cdesclau/Work/v2/ZONE-extractor/ZONE-plugin-categorization_SVM/libs/
SHELL=/bin/bash
DISPLAY=:0

Signal Handlers:
SIGSEGV: [libjvm.so+0x85d280], sa_mask[0]=0x7ffbfeff, sa_flags=0x10000004
SIGBUS: [libjvm.so+0x85d280], sa_mask[0]=0x7ffbfeff, sa_flags=0x10000004
SIGFPE: [libjvm.so+0x6feab0], sa_mask[0]=0x7ffbfeff, sa_flags=0x10000004
SIGPIPE: [libjvm.so+0x6feab0], sa_mask[0]=0x7ffbfeff, sa_flags=0x10000004
SIGXFSZ: [libjvm.so+0x6feab0], sa_mask[0]=0x7ffbfeff, sa_flags=0x10000004
SIGILL: [libjvm.so+0x6feab0], sa_mask[0]=0x7ffbfeff, sa_flags=0x10000004
SIGUSR1: SIG_DFL, sa_mask[0]=0x00000000, sa_flags=0x00000000
SIGUSR2: [libjvm.so+0x6fece0], sa_mask[0]=0x00000000, sa_flags=0x10000004
SIGHUP: [libjvm.so+0x6fee20], sa_mask[0]=0x7ffbfeff, sa_flags=0x10000004
SIGINT: [libjvm.so+0x6fee20], sa_mask[0]=0x7ffbfeff, sa_flags=0x10000004
SIGTERM: [libjvm.so+0x6fee20], sa_mask[0]=0x7ffbfeff, sa_flags=0x10000004
SIGQUIT: [libjvm.so+0x6fee20], sa_mask[0]=0x7ffbfeff, sa_flags=0x10000004


---------------  S Y S T E M  ---------------

OS:Fedora release 17 (Beefy Miracle)

uname:Linux 3.6.11-1.fc17.x86_64 #1 SMP Mon Dec 17 22:16:35 UTC 2012 x86_64
libc:glibc 2.15 NPTL 2.15 
rlimit: STACK 8192k, CORE 0k, NPROC 1024, NOFILE 4096, AS infinity
load average:1.30 1.23 1.18

/proc/meminfo:
MemTotal:       16417956 kB
MemFree:          836860 kB
Buffers:          613048 kB
Cached:          4191624 kB
SwapCached:         2000 kB
Active:         10447284 kB
Inactive:        3838740 kB
Active(anon):    8116584 kB
Inactive(anon):  1423592 kB
Active(file):    2330700 kB
Inactive(file):  2415148 kB
Unevictable:          80 kB
Mlocked:              80 kB
SwapTotal:       4194300 kB
SwapFree:        4150984 kB
Dirty:               364 kB
Writeback:             0 kB
AnonPages:       9479484 kB
Mapped:           559112 kB
Shmem:             58820 kB
Slab:             970684 kB
SReclaimable:     913068 kB
SUnreclaim:        57616 kB
KernelStack:        6632 kB
PageTables:       103148 kB
NFS_Unstable:          0 kB
Bounce:                0 kB
WritebackTmp:          0 kB
CommitLimit:    12403276 kB
Committed_AS:   15459672 kB
VmallocTotal:   34359738367 kB
VmallocUsed:      161576 kB
VmallocChunk:   34359546364 kB
HardwareCorrupted:     0 kB
AnonHugePages:   4878336 kB
HugePages_Total:       0
HugePages_Free:        0
HugePages_Rsvd:        0
HugePages_Surp:        0
Hugepagesize:       2048 kB
DirectMap4k:      601748 kB
DirectMap2M:    16158720 kB


CPU:total 4 (4 cores per cpu, 2 threads per core) family 6 model 26 stepping 5, cmov, cx8, fxsr, mmx, sse, sse2, sse3, ssse3, sse4.1, sse4.2, popcnt, ht, tsc, tscinvbit, tscinv

/proc/cpuinfo:
processor	: 0
vendor_id	: GenuineIntel
cpu family	: 6
model		: 26
model name	: Intel(R) Xeon(R) CPU           W3550  @ 3.07GHz
stepping	: 5
microcode	: 0x11
cpu MHz		: 3060.000
cache size	: 8192 KB
physical id	: 0
siblings	: 4
core id		: 0
cpu cores	: 4
apicid		: 0
initial apicid	: 0
fpu		: yes
fpu_exception	: yes
cpuid level	: 11
wp		: yes
flags		: fpu vme de pse tsc msr pae mce cx8 apic sep mtrr pge mca cmov pat pse36 clflush dts acpi mmx fxsr sse sse2 ss ht tm pbe syscall nx rdtscp lm constant_tsc arch_perfmon pebs bts rep_good nopl xtopology nonstop_tsc aperfmperf pni dtes64 monitor ds_cpl vmx est tm2 ssse3 cx16 xtpr pdcm dca sse4_1 sse4_2 popcnt lahf_lm ida dtherm tpr_shadow vnmi flexpriority ept vpid
bogomips	: 6133.51
clflush size	: 64
cache_alignment	: 64
address sizes	: 36 bits physical, 48 bits virtual
power management:

processor	: 1
vendor_id	: GenuineIntel
cpu family	: 6
model		: 26
model name	: Intel(R) Xeon(R) CPU           W3550  @ 3.07GHz
stepping	: 5
microcode	: 0x11
cpu MHz		: 3060.000
cache size	: 8192 KB
physical id	: 0
siblings	: 4
core id		: 1
cpu cores	: 4
apicid		: 2
initial apicid	: 2
fpu		: yes
fpu_exception	: yes
cpuid level	: 11
wp		: yes
flags		: fpu vme de pse tsc msr pae mce cx8 apic sep mtrr pge mca cmov pat pse36 clflush dts acpi mmx fxsr sse sse2 ss ht tm pbe syscall nx rdtscp lm constant_tsc arch_perfmon pebs bts rep_good nopl xtopology nonstop_tsc aperfmperf pni dtes64 monitor ds_cpl vmx est tm2 ssse3 cx16 xtpr pdcm dca sse4_1 sse4_2 popcnt lahf_lm ida dtherm tpr_shadow vnmi flexpriority ept vpid
bogomips	: 6133.51
clflush size	: 64
cache_alignment	: 64
address sizes	: 36 bits physical, 48 bits virtual
power management:

processor	: 2
vendor_id	: GenuineIntel
cpu family	: 6
model		: 26
model name	: Intel(R) Xeon(R) CPU           W3550  @ 3.07GHz
stepping	: 5
microcode	: 0x11
cpu MHz		: 3060.000
cache size	: 8192 KB
physical id	: 0
siblings	: 4
core id		: 2
cpu cores	: 4
apicid		: 4
initial apicid	: 4
fpu		: yes
fpu_exception	: yes
cpuid level	: 11
wp		: yes
flags		: fpu vme de pse tsc msr pae mce cx8 apic sep mtrr pge mca cmov pat pse36 clflush dts acpi mmx fxsr sse sse2 ss ht tm pbe syscall nx rdtscp lm constant_tsc arch_perfmon pebs bts rep_good nopl xtopology nonstop_tsc aperfmperf pni dtes64 monitor ds_cpl vmx est tm2 ssse3 cx16 xtpr pdcm dca sse4_1 sse4_2 popcnt lahf_lm ida dtherm tpr_shadow vnmi flexpriority ept vpid
bogomips	: 6133.51
clflush size	: 64
cache_alignment	: 64
address sizes	: 36 bits physical, 48 bits virtual
power management:

processor	: 3
vendor_id	: GenuineIntel
cpu family	: 6
model		: 26
model name	: Intel(R) Xeon(R) CPU           W3550  @ 3.07GHz
stepping	: 5
microcode	: 0x11
cpu MHz		: 3060.000
cache size	: 8192 KB
physical id	: 0
siblings	: 4
core id		: 3
cpu cores	: 4
apicid		: 6
initial apicid	: 6
fpu		: yes
fpu_exception	: yes
cpuid level	: 11
wp		: yes
flags		: fpu vme de pse tsc msr pae mce cx8 apic sep mtrr pge mca cmov pat pse36 clflush dts acpi mmx fxsr sse sse2 ss ht tm pbe syscall nx rdtscp lm constant_tsc arch_perfmon pebs bts rep_good nopl xtopology nonstop_tsc aperfmperf pni dtes64 monitor ds_cpl vmx est tm2 ssse3 cx16 xtpr pdcm dca sse4_1 sse4_2 popcnt lahf_lm ida dtherm tpr_shadow vnmi flexpriority ept vpid
bogomips	: 6133.51
clflush size	: 64
cache_alignment	: 64
address sizes	: 36 bits physical, 48 bits virtual
power management:



Memory: 4k page, physical 16417956k(836860k free), swap 4194300k(4150984k free)

vm_info: OpenJDK 64-Bit Server VM (23.2-b09) for linux-amd64 JRE (1.7.0_09-icedtea-mockbuild_2013_01_14_23_04-b00), built on Jan 14 2013 23:11:23 by "mockbuild" with gcc 4.7.2 20120921 (Red Hat 4.7.2-2)

time: Mon Jan 21 11:13:18 2013
elapsed time: 3 seconds

